Removed Pin From Net: NetName=3V3 Pin=C52-2
Removed Pin From Net: NetName=GND Pin=DD2-2
Removed Pin From Net: NetName=GND Pin=DD2-3
Removed Pin From Net: NetName=GND Pin=DD2-4
Removed Pin From Net: NetName=I2C3_SDA Pin=DD2-5
Removed Pin From Net: NetName=I2C3_SCL Pin=DD2-6
Removed Pin From Net: NetName=GND Pin=DD2-7
Removed Pin From Net: NetName=3V3 Pin=DD2-8
Removed Pin From Net: NetName=LCD_SCL Pin=DD6-14
Removed Pin From Net: NetName=LCD_SDA Pin=DD6-15
Removed Pin From Net: NetName=3V3 Pin=DD6-16
Removed Pin From Net: NetName=GND Pin=DD8-3
Removed Pin From Net: NetName=GND Pin=DD8-4
Removed Pin From Net: NetName=I2C3_SDA Pin=DD8-5
Removed Pin From Net: NetName=I2C3_SCL Pin=DD8-6
Removed Pin From Net: NetName=GND Pin=DD8-7
Removed Pin From Net: NetName=3V3 Pin=DD8-8
Removed Pin From Net: NetName=3V3 Pin=R3-2
Removed Pin From Net: NetName=3V3 Pin=R17-1
Removed Pin From Net: NetName=3V3 Pin=R22-2
Removed Pin From Net: NetName=3V3 Pin=R67-2
Removed Pin From Net: NetName=3V3 Pin=R68-2
Removed Pin From Net: NetName=LCD_SDA Pin=R69-1
Removed Pin From Net: NetName=3V3 Pin=R69-2
Removed Pin From Net: NetName=LCD_SCL Pin=R70-1
Removed Pin From Net: NetName=3V3 Pin=R70-2
Removed Pin From Net: NetName=3V3 Pin=R71-2
Removed Pin From Net: NetName=3V3 Pin=R81-2
Removed Pin From Net: NetName=3V3 Pin=R82-2
Removed Pin From Net: NetName=3V3 Pin=XS14-2
Removed Pin From Net: NetName=3V3 Pin=XS14-15
Removed Member From Class: ClassName=EEPROM Member=DD2
Removed Member From Class: ClassName=EEPROM Member=DD8
Removed Member From Class: ClassName=USB Member=J1
Removed Member From Class: ClassName=EEPROM Member=R3
Removed Member From Class: ClassName=EEPROM Member=R81
Removed Member From Class: ClassName=EEPROM Member=R82
Change Component Comment : Designator=R36 Old Comment=2k New Comment=10k
Change Component Comment : Designator=R61 Old Comment=2k New Comment=10k
Added Component: Designator=C?(C0805C)
Add component (AddParameter): Name = "Published"; Value = "18.05.2010"; VariantName = "[No Variations]"
Add component (AddParameter): Name = "Publisher"; Value = "Andrew Danich"; VariantName = "[No Variations]"
Add component (AddParameter): Name = "Type"; Value = "Конденсатор"; VariantName = "[No Variations]"
Added Component: Designator=C?(C0805C)
Add component (AddParameter): Name = "Published"; Value = "18.05.2010"; VariantName = "[No Variations]"
Add component (AddParameter): Name = "Publisher"; Value = "Andrew Danich"; VariantName = "[No Variations]"
Add component (AddParameter): Name = "Type"; Value = "Конденсатор"; VariantName = "[No Variations]"
Added Component: Designator=DD?(SOT143B)
Add component (AddParameter): Name = "Availability"; Value = "Unavailable"; VariantName = "[No Variations]"
Add component (AddParameter): Name = "MF"; Value = ""; VariantName = "[No Variations]"
Add component (AddParameter): Name = "MP"; Value = "PRTR5V0U2X,215"; VariantName = "[No Variations]"
Add component (AddParameter): Name = "Package"; Value = "None"; VariantName = "[No Variations]"
Add component (AddParameter): Name = "Price"; Value = "None"; VariantName = "[No Variations]"
Add component (AddParameter): Name = "Value"; Value = ""; VariantName = "[No Variations]"
Added Component: Designator=DD?(SOP50P310X90-8N)
Add component (AddParameter): Name = "Arrow_Electronics-Purchase-URL"; Value = "https://snapeda.com/shop?store=Arrow+Electronics&id=39070"; VariantName = "[No Variations]"
Add component (AddParameter): Name = "Availability"; Value = "Good"; VariantName = "[No Variations]"
Add component (AddParameter): Name = "DigiKey-Purchase-URL"; Value = "https://snapeda.com/shop?store=DigiKey&id=39070"; VariantName = "[No Variations]"
Add component (AddParameter): Name = "MF"; Value = "Texas Instruments"; VariantName = "[No Variations]"
Add component (AddParameter): Name = "Mouser-Purchase-URL"; Value = "https://snapeda.com/shop?store=Mouser&id=39070"; VariantName = "[No Variations]"
Add component (AddParameter): Name = "MP"; Value = "PCA9306DCUT"; VariantName = "[No Variations]"
Add component (AddParameter): Name = "Package"; Value = "VSSOP-8 Texas Instruments"; VariantName = "[No Variations]"
Add component (AddParameter): Name = "Price"; Value = "None"; VariantName = "[No Variations]"
Add component (AddParameter): Name = "SnapEDA_Link"; Value = "https://www.snapeda.com/parts/PCA9306DCUT/Texas%20Instruments/view-part/39070/?ref=snap"; VariantName = "[No Variations]"
Add component (AddParameter): Name = "Texas_Instruments-Purchase-URL"; Value = "https://snapeda.com/shop?store=Texas+Instruments&id=39070"; VariantName = "[No Variations]"
Add component (AddParameter): Name = "Value"; Value = ""; VariantName = "[No Variations]"
Added Component: Designator=R?(C0805R)
Add component (AddParameter): Name = "Published"; Value = "24.03.2010"; VariantName = "[No Variations]"
Add component (AddParameter): Name = "Publisher"; Value = "Andrew Danich"; VariantName = "[No Variations]"
Add component (AddParameter): Name = "Type"; Value = "Резистор"; VariantName = "[No Variations]"
Added Component: Designator=R?(C0805R)
Add component (AddParameter): Name = "Published"; Value = "24.03.2010"; VariantName = "[No Variations]"
Add component (AddParameter): Name = "Publisher"; Value = "Andrew Danich"; VariantName = "[No Variations]"
Add component (AddParameter): Name = "Type"; Value = "Резистор"; VariantName = "[No Variations]"
Added Component: Designator=R?(C0805R)
Add component (AddParameter): Name = "Published"; Value = "24.03.2010"; VariantName = "[No Variations]"
Add component (AddParameter): Name = "Publisher"; Value = "Andrew Danich"; VariantName = "[No Variations]"
Add component (AddParameter): Name = "Type"; Value = "Резистор"; VariantName = "[No Variations]"
Added Component: Designator=R?(C0805R)
Add component (AddParameter): Name = "Published"; Value = "24.03.2010"; VariantName = "[No Variations]"
Add component (AddParameter): Name = "Publisher"; Value = "Andrew Danich"; VariantName = "[No Variations]"
Add component (AddParameter): Name = "Type"; Value = "Резистор"; VariantName = "[No Variations]"
Added Component: Designator=R?(C0805R)
Add component (AddParameter): Name = "Published"; Value = "24.03.2010"; VariantName = "[No Variations]"
Add component (AddParameter): Name = "Publisher"; Value = "Andrew Danich"; VariantName = "[No Variations]"
Add component (AddParameter): Name = "Type"; Value = "Резистор"; VariantName = "[No Variations]"
Added Component: Designator=XS?(SAMTEC_USB-B-S-X-X-TH)
Add component (AddParameter): Name = "Published"; Value = "11.04.2016"; VariantName = "[No Variations]"
Add component (AddParameter): Name = "Publisher"; Value = "Andrew Danich"; VariantName = "[No Variations]"
Add component (AddParameter): Name = "Type"; Value = "Розетка"; VariantName = "[No Variations]"
Added Pin To Net: NetName=5V Pin=C52-2
Added Pin To Net: NetName=GND Pin=C?-1
Added Pin To Net: NetName=GND Pin=C?-1
Added Pin To Net: NetName=3V3 Pin=C?-2
Added Pin To Net: NetName=5V Pin=DD6-16
Added Pin To Net: NetName=GND Pin=DD?-1
Added Pin To Net: NetName=GND Pin=DD?-1
Added Pin To Net: NetName=3V3 Pin=DD?-2
Added Pin To Net: NetName=LCD_SCL Pin=DD?-3
Added Pin To Net: NetName=LCD_SDA Pin=DD?-4
Added Pin To Net: NetName=5V Pin=R17-1
Added Pin To Net: NetName=5V Pin=R22-2
Added Pin To Net: NetName=5V Pin=R67-2
Added Pin To Net: NetName=5V Pin=R68-2
Added Pin To Net: NetName=5V Pin=R69-2
Added Pin To Net: NetName=5V Pin=R70-2
Added Pin To Net: NetName=5V Pin=R71-2
Added Pin To Net: NetName=LCD_SCL Pin=R?-1
Added Pin To Net: NetName=LCD_SDA Pin=R?-1
Added Pin To Net: NetName=NetDD9_32 Pin=R?-1
Added Pin To Net: NetName=NetDD9_33 Pin=R?-1
Added Pin To Net: NetName=3V3 Pin=R?-2
Added Pin To Net: NetName=3V3 Pin=R?-2
Added Pin To Net: NetName=5V Pin=R?-2
Added Pin To Net: NetName=5V Pin=XS14-2
Added Pin To Net: NetName=5V Pin=XS14-15
Added Pin To Net: NetName=GND Pin=XS?-4
Change Net Name : Old Net Name=NetDD3_1 New Net Name=FLASH_CS
Change Net Name : Old Net Name=NetDD3_2 New Net Name=FLASH_MISO
Change Net Name : Old Net Name=NetDD3_5 New Net Name=FLASH_MOSI
Change Net Name : Old Net Name=NetDD3_6 New Net Name=FLASH_CLK
Change Net Name : Old Net Name=NetR8_1 New Net Name=SWR_R
Change Net Name : Old Net Name=NetR13_1 New Net Name=SWR_F
Change Net Name : Old Net Name=NetR18_1 New Net Name=T_1
Change Net Name : Old Net Name=NetR19_1 New Net Name=T_2
Change Net Name : Old Net Name=NetR21_1 New Net Name=PWM_2
Added Pin To Net: NetName=BIAS Pin=DD9-26
Added Pin To Net: NetName=BIAS Pin=R29-2
Added Net: Name=BIAS
Added Pin To Net: NetName=NetC?_2 Pin=C?-2
Added Pin To Net: NetName=NetC?_2 Pin=DD?-4
Added Pin To Net: NetName=NetC?_2 Pin=XS?-1
Added Net: Name=NetC?_2
Added Pin To Net: NetName=NetDD6_14 Pin=DD6-14
Added Pin To Net: NetName=NetDD6_14 Pin=DD?-6
Added Pin To Net: NetName=NetDD6_14 Pin=R70-1
Added Net: Name=NetDD6_14
Added Pin To Net: NetName=NetDD6_15 Pin=DD6-15
Added Pin To Net: NetName=NetDD6_15 Pin=DD?-5
Added Pin To Net: NetName=NetDD6_15 Pin=R69-1
Added Net: Name=NetDD6_15
Added Pin To Net: NetName=NetDD9_20 Pin=DD9-20
Added Pin To Net: NetName=NetDD9_20 Pin=R37-2
Added Net: Name=NetDD9_20
Added Pin To Net: NetName=NetDD?_7 Pin=DD?-7
Added Pin To Net: NetName=NetDD?_7 Pin=DD?-8
Added Pin To Net: NetName=NetDD?_7 Pin=R?-1
Added Net: Name=NetDD?_7
Added Pin To Net: NetName=PTT_KSD Pin=DA5-4
Added Pin To Net: NetName=PTT_KSD Pin=DD9-29
Added Net: Name=PTT_KSD
Added Pin To Net: NetName=PTT Pin=DD9-28
Added Pin To Net: NetName=PTT Pin=R35-2
Added Net: Name=PTT
Added Pin To Net: NetName=PWM_1 Pin=DD9-10
Added Pin To Net: NetName=PWM_1 Pin=R20-1
Added Net: Name=PWM_1
Added Pin To Net: NetName=RELAY Pin=DD9-27
Added Pin To Net: NetName=RELAY Pin=R34-2
Added Net: Name=RELAY
Added Pin To Net: NetName=USB_D_N Pin=DD?-3
Added Pin To Net: NetName=USB_D_N Pin=R?-2
Added Pin To Net: NetName=USB_D_N Pin=XS?-2
Added Net: Name=USB_D_N
Added Pin To Net: NetName=USB_D_P Pin=DD?-2
Added Pin To Net: NetName=USB_D_P Pin=R?-2
Added Pin To Net: NetName=USB_D_P Pin=XS?-3
Added Net: Name=USB_D_P
Added Differential Pair: Name=USB_D
Added Member To Class: ClassName=EEPROM Member=Component C? 0.1 uF
Added Member To Class: ClassName=USB Member=Component C? 0.1 uF
Added Member To Class: ClassName=IIC_LCD Member=Component DD? PCA9306DCUT
Added Member To Class: ClassName=USB Member=Component DD? PRTR5V0U2X
Added Member To Class: ClassName=IIC_LCD Member=Component R? 200k
Added Member To Class: ClassName=IIC_LCD Member=Component R? 4k7
Added Member To Class: ClassName=IIC_LCD Member=Component R? 4k7
Added Member To Class: ClassName=USB Member=Component R? 10
Added Member To Class: ClassName=USB Member=Component R? 10
Added Member To Class: ClassName=USB Member=Component XS? USB
Added Room: Name=DIRECTIONAL_COUPLER
Added Room: Name=FAN_CTRL
Added Room: Name=FLASH
Added Room: Name=MCU_CORE
Added Room: Name=POWER_SUPPLY
Added Room: Name=SEQUENCER
Added Room: Name=USB
