Removed Pin From Net: NetName=+12V Pin=C18-1
Removed Pin From Net: NetName=GND Pin=C18-2
Removed Pin From Net: NetName=GND Pin=C19-2
Removed Pin From Net: NetName=GND Pin=C?-1
Removed Pin From Net: NetName=GND Pin=DD?-1
Remove Pin from Net: Failed to remove Pin
Remove Pin from Net: Failed to remove Pin
Removed Pin From Net: NetName=+12V Pin=R28-1
Removed Pin From Net: NetName=NetDA4_1 Pin=R29-1
Removed Pin From Net: NetName=BIAS Pin=R29-2
Removed Pin From Net: NetName=NetR28_2 Pin=R30-1
Removed Pin From Net: NetName=NetDA4_4 Pin=R30-2
Removed Pin From Net: NetName=+12V Pin=R31-2
Removed Pin From Net: NetName=NetDA5_1 Pin=R32-1
Removed Pin From Net: NetName=NetDA5_2 Pin=R33-2
Removed Pin From Net: NetName=NetDA6_1 Pin=R34-1
Removed Pin From Net: NetName=RELAY Pin=R34-2
Removed Pin From Net: NetName=NetDA7_1 Pin=R35-1
Removed Pin From Net: NetName=PTT Pin=R35-2
Removed Pin From Net: NetName=NetDA7_4 Pin=R36-2
Removed Pin From Net: NetName=NetDA6_4 Pin=R61-2
Remove Pin from Net: Failed to remove Pin
Remove Pin from Net: Failed to remove Pin
Removed Pin From Net: NetName=GND Pin=VD7-1
Removed Pin From Net: NetName=NetR28_2 Pin=VT1-1
Removed Pin From Net: NetName=NetVD8_1 Pin=VT2-2
Removed Pin From Net: NetName=GND Pin=XS13-2
Removed Pin From Net: NetName=NetL1_2 Pin=XS16-1
Removed Pin From Net: NetName=USB_D_N Pin=XS?-2
Removed Pin From Net: NetName=USB_D_P Pin=XS?-3
Removed Pin From Net: NetName=GND Pin=XS?-4
Removed Member From Class: ClassName=SEQUENCER Member=C18
Removed Member From Class: ClassName=SEQUENCER Member=C19
Removed Member From Class: ClassName=POWER_SUPPLY Member=C21
Removed Member From Class: ClassName=USB Member=C?
Removed Member From Class: ClassName=USB Member=DD?
Removed Member From Class: ClassName=SEQUENCER Member=R34
Removed Member From Class: ClassName=SEQUENCER Member=R35
Removed Member From Class: ClassName=SEQUENCER Member=R36
Removed Member From Class: ClassName=USB Member=R?
Removed Member From Class: ClassName=SEQUENCER Member=XS13
Removed Member From Class: ClassName=USB Member=XS?
Change Component Comment : Designator=VD7 Old Comment=1N4744A New Comment=1N4007
Change Component Comment : Designator=R29 Old Comment=2k New Comment=47k
Change Component Comment : Designator=R33 Old Comment=2k New Comment=470
Change Component Comment : Designator=R61 Old Comment=10k New Comment=2k
Change Component Comment : Designator=R28 Old Comment=100k New Comment=10k
Change Component Comment : Designator=R31 Old Comment=100k New Comment=10k
Change Component Comment : Designator=R32 Old Comment=470 New Comment=100k
Change Component Designator: OldDesignator=C5 NewDesignator=C4
Change Component Designator: OldDesignator=C6 NewDesignator=C7
Change Component Designator: OldDesignator=C7 NewDesignator=C11
Change Component Designator: OldDesignator=C8 NewDesignator=C12
Change Component Designator: OldDesignator=C9 NewDesignator=C13
Change Component Designator: OldDesignator=C10 NewDesignator=C8
Change Component Designator: OldDesignator=C11 NewDesignator=C14
Change Component Designator: OldDesignator=C12 NewDesignator=C15
Change Component Designator: OldDesignator=C13 NewDesignator=C16
Change Component Designator: OldDesignator=C14 NewDesignator=C17
Change Component Designator: OldDesignator=C15 NewDesignator=C18
Change Component Designator: OldDesignator=C16 NewDesignator=C19
Change Component Designator: OldDesignator=C17 NewDesignator=C20
Change Component Designator: OldDesignator=C20 NewDesignator=C9
Change Component Designator: OldDesignator=C21 NewDesignator=C10
Change Component Designator: OldDesignator=C34 NewDesignator=C24
Change Component Designator: OldDesignator=C35 NewDesignator=C23
Change Component Designator: OldDesignator=C37 NewDesignator=C5
Change Component Designator: OldDesignator=C38 NewDesignator=C25
Change Component Designator: OldDesignator=C41 NewDesignator=C26
Change Component Designator: OldDesignator=C42 NewDesignator=C27
Change Component Designator: OldDesignator=C43 NewDesignator=C28
Change Component Designator: OldDesignator=C44 NewDesignator=C29
Change Component Designator: OldDesignator=C45 NewDesignator=C30
Change Component Designator: OldDesignator=C52 NewDesignator=C31
Change Component Designator: OldDesignator=C? NewDesignator=C32
Change Component Designator: OldDesignator=DA2 NewDesignator=DA1
Change Component Designator: OldDesignator=DA3 NewDesignator=DA2
Change Component Designator: OldDesignator=DD1 NewDesignator=DD3
Change Component Designator: OldDesignator=DD3 NewDesignator=DD4
Change Component Designator: OldDesignator=DD4 NewDesignator=DD1
Change Component Designator: OldDesignator=DD5 NewDesignator=DD2
Change Component Designator: OldDesignator=DD7 NewDesignator=DD8
Change Component Designator: OldDesignator=DD9 NewDesignator=DD5
Change Component Designator: OldDesignator=DD? NewDesignator=DD7
Change Component Designator: OldDesignator=R4 NewDesignator=R48
Change Component Designator: OldDesignator=R5 NewDesignator=R3
Change Component Designator: OldDesignator=R6 NewDesignator=R4
Change Component Designator: OldDesignator=R7 NewDesignator=R5
Change Component Designator: OldDesignator=R8 NewDesignator=R6
Change Component Designator: OldDesignator=R9 NewDesignator=R7
Change Component Designator: OldDesignator=R10 NewDesignator=R8
Change Component Designator: OldDesignator=R11 NewDesignator=R9
Change Component Designator: OldDesignator=R12 NewDesignator=R10
Change Component Designator: OldDesignator=R13 NewDesignator=R11
Change Component Designator: OldDesignator=R14 NewDesignator=R12
Change Component Designator: OldDesignator=R15 NewDesignator=R13
Change Component Designator: OldDesignator=R16 NewDesignator=R14
Change Component Designator: OldDesignator=R17 NewDesignator=R38
Change Component Designator: OldDesignator=R18 NewDesignator=R15
Change Component Designator: OldDesignator=R19 NewDesignator=R16
Change Component Designator: OldDesignator=R20 NewDesignator=R17
Change Component Designator: OldDesignator=R21 NewDesignator=R18
Change Component Designator: OldDesignator=R22 NewDesignator=R39
Change Component Designator: OldDesignator=R23 NewDesignator=R19
Change Component Designator: OldDesignator=R24 NewDesignator=R20
Change Component Designator: OldDesignator=R25 NewDesignator=R21
Change Component Designator: OldDesignator=R26 NewDesignator=R22
Change Component Designator: OldDesignator=R27 NewDesignator=R23
Change Component Designator: OldDesignator=R37 NewDesignator=R34
Change Component Designator: OldDesignator=R63 NewDesignator=R37
Change Component Designator: OldDesignator=R64 NewDesignator=R36
Change Component Designator: OldDesignator=R65 NewDesignator=R35
Change Component Designator: OldDesignator=R67 NewDesignator=R40
Change Component Designator: OldDesignator=R68 NewDesignator=R41
Change Component Designator: OldDesignator=R69 NewDesignator=R42
Change Component Designator: OldDesignator=R70 NewDesignator=R43
Change Component Designator: OldDesignator=R71 NewDesignator=R47
Change Component Designator: OldDesignator=R77 NewDesignator=R49
Change Component Designator: OldDesignator=R78 NewDesignator=R50
Change Component Designator: OldDesignator=R79 NewDesignator=R51
Change Component Designator: OldDesignator=R80 NewDesignator=R52
Change Component Designator: OldDesignator=R? NewDesignator=R44
Change Component Designator: OldDesignator=R? NewDesignator=R45
Change Component Designator: OldDesignator=R? NewDesignator=R46
Change Component Designator: OldDesignator=VD6 NewDesignator=VD1
Change Component Designator: OldDesignator=VD10 NewDesignator=VD3
Change Component Designator: OldDesignator=XS6 NewDesignator=XS3
Change Component Designator: OldDesignator=XS7 NewDesignator=XS4
Change Component Designator: OldDesignator=XS8 NewDesignator=XS5
Change Component Designator: OldDesignator=XS9 NewDesignator=XS6
Change Component Designator: OldDesignator=XS10 NewDesignator=XS7
Change Component Designator: OldDesignator=XS11 NewDesignator=XS8
Change Component Designator: OldDesignator=XS12 NewDesignator=XS9
Change Component Designator: OldDesignator=XS15 NewDesignator=XS10
Change Component Designator: OldDesignator=XS18 NewDesignator=XS13
Change component parameters: Designator = "VD7" ("VD7"); Footprint = "DO-41"; UniqueID = "\YVDGCUMU" ("\YVDGCUMU")
Change component parameters (AddParameter): Name = "Published"; Value = "18.05.2010"; VariantName = "[No Variations]"
Change component parameters (AddParameter): Name = "Publisher"; Value = "Andrew Danich"; VariantName = "[No Variations]"
Change component parameters (AddParameter): Name = "Type"; Value = "Диод"; VariantName = "[No Variations]"
Added Component: Designator=C21(TECAP_A)
Add component (AddParameter): Name = "Published"; Value = "20.08.2010"; VariantName = "[No Variations]"
Add component (AddParameter): Name = "Publisher"; Value = "Andrew Danich"; VariantName = "[No Variations]"
Add component (AddParameter): Name = "Type"; Value = "Конденсатор"; VariantName = "[No Variations]"
Added Component: Designator=C22(C0805C)
Add component (AddParameter): Name = "Published"; Value = "18.05.2010"; VariantName = "[No Variations]"
Add component (AddParameter): Name = "Publisher"; Value = "Andrew Danich"; VariantName = "[No Variations]"
Add component (AddParameter): Name = "Type"; Value = "Конденсатор"; VariantName = "[No Variations]"
Added Component: Designator=C33(C0805C)
Add component (AddParameter): Name = "Published"; Value = "18.05.2010"; VariantName = "[No Variations]"
Add component (AddParameter): Name = "Publisher"; Value = "Andrew Danich"; VariantName = "[No Variations]"
Add component (AddParameter): Name = "Type"; Value = "Конденсатор"; VariantName = "[No Variations]"
Added Component: Designator=DA3(DIP-4)
Add component (AddParameter): Name = "Published"; Value = "09.01.2017"; VariantName = "[No Variations]"
Add component (AddParameter): Name = "Publisher"; Value = "Andrew Danich"; VariantName = "[No Variations]"
Add component (AddParameter): Name = "Type"; Value = "Микросхема"; VariantName = "[No Variations]"
Added Component: Designator=DD9(SOT143B)
Add component (AddParameter): Name = "Availability"; Value = "Unavailable"; VariantName = "[No Variations]"
Add component (AddParameter): Name = "MF"; Value = ""; VariantName = "[No Variations]"
Add component (AddParameter): Name = "MP"; Value = "PRTR5V0U2X,215"; VariantName = "[No Variations]"
Add component (AddParameter): Name = "Package"; Value = "None"; VariantName = "[No Variations]"
Add component (AddParameter): Name = "Price"; Value = "None"; VariantName = "[No Variations]"
Add component (AddParameter): Name = "Value"; Value = ""; VariantName = "[No Variations]"
Added Component: Designator=R24(AXIAL-0.6)
Add component (AddParameter): Name = "Published"; Value = "24.03.2010"; VariantName = "[No Variations]"
Add component (AddParameter): Name = "Publisher"; Value = "Andrew Danich"; VariantName = "[No Variations]"
Add component (AddParameter): Name = "Type"; Value = "Резистор"; VariantName = "[No Variations]"
Added Component: Designator=R25(AXIAL-0.6)
Add component (AddParameter): Name = "Published"; Value = "24.03.2010"; VariantName = "[No Variations]"
Add component (AddParameter): Name = "Publisher"; Value = "Andrew Danich"; VariantName = "[No Variations]"
Add component (AddParameter): Name = "Type"; Value = "Резистор"; VariantName = "[No Variations]"
Added Component: Designator=R26(AXIAL-0.6)
Add component (AddParameter): Name = "Published"; Value = "24.03.2010"; VariantName = "[No Variations]"
Add component (AddParameter): Name = "Publisher"; Value = "Andrew Danich"; VariantName = "[No Variations]"
Add component (AddParameter): Name = "Type"; Value = "Резистор"; VariantName = "[No Variations]"
Added Component: Designator=R27(AXIAL-0.6)
Add component (AddParameter): Name = "Published"; Value = "24.03.2010"; VariantName = "[No Variations]"
Add component (AddParameter): Name = "Publisher"; Value = "Andrew Danich"; VariantName = "[No Variations]"
Add component (AddParameter): Name = "Type"; Value = "Резистор"; VariantName = "[No Variations]"
Added Component: Designator=R53(C0805R)
Add component (AddParameter): Name = "Published"; Value = "24.03.2010"; VariantName = "[No Variations]"
Add component (AddParameter): Name = "Publisher"; Value = "Andrew Danich"; VariantName = "[No Variations]"
Add component (AddParameter): Name = "Type"; Value = "Резистор"; VariantName = "[No Variations]"
Added Component: Designator=R54(C0805R)
Add component (AddParameter): Name = "Published"; Value = "24.03.2010"; VariantName = "[No Variations]"
Add component (AddParameter): Name = "Publisher"; Value = "Andrew Danich"; VariantName = "[No Variations]"
Add component (AddParameter): Name = "Type"; Value = "Резистор"; VariantName = "[No Variations]"
Added Component: Designator=R55(AXIAL-0.6)
Add component (AddParameter): Name = "Published"; Value = "24.03.2010"; VariantName = "[No Variations]"
Add component (AddParameter): Name = "Publisher"; Value = "Andrew Danich"; VariantName = "[No Variations]"
Add component (AddParameter): Name = "Type"; Value = "Резистор"; VariantName = "[No Variations]"
Added Component: Designator=R56(AXIAL-0.6)
Add component (AddParameter): Name = "Published"; Value = "24.03.2010"; VariantName = "[No Variations]"
Add component (AddParameter): Name = "Publisher"; Value = "Andrew Danich"; VariantName = "[No Variations]"
Add component (AddParameter): Name = "Type"; Value = "Резистор"; VariantName = "[No Variations]"
Added Component: Designator=R57(AXIAL-0.6)
Add component (AddParameter): Name = "Published"; Value = "24.03.2010"; VariantName = "[No Variations]"
Add component (AddParameter): Name = "Publisher"; Value = "Andrew Danich"; VariantName = "[No Variations]"
Add component (AddParameter): Name = "Type"; Value = "Резистор"; VariantName = "[No Variations]"
Added Component: Designator=R58(AXIAL-0.6)
Add component (AddParameter): Name = "Published"; Value = "24.03.2010"; VariantName = "[No Variations]"
Add component (AddParameter): Name = "Publisher"; Value = "Andrew Danich"; VariantName = "[No Variations]"
Add component (AddParameter): Name = "Type"; Value = "Резистор"; VariantName = "[No Variations]"
Added Component: Designator=R59(AXIAL-0.6)
Add component (AddParameter): Name = "Published"; Value = "24.03.2010"; VariantName = "[No Variations]"
Add component (AddParameter): Name = "Publisher"; Value = "Andrew Danich"; VariantName = "[No Variations]"
Add component (AddParameter): Name = "Type"; Value = "Резистор"; VariantName = "[No Variations]"
Added Component: Designator=R60(AXIAL-0.6)
Add component (AddParameter): Name = "Published"; Value = "24.03.2010"; VariantName = "[No Variations]"
Add component (AddParameter): Name = "Publisher"; Value = "Andrew Danich"; VariantName = "[No Variations]"
Add component (AddParameter): Name = "Type"; Value = "Резистор"; VariantName = "[No Variations]"
Added Component: Designator=R62(AXIAL-0.6)
Add component (AddParameter): Name = "Published"; Value = "24.03.2010"; VariantName = "[No Variations]"
Add component (AddParameter): Name = "Publisher"; Value = "Andrew Danich"; VariantName = "[No Variations]"
Add component (AddParameter): Name = "Type"; Value = "Резистор"; VariantName = "[No Variations]"
Added Component: Designator=R63(AXIAL-0.6)
Add component (AddParameter): Name = "Published"; Value = "24.03.2010"; VariantName = "[No Variations]"
Add component (AddParameter): Name = "Publisher"; Value = "Andrew Danich"; VariantName = "[No Variations]"
Add component (AddParameter): Name = "Type"; Value = "Резистор"; VariantName = "[No Variations]"
Added Component: Designator=VD6(DO-41)
Add component (AddParameter): Name = "Published"; Value = "20.05.2013"; VariantName = "[No Variations]"
Add component (AddParameter): Name = "Publisher"; Value = "Andrew Danich"; VariantName = "[No Variations]"
Add component (AddParameter): Name = "Type"; Value = "Стабилитрон"; VariantName = "[No Variations]"
Added Component: Designator=VD9(DO-41)
Add component (AddParameter): Name = "Published"; Value = "18.05.2010"; VariantName = "[No Variations]"
Add component (AddParameter): Name = "Publisher"; Value = "Andrew Danich"; VariantName = "[No Variations]"
Add component (AddParameter): Name = "Type"; Value = "Диод"; VariantName = "[No Variations]"
Added Component: Designator=VT4(TO-126)
Add component (AddParameter): Name = "Published"; Value = "07.05.2013"; VariantName = "[No Variations]"
Add component (AddParameter): Name = "Publisher"; Value = "Andrew Danich"; VariantName = "[No Variations]"
Add component (AddParameter): Name = "Type"; Value = "Транзистор"; VariantName = "[No Variations]"
Added Component: Designator=VT5(TO-92-A)
Add component (AddParameter): Name = "Published"; Value = "07.05.2013"; VariantName = "[No Variations]"
Add component (AddParameter): Name = "Publisher"; Value = "Andrew Danich"; VariantName = "[No Variations]"
Add component (AddParameter): Name = "Type"; Value = "Транзистор"; VariantName = "[No Variations]"
Added Component: Designator=VT6(TO-126)
Add component (AddParameter): Name = "Published"; Value = "07.05.2013"; VariantName = "[No Variations]"
Add component (AddParameter): Name = "Publisher"; Value = "Andrew Danich"; VariantName = "[No Variations]"
Add component (AddParameter): Name = "Type"; Value = "Транзистор"; VariantName = "[No Variations]"
Added Component: Designator=VT7(TO-92-A)
Add component (AddParameter): Name = "Published"; Value = "07.05.2013"; VariantName = "[No Variations]"
Add component (AddParameter): Name = "Publisher"; Value = "Andrew Danich"; VariantName = "[No Variations]"
Add component (AddParameter): Name = "Type"; Value = "Транзистор"; VariantName = "[No Variations]"
Added Component: Designator=XS11(WF-2)
Add component (AddParameter): Name = "Published"; Value = "07.03.2013"; VariantName = "[No Variations]"
Add component (AddParameter): Name = "Publisher"; Value = "Andrew Danich"; VariantName = "[No Variations]"
Add component (AddParameter): Name = "Specification"; Value = ""; VariantName = "[No Variations]"
Add component (AddParameter): Name = "Type"; Value = "Розетка"; VariantName = "[No Variations]"
Add component (AddParameter): Name = "Value"; Value = "Connector"; VariantName = "[No Variations]"
Added Component: Designator=XS12(WF-5)
Add component (AddParameter): Name = "Published"; Value = "07.03.2013"; VariantName = "[No Variations]"
Add component (AddParameter): Name = "Publisher"; Value = "Andrew Danich"; VariantName = "[No Variations]"
Add component (AddParameter): Name = "Specification"; Value = ""; VariantName = "[No Variations]"
Add component (AddParameter): Name = "Type"; Value = "Розетка"; VariantName = "[No Variations]"
Add component (AddParameter): Name = "Value"; Value = "Connector"; VariantName = "[No Variations]"
Added Component: Designator=XS15(SAMTEC_USB-B-S-X-X-TH)
Add component (AddParameter): Name = "Published"; Value = "11.04.2016"; VariantName = "[No Variations]"
Add component (AddParameter): Name = "Publisher"; Value = "Andrew Danich"; VariantName = "[No Variations]"
Add component (AddParameter): Name = "Type"; Value = "Розетка"; VariantName = "[No Variations]"
Added Component: Designator=XS17(WF-2)
Add component (AddParameter): Name = "Published"; Value = "07.03.2013"; VariantName = "[No Variations]"
Add component (AddParameter): Name = "Publisher"; Value = "Andrew Danich"; VariantName = "[No Variations]"
Add component (AddParameter): Name = "Specification"; Value = ""; VariantName = "[No Variations]"
Add component (AddParameter): Name = "Type"; Value = "Розетка"; VariantName = "[No Variations]"
Add component (AddParameter): Name = "Value"; Value = "Connector"; VariantName = "[No Variations]"
Added Component: Designator=XS18(WF-2)
Add component (AddParameter): Name = "Published"; Value = "07.03.2013"; VariantName = "[No Variations]"
Add component (AddParameter): Name = "Publisher"; Value = "Andrew Danich"; VariantName = "[No Variations]"
Add component (AddParameter): Name = "Specification"; Value = ""; VariantName = "[No Variations]"
Add component (AddParameter): Name = "Type"; Value = "Розетка"; VariantName = "[No Variations]"
Add component (AddParameter): Name = "Value"; Value = "Connector"; VariantName = "[No Variations]"
Add Pin To Net: Unknown Pin: Pin C1-1
Add Pin To Net: Unknown Pin: Pin C1-2
Add Pin To Net: Unknown Pin: Pin C6-1
Add Pin To Net: Unknown Pin: Pin C6-2
Added Pin To Net: NetName=+12V Pin=C21-1
Added Pin To Net: NetName=GND Pin=C21-2
Added Pin To Net: NetName=GND Pin=C22-2
Added Pin To Net: NetName=GND Pin=C33-1
Added Pin To Net: NetName=GND Pin=DA3-2
Added Pin To Net: NetName=GND Pin=DA3-3
Added Pin To Net: NetName=GND Pin=DD9-1
Added Pin To Net: NetName=USB_D_P Pin=DD9-2
Added Pin To Net: NetName=USB_D_N Pin=DD9-3
Added Pin To Net: NetName=+12V Pin=R24-1
Added Pin To Net: NetName=+12V Pin=R25-2
Added Pin To Net: NetName=BIAS Pin=R26-2
Added Pin To Net: NetName=NetL1_2 Pin=R28-1
Added Pin To Net: NetName=NetDA4_1 Pin=R30-1
Added Pin To Net: NetName=RELAY Pin=R30-2
Added Pin To Net: NetName=NetDA4_4 Pin=R31-2
Added Pin To Net: NetName=NetDA5_1 Pin=R33-1
Added Pin To Net: NetName=+12V Pin=R33-2
Added Pin To Net: NetName=USB_D_N Pin=R53-2
Added Pin To Net: NetName=USB_D_P Pin=R54-2
Added Pin To Net: NetName=NetDA5_2 Pin=R56-2
Added Pin To Net: NetName=NetDA6_1 Pin=R57-1
Added Pin To Net: NetName=PTT Pin=R57-2
Added Pin To Net: NetName=NetDA6_4 Pin=R58-2
Added Pin To Net: NetName=+12V Pin=R59-1
Added Pin To Net: NetName=NetDA7_1 Pin=R60-1
Added Pin To Net: NetName=NetDA7_4 Pin=R61-2
Added Pin To Net: NetName=GND Pin=R63-2
Added Pin To Net: NetName=GND Pin=VD6-1
Added Pin To Net: NetName=GND Pin=VD7-2
Added Pin To Net: NetName=GND Pin=VD9-2
Added Pin To Net: NetName=NetR28_2 Pin=VT2-1
Added Pin To Net: NetName=NetVD8_1 Pin=VT5-2
Added Pin To Net: NetName=GND Pin=VT5-3
Added Pin To Net: NetName=+12V Pin=VT7-3
Added Pin To Net: NetName=NetL1_2 Pin=XS11-1
Added Pin To Net: NetName=GND Pin=XS11-2
Added Pin To Net: NetName=GND Pin=XS12-2
Added Pin To Net: NetName=GND Pin=XS12-4
Added Pin To Net: NetName=GND Pin=XS12-5
Added Pin To Net: NetName=USB_D_N Pin=XS15-2
Added Pin To Net: NetName=USB_D_P Pin=XS15-3
Added Pin To Net: NetName=GND Pin=XS15-4
Added Pin To Net: NetName=GND Pin=XS16-4
Added Pin To Net: NetName=GND Pin=XS16-5
Added Pin To Net: NetName=GND Pin=XS17-2
Added Pin To Net: NetName=GND Pin=XS18-2
Change Net Name : Old Net Name=NetC12_2 New Net Name=NetC15_2
Change Net Name : Old Net Name=NetC13_2 New Net Name=NetC16_2
Change Net Name : Old Net Name=NetC14_2 New Net Name=NetC17_2
Change Net Name : Old Net Name=NetC15_2 New Net Name=NetC18_2
Change Net Name : Old Net Name=NetC16_2 New Net Name=NetC19_2
Change Net Name : Old Net Name=NetC17_2 New Net Name=NetC20_2
Change Net Name : Old Net Name=NetC34_2 New Net Name=NetC24_2
Change Net Name : Old Net Name=NetC35_2 New Net Name=NetC23_2
Change Net Name : Old Net Name=NetDA3_3 New Net Name=NetDA2_3
Change Net Name : Old Net Name=NetDA3_6 New Net Name=NetDA2_6
Change Net Name : Old Net Name=NetDA3_8 New Net Name=NetDA2_8
Change Net Name : Old Net Name=NetDA3_12 New Net Name=NetDA2_12
Change Net Name : Old Net Name=NetDD1_6 New Net Name=NetDD3_6
Change Net Name : Old Net Name=NetDD1_7 New Net Name=NetDD3_7
Change Net Name : Old Net Name=NetDD1_8 New Net Name=NetDD3_8
Change Net Name : Old Net Name=NetDD7_1 New Net Name=NetDD8_1
Change Net Name : Old Net Name=NetDD7_2 New Net Name=NetDD8_2
Change Net Name : Old Net Name=NetDD7_3 New Net Name=NetDD8_3
Change Net Name : Old Net Name=NetDD9_20 New Net Name=NetDD5_20
Change Net Name : Old Net Name=NetDD9_44 New Net Name=NetDD5_44
Change Net Name : Old Net Name=NetDD?_7 New Net Name=NetDD7_7
Change Net Name : Old Net Name=NetR7_1 New Net Name=NetR5_1
Change Net Name : Old Net Name=NetR9_3 New Net Name=NetR7_3
Change Net Name : Old Net Name=NetR12_1 New Net Name=NetR10_1
Change Net Name : Old Net Name=NetR14_3 New Net Name=NetR12_3
Change Net Name : Old Net Name=NetR17_2 New Net Name=NetR38_2
Change Net Name : Old Net Name=NetR20_2 New Net Name=NetR17_2
Change Net Name : Old Net Name=NetR21_2 New Net Name=NetR18_2
Change Net Name : Old Net Name=NetR37_1 New Net Name=NetR34_1
Change Net Name : Old Net Name=NetR64_1 New Net Name=NetR36_1
Added Pin To Net: NetName=+18V Pin=R29-1
Added Pin To Net: NetName=+18V Pin=R55-1
Added Pin To Net: NetName=+18V Pin=VT4-3
Added Pin To Net: NetName=+18V Pin=VT6-3
Added Net: Name=+18V
Added Pin To Net: NetName=NetC22_1 Pin=C22-1
Added Pin To Net: NetName=NetC22_1 Pin=L1-1
Added Pin To Net: NetName=NetC22_1 Pin=VD6-2
Added Pin To Net: NetName=NetC22_1 Pin=VT1-2
Added Net: Name=NetC22_1
Added Pin To Net: NetName=NetC33_2 Pin=C33-2
Added Pin To Net: NetName=NetC33_2 Pin=DD9-4
Added Pin To Net: NetName=NetC33_2 Pin=XS15-1
Added Net: Name=NetC33_2
Added Pin To Net: NetName=NetDA3_1 Pin=DA3-1
Added Pin To Net: NetName=NetDA3_1 Pin=R26-1
Added Net: Name=NetDA3_1
Added Pin To Net: NetName=NetDA3_4 Pin=DA3-4
Added Pin To Net: NetName=NetDA3_4 Pin=R27-2
Added Net: Name=NetDA3_4
Added Pin To Net: NetName=NetDD5_31 Pin=DD5-31
Added Pin To Net: NetName=NetDD5_31 Pin=R60-2
Added Net: Name=NetDD5_31
Added Pin To Net: NetName=NetDD5_32 Pin=DD5-32
Added Pin To Net: NetName=NetDD5_32 Pin=R53-1
Added Net: Name=NetDD5_32
Added Pin To Net: NetName=NetDD5_33 Pin=DD5-33
Added Pin To Net: NetName=NetDD5_33 Pin=R54-1
Added Net: Name=NetDD5_33
Added Pin To Net: NetName=NetR24_2 Pin=R24-2
Added Pin To Net: NetName=NetR24_2 Pin=R27-1
Added Pin To Net: NetName=NetR24_2 Pin=VT1-1
Added Net: Name=NetR24_2
Added Pin To Net: NetName=NetR25_1 Pin=R25-1
Added Pin To Net: NetName=NetR25_1 Pin=VT2-2
Added Pin To Net: NetName=NetR25_1 Pin=XS16-1
Added Net: Name=NetR25_1
Added Pin To Net: NetName=NetR29_2 Pin=R29-2
Added Pin To Net: NetName=NetR29_2 Pin=R31-1
Added Pin To Net: NetName=NetR29_2 Pin=VT4-1
Added Net: Name=NetR29_2
Added Pin To Net: NetName=NetR32_1 Pin=R32-1
Added Pin To Net: NetName=NetR32_1 Pin=VT5-1
Added Pin To Net: NetName=NetR32_1 Pin=XS17-1
Added Net: Name=NetR32_1
Added Pin To Net: NetName=NetR55_2 Pin=R55-2
Added Pin To Net: NetName=NetR55_2 Pin=R58-1
Added Pin To Net: NetName=NetR55_2 Pin=VT6-1
Added Net: Name=NetR55_2
Added Pin To Net: NetName=NetR56_1 Pin=R56-1
Added Pin To Net: NetName=NetR56_1 Pin=XS16-2
Added Net: Name=NetR56_1
Added Pin To Net: NetName=NetR59_2 Pin=R59-2
Added Pin To Net: NetName=NetR59_2 Pin=R61-1
Added Pin To Net: NetName=NetR59_2 Pin=VT7-1
Added Net: Name=NetR59_2
Added Pin To Net: NetName=NetR62_1 Pin=R62-1
Added Pin To Net: NetName=NetR62_1 Pin=R63-1
Added Pin To Net: NetName=NetR62_1 Pin=XS18-1
Added Net: Name=NetR62_1
Added Pin To Net: NetName=NetR62_2 Pin=R62-2
Added Pin To Net: NetName=NetR62_2 Pin=VT7-2
Added Net: Name=NetR62_2
Added Pin To Net: NetName=NetVD7_1 Pin=VD7-1
Added Pin To Net: NetName=NetVD7_1 Pin=VT4-2
Added Pin To Net: NetName=NetVD7_1 Pin=XS12-1
Added Net: Name=NetVD7_1
Added Pin To Net: NetName=NetVD9_1 Pin=VD9-1
Added Pin To Net: NetName=NetVD9_1 Pin=VT6-2
Added Pin To Net: NetName=NetVD9_1 Pin=XS12-3
Added Net: Name=NetVD9_1
Change Class Name : Old Net Name=SEQUENCER New Net Name=SEQ
Add Class Member: Failed to add class member : Component C1 10uFx10V
Added Member To Class: ClassName=POWER_SUPPLY Member=Component C11 0.33 uF
Added Member To Class: ClassName=POWER_SUPPLY Member=Component C12 0.1 uF
Added Member To Class: ClassName=SEQ Member=Component C21 10uFx25V
Added Member To Class: ClassName=SEQ Member=Component C22 0.1uF
Added Member To Class: ClassName=USB Member=Component C33 0.1 uF
Added Member To Class: ClassName=SEQ Member=Component DA3 TLP627
Added Member To Class: ClassName=USB Member=Component DD9 PRTR5V0U2X
Added Member To Class: ClassName=SEQ Member=Component R24 100k
Added Member To Class: ClassName=SEQ Member=Component R25 10k
Added Member To Class: ClassName=SEQ Member=Component R26 2k
Added Member To Class: ClassName=SEQ Member=Component R27 2k
Added Member To Class: ClassName=IIC_LCD Member=Component R44 4k7
Added Member To Class: ClassName=IIC_LCD Member=Component R46 200k
Added Member To Class: ClassName=USB Member=Component R53 10
Added Member To Class: ClassName=USB Member=Component R54 10
Added Member To Class: ClassName=SEQ Member=Component R55 47k
Added Member To Class: ClassName=SEQ Member=Component R56 2k
Added Member To Class: ClassName=SEQ Member=Component R57 2k
Added Member To Class: ClassName=SEQ Member=Component R58 10k
Added Member To Class: ClassName=SEQ Member=Component R59 100k
Added Member To Class: ClassName=SEQ Member=Component R60 2k
Added Member To Class: ClassName=SEQ Member=Component R62 10k
Added Member To Class: ClassName=SEQ Member=Component R63 100k
Added Member To Class: ClassName=SEQ Member=Component VD6 1N4744A
Added Member To Class: ClassName=SEQ Member=Component VD9 1N4007
Added Member To Class: ClassName=SEQ Member=Component VT4 КТ973А
Added Member To Class: ClassName=SEQ Member=Component VT5 2SC1815
Added Member To Class: ClassName=SEQ Member=Component VT6 КТ973А
Added Member To Class: ClassName=SEQ Member=Component VT7 2N3906
Added Member To Class: ClassName=SEQ Member=Component XS11 KSD
Added Member To Class: ClassName=SEQ Member=Component XS12 SEQ
Added Member To Class: ClassName=USB Member=Component XS15 USB
Added Member To Class: ClassName=SEQ Member=Component XS17 KSD
Added Member To Class: ClassName=SEQ Member=Component XS18 KSD
Added Room: Name=SEQ
