Removed Pin From Net: NetName=3V3 Pin=C4-1
Removed Pin From Net: NetName=GND Pin=C4-2
Removed Pin From Net: NetName=GND Pin=C6-1
Removed Pin From Net: NetName=3V3 Pin=C6-2
Removed Pin From Net: NetName=GND Pin=DA1-1
Removed Pin From Net: NetName=3V3 Pin=DA1-2
Removed Pin From Net: NetName=+12V Pin=DA1-3
Removed Pin From Net: NetName=3V3 Pin=DA1-4
Removed Member From Class: ClassName=POWER_SUPPLY Member=C4
Removed Member From Class: ClassName=POWER_SUPPLY Member=C6
Removed Member From Class: ClassName=POWER_SUPPLY Member=DA1
Added Component: Designator=C?(C0805C)
Add component (AddParameter): Name = "Published"; Value = "18.05.2010"; VariantName = "[No Variations]"
Add component (AddParameter): Name = "Publisher"; Value = "Andrew Danich"; VariantName = "[No Variations]"
Add component (AddParameter): Name = "Type"; Value = "Конденсатор"; VariantName = "[No Variations]"
Added Component: Designator=C?(TECAP_D)
Add component (AddParameter): Name = "Published"; Value = "20.08.2010"; VariantName = "[No Variations]"
Add component (AddParameter): Name = "Publisher"; Value = "Andrew Danich"; VariantName = "[No Variations]"
Add component (AddParameter): Name = "Type"; Value = "Конденсатор"; VariantName = "[No Variations]"
Added Component: Designator=C?(C0805C)
Add component (AddParameter): Name = "Published"; Value = "18.05.2010"; VariantName = "[No Variations]"
Add component (AddParameter): Name = "Publisher"; Value = "Andrew Danich"; VariantName = "[No Variations]"
Add component (AddParameter): Name = "Type"; Value = "Конденсатор"; VariantName = "[No Variations]"
Added Component: Designator=C?(C0805C)
Add component (AddParameter): Name = "Published"; Value = "18.05.2010"; VariantName = "[No Variations]"
Add component (AddParameter): Name = "Publisher"; Value = "Andrew Danich"; VariantName = "[No Variations]"
Add component (AddParameter): Name = "Type"; Value = "Конденсатор"; VariantName = "[No Variations]"
Added Component: Designator=DD?(SOT229P700X180-4N)
Add component (AddParameter): Name = "Availability"; Value = "Unavailable"; VariantName = "[No Variations]"
Add component (AddParameter): Name = "MF"; Value = "Advanced Monolithic Systems"; VariantName = "[No Variations]"
Add component (AddParameter): Name = "MP"; Value = "AMS1117-3.3"; VariantName = "[No Variations]"
Add component (AddParameter): Name = "Package"; Value = "None"; VariantName = "[No Variations]"
Add component (AddParameter): Name = "Price"; Value = "None"; VariantName = "[No Variations]"
Add component (AddParameter): Name = "SnapEDA_Link"; Value = "https://www.snapeda.com/parts/AMS1117-3.3/Advanced%20Monolithic%20Systems/view-part/53450/?ref=snap"; VariantName = "[No Variations]"
Add component (AddParameter): Name = "Value"; Value = ""; VariantName = "[No Variations]"
Added Component: Designator=DD?(SOT229P700X180-4N)
Add component (AddParameter): Name = "Availability"; Value = "Unavailable"; VariantName = "[No Variations]"
Add component (AddParameter): Name = "MF"; Value = "Advanced Monolithic Systems"; VariantName = "[No Variations]"
Add component (AddParameter): Name = "MP"; Value = "AMS1117-3.3"; VariantName = "[No Variations]"
Add component (AddParameter): Name = "Package"; Value = "None"; VariantName = "[No Variations]"
Add component (AddParameter): Name = "Price"; Value = "None"; VariantName = "[No Variations]"
Add component (AddParameter): Name = "SnapEDA_Link"; Value = "https://www.snapeda.com/parts/AMS1117-3.3/Advanced%20Monolithic%20Systems/view-part/53450/?ref=snap"; VariantName = "[No Variations]"
Add component (AddParameter): Name = "Value"; Value = ""; VariantName = "[No Variations]"
Add Pin To Net: Unknown Pin: Pin C1-1
Add Pin To Net: Unknown Pin: Pin C1-2
Added Pin To Net: NetName=+12V Pin=C?-1
Added Pin To Net: NetName=GND Pin=C?-1
Added Pin To Net: NetName=GND Pin=C?-1
Added Pin To Net: NetName=GND Pin=C?-1
Added Pin To Net: NetName=+12V Pin=C?-2
Added Pin To Net: NetName=GND Pin=C?-2
Added Pin To Net: NetName=GND Pin=C?-2
Added Pin To Net: NetName=GND Pin=DD?-1
Added Pin To Net: NetName=GND Pin=DD?-1
Added Pin To Net: NetName=3V3 Pin=DD?-2
Added Pin To Net: NetName=+12V Pin=DD?-3
Added Pin To Net: NetName=+12V Pin=DD?-3
Added Pin To Net: NetName=3V3 Pin=DD?-4
Added Pin To Net: NetName=5V Pin=C?-1
Added Pin To Net: NetName=5V Pin=C?-2
Added Pin To Net: NetName=5V Pin=C?-2
Added Pin To Net: NetName=5V Pin=DD?-2
Added Pin To Net: NetName=5V Pin=DD?-4
Added Net: Name=5V
Add Class Member: Failed to add class member : Component C1 10uFx10V
Added Member To Class: ClassName=POWER_SUPPLY Member=Component C? 0.1 uF
Added Member To Class: ClassName=POWER_SUPPLY Member=Component C? 10uFx10V
Added Member To Class: ClassName=POWER_SUPPLY Member=Component C? 0.1 uF
Added Member To Class: ClassName=POWER_SUPPLY Member=Component C? 0.1 uF
Added Member To Class: ClassName=POWER_SUPPLY Member=Component C? 10uFx10V
Added Member To Class: ClassName=POWER_SUPPLY Member=Component DD? AMS1117-5.0
Added Member To Class: ClassName=POWER_SUPPLY Member=Component DD? AMS1117-3.3
Added Room: Name=DIRECTIONAL_COUPLER
Added Room: Name=FAN_CTRL
Added Room: Name=FLASH
Added Room: Name=MCU_CORE
Added Room: Name=SEQUENCER
Added Room: Name=USB
