Added Component: Designator=C2(C0805C)
Add component (AddParameter): Name = "Published"; Value = "18.05.2010"; VariantName = "[No Variations]"
Add component (AddParameter): Name = "Publisher"; Value = "Andrew Danich"; VariantName = "[No Variations]"
Add component (AddParameter): Name = "Type"; Value = "Конденсатор"; VariantName = "[No Variations]"
Added Component: Designator=C3(C0805C)
Add component (AddParameter): Name = "Published"; Value = "18.05.2010"; VariantName = "[No Variations]"
Add component (AddParameter): Name = "Publisher"; Value = "Andrew Danich"; VariantName = "[No Variations]"
Add component (AddParameter): Name = "Type"; Value = "Конденсатор"; VariantName = "[No Variations]"
Added Component: Designator=C4(C0805C)
Add component (AddParameter): Name = "Published"; Value = "18.05.2010"; VariantName = "[No Variations]"
Add component (AddParameter): Name = "Publisher"; Value = "Andrew Danich"; VariantName = "[No Variations]"
Add component (AddParameter): Name = "Type"; Value = "Конденсатор"; VariantName = "[No Variations]"
Added Component: Designator=C5(TECAP_D)
Add component (AddParameter): Name = "Published"; Value = "20.08.2010"; VariantName = "[No Variations]"
Add component (AddParameter): Name = "Publisher"; Value = "Andrew Danich"; VariantName = "[No Variations]"
Add component (AddParameter): Name = "Type"; Value = "Конденсатор"; VariantName = "[No Variations]"
Added Component: Designator=C7(C0805C)
Add component (AddParameter): Name = "Published"; Value = "18.05.2010"; VariantName = "[No Variations]"
Add component (AddParameter): Name = "Publisher"; Value = "Andrew Danich"; VariantName = "[No Variations]"
Add component (AddParameter): Name = "Type"; Value = "Конденсатор"; VariantName = "[No Variations]"
Added Component: Designator=C8(C0805C)
Add component (AddParameter): Name = "Published"; Value = "18.05.2010"; VariantName = "[No Variations]"
Add component (AddParameter): Name = "Publisher"; Value = "Andrew Danich"; VariantName = "[No Variations]"
Add component (AddParameter): Name = "Type"; Value = "Конденсатор"; VariantName = "[No Variations]"
Added Component: Designator=C9(C0805C)
Add component (AddParameter): Name = "Published"; Value = "18.05.2010"; VariantName = "[No Variations]"
Add component (AddParameter): Name = "Publisher"; Value = "Andrew Danich"; VariantName = "[No Variations]"
Add component (AddParameter): Name = "Type"; Value = "Конденсатор"; VariantName = "[No Variations]"
Added Component: Designator=C10(TECAP_D)
Add component (AddParameter): Name = "Published"; Value = "20.08.2010"; VariantName = "[No Variations]"
Add component (AddParameter): Name = "Publisher"; Value = "Andrew Danich"; VariantName = "[No Variations]"
Add component (AddParameter): Name = "Type"; Value = "Конденсатор"; VariantName = "[No Variations]"
Added Component: Designator=C11(C0805C)
Add component (AddParameter): Name = "Published"; Value = "18.05.2010"; VariantName = "[No Variations]"
Add component (AddParameter): Name = "Publisher"; Value = "Andrew Danich"; VariantName = "[No Variations]"
Add component (AddParameter): Name = "Type"; Value = "Конденсатор"; VariantName = "[No Variations]"
Added Component: Designator=C12(C0805C)
Add component (AddParameter): Name = "Published"; Value = "18.05.2010"; VariantName = "[No Variations]"
Add component (AddParameter): Name = "Publisher"; Value = "Andrew Danich"; VariantName = "[No Variations]"
Add component (AddParameter): Name = "Type"; Value = "Конденсатор"; VariantName = "[No Variations]"
Added Component: Designator=C13(C0805C)
Add component (AddParameter): Name = "Published"; Value = "18.05.2010"; VariantName = "[No Variations]"
Add component (AddParameter): Name = "Publisher"; Value = "Andrew Danich"; VariantName = "[No Variations]"
Add component (AddParameter): Name = "Type"; Value = "Конденсатор"; VariantName = "[No Variations]"
Added Component: Designator=C14(C0805C)
Add component (AddParameter): Name = "Published"; Value = "18.05.2010"; VariantName = "[No Variations]"
Add component (AddParameter): Name = "Publisher"; Value = "Andrew Danich"; VariantName = "[No Variations]"
Add component (AddParameter): Name = "Type"; Value = "Конденсатор"; VariantName = "[No Variations]"
Added Component: Designator=C15(C0805C)
Add component (AddParameter): Name = "Published"; Value = "18.05.2010"; VariantName = "[No Variations]"
Add component (AddParameter): Name = "Publisher"; Value = "Andrew Danich"; VariantName = "[No Variations]"
Add component (AddParameter): Name = "Type"; Value = "Конденсатор"; VariantName = "[No Variations]"
Added Component: Designator=C16(C0805C)
Add component (AddParameter): Name = "Published"; Value = "18.05.2010"; VariantName = "[No Variations]"
Add component (AddParameter): Name = "Publisher"; Value = "Andrew Danich"; VariantName = "[No Variations]"
Add component (AddParameter): Name = "Type"; Value = "Конденсатор"; VariantName = "[No Variations]"
Added Component: Designator=C17(C0805C)
Add component (AddParameter): Name = "Published"; Value = "18.05.2010"; VariantName = "[No Variations]"
Add component (AddParameter): Name = "Publisher"; Value = "Andrew Danich"; VariantName = "[No Variations]"
Add component (AddParameter): Name = "Type"; Value = "Конденсатор"; VariantName = "[No Variations]"
Added Component: Designator=C18(C0805C)
Add component (AddParameter): Name = "Published"; Value = "18.05.2010"; VariantName = "[No Variations]"
Add component (AddParameter): Name = "Publisher"; Value = "Andrew Danich"; VariantName = "[No Variations]"
Add component (AddParameter): Name = "Type"; Value = "Конденсатор"; VariantName = "[No Variations]"
Added Component: Designator=C19(C0805C)
Add component (AddParameter): Name = "Published"; Value = "18.05.2010"; VariantName = "[No Variations]"
Add component (AddParameter): Name = "Publisher"; Value = "Andrew Danich"; VariantName = "[No Variations]"
Add component (AddParameter): Name = "Type"; Value = "Конденсатор"; VariantName = "[No Variations]"
Added Component: Designator=C20(C0805C)
Add component (AddParameter): Name = "Published"; Value = "18.05.2010"; VariantName = "[No Variations]"
Add component (AddParameter): Name = "Publisher"; Value = "Andrew Danich"; VariantName = "[No Variations]"
Add component (AddParameter): Name = "Type"; Value = "Конденсатор"; VariantName = "[No Variations]"
Added Component: Designator=C21(TECAP_A)
Add component (AddParameter): Name = "Published"; Value = "20.08.2010"; VariantName = "[No Variations]"
Add component (AddParameter): Name = "Publisher"; Value = "Andrew Danich"; VariantName = "[No Variations]"
Add component (AddParameter): Name = "Type"; Value = "Конденсатор"; VariantName = "[No Variations]"
Added Component: Designator=C22(C0805C)
Add component (AddParameter): Name = "Published"; Value = "18.05.2010"; VariantName = "[No Variations]"
Add component (AddParameter): Name = "Publisher"; Value = "Andrew Danich"; VariantName = "[No Variations]"
Add component (AddParameter): Name = "Type"; Value = "Конденсатор"; VariantName = "[No Variations]"
Added Component: Designator=C23(C0805C)
Add component (AddParameter): Name = "Published"; Value = "18.05.2010"; VariantName = "[No Variations]"
Add component (AddParameter): Name = "Publisher"; Value = "Andrew Danich"; VariantName = "[No Variations]"
Add component (AddParameter): Name = "Type"; Value = "Конденсатор"; VariantName = "[No Variations]"
Added Component: Designator=C24(C0805C)
Add component (AddParameter): Name = "Published"; Value = "18.05.2010"; VariantName = "[No Variations]"
Add component (AddParameter): Name = "Publisher"; Value = "Andrew Danich"; VariantName = "[No Variations]"
Add component (AddParameter): Name = "Type"; Value = "Конденсатор"; VariantName = "[No Variations]"
Added Component: Designator=C25(C0805C)
Add component (AddParameter): Name = "Published"; Value = "18.05.2010"; VariantName = "[No Variations]"
Add component (AddParameter): Name = "Publisher"; Value = "Andrew Danich"; VariantName = "[No Variations]"
Add component (AddParameter): Name = "Type"; Value = "Конденсатор"; VariantName = "[No Variations]"
Added Component: Designator=C26(C0805C)
Add component (AddParameter): Name = "Published"; Value = "18.05.2010"; VariantName = "[No Variations]"
Add component (AddParameter): Name = "Publisher"; Value = "Andrew Danich"; VariantName = "[No Variations]"
Add component (AddParameter): Name = "Type"; Value = "Конденсатор"; VariantName = "[No Variations]"
Added Component: Designator=C27(C0805C)
Add component (AddParameter): Name = "Published"; Value = "18.05.2010"; VariantName = "[No Variations]"
Add component (AddParameter): Name = "Publisher"; Value = "Andrew Danich"; VariantName = "[No Variations]"
Add component (AddParameter): Name = "Type"; Value = "Конденсатор"; VariantName = "[No Variations]"
Added Component: Designator=C28(C0805C)
Add component (AddParameter): Name = "Published"; Value = "18.05.2010"; VariantName = "[No Variations]"
Add component (AddParameter): Name = "Publisher"; Value = "Andrew Danich"; VariantName = "[No Variations]"
Add component (AddParameter): Name = "Type"; Value = "Конденсатор"; VariantName = "[No Variations]"
Added Component: Designator=C29(C0805C)
Add component (AddParameter): Name = "Published"; Value = "18.05.2010"; VariantName = "[No Variations]"
Add component (AddParameter): Name = "Publisher"; Value = "Andrew Danich"; VariantName = "[No Variations]"
Add component (AddParameter): Name = "Type"; Value = "Конденсатор"; VariantName = "[No Variations]"
Added Component: Designator=C30(C0805C)
Add component (AddParameter): Name = "Published"; Value = "18.05.2010"; VariantName = "[No Variations]"
Add component (AddParameter): Name = "Publisher"; Value = "Andrew Danich"; VariantName = "[No Variations]"
Add component (AddParameter): Name = "Type"; Value = "Конденсатор"; VariantName = "[No Variations]"
Added Component: Designator=C31(C0805C)
Add component (AddParameter): Name = "Published"; Value = "18.05.2010"; VariantName = "[No Variations]"
Add component (AddParameter): Name = "Publisher"; Value = "Andrew Danich"; VariantName = "[No Variations]"
Add component (AddParameter): Name = "Type"; Value = "Конденсатор"; VariantName = "[No Variations]"
Added Component: Designator=C32(C0805C)
Add component (AddParameter): Name = "Published"; Value = "18.05.2010"; VariantName = "[No Variations]"
Add component (AddParameter): Name = "Publisher"; Value = "Andrew Danich"; VariantName = "[No Variations]"
Add component (AddParameter): Name = "Type"; Value = "Конденсатор"; VariantName = "[No Variations]"
Added Component: Designator=C33(C0805C)
Add component (AddParameter): Name = "Published"; Value = "18.05.2010"; VariantName = "[No Variations]"
Add component (AddParameter): Name = "Publisher"; Value = "Andrew Danich"; VariantName = "[No Variations]"
Add component (AddParameter): Name = "Type"; Value = "Конденсатор"; VariantName = "[No Variations]"
Added Component: Designator=DA1(SC_TO-252AA)
Add component (AddParameter): Name = "Published"; Value = "13.08.2015"; VariantName = "[No Variations]"
Add component (AddParameter): Name = "Publisher"; Value = "Andrew Danich"; VariantName = "[No Variations]"
Add component (AddParameter): Name = "RegType"; Value = ""; VariantName = "[No Variations]"
Add component (AddParameter): Name = "Type"; Value = "Микросхема"; VariantName = "[No Variations]"
Added Component: Designator=DA2(Texas_Instruments_D0014A_IPC_A)
Add component (AddParameter): Name = "OPAType"; Value = ""; VariantName = "[No Variations]"
Add component (AddParameter): Name = "Published"; Value = "29.07.2015"; VariantName = "[No Variations]"
Add component (AddParameter): Name = "Publisher"; Value = "Andrew Danich"; VariantName = "[No Variations]"
Add component (AddParameter): Name = "Type"; Value = "Микросхема"; VariantName = "[No Variations]"
Added Component: Designator=DA3(DIP-4)
Add component (AddParameter): Name = "Published"; Value = "09.01.2017"; VariantName = "[No Variations]"
Add component (AddParameter): Name = "Publisher"; Value = "Andrew Danich"; VariantName = "[No Variations]"
Add component (AddParameter): Name = "Type"; Value = "Микросхема"; VariantName = "[No Variations]"
Added Component: Designator=DA4(DIP-4)
Add component (AddParameter): Name = "Published"; Value = "09.01.2017"; VariantName = "[No Variations]"
Add component (AddParameter): Name = "Publisher"; Value = "Andrew Danich"; VariantName = "[No Variations]"
Add component (AddParameter): Name = "Type"; Value = "Микросхема"; VariantName = "[No Variations]"
Added Component: Designator=DA5(DIP-4)
Add component (AddParameter): Name = "Published"; Value = "09.01.2017"; VariantName = "[No Variations]"
Add component (AddParameter): Name = "Publisher"; Value = "Andrew Danich"; VariantName = "[No Variations]"
Add component (AddParameter): Name = "Type"; Value = "Микросхема"; VariantName = "[No Variations]"
Added Component: Designator=DA6(DIP-4)
Add component (AddParameter): Name = "Published"; Value = "09.01.2017"; VariantName = "[No Variations]"
Add component (AddParameter): Name = "Publisher"; Value = "Andrew Danich"; VariantName = "[No Variations]"
Add component (AddParameter): Name = "Type"; Value = "Микросхема"; VariantName = "[No Variations]"
Added Component: Designator=DA7(DIP-4)
Add component (AddParameter): Name = "Published"; Value = "09.01.2017"; VariantName = "[No Variations]"
Add component (AddParameter): Name = "Publisher"; Value = "Andrew Danich"; VariantName = "[No Variations]"
Add component (AddParameter): Name = "Type"; Value = "Микросхема"; VariantName = "[No Variations]"
Added Component: Designator=DD1(SOT229P700X180-4N)
Add component (AddParameter): Name = "Availability"; Value = "Unavailable"; VariantName = "[No Variations]"
Add component (AddParameter): Name = "MF"; Value = "Advanced Monolithic Systems"; VariantName = "[No Variations]"
Add component (AddParameter): Name = "MP"; Value = "AMS1117-3.3"; VariantName = "[No Variations]"
Add component (AddParameter): Name = "Package"; Value = "None"; VariantName = "[No Variations]"
Add component (AddParameter): Name = "Price"; Value = "None"; VariantName = "[No Variations]"
Add component (AddParameter): Name = "SnapEDA_Link"; Value = "https://www.snapeda.com/parts/AMS1117-3.3/Advanced%20Monolithic%20Systems/view-part/53450/?ref=snap"; VariantName = "[No Variations]"
Add component (AddParameter): Name = "Value"; Value = ""; VariantName = "[No Variations]"
Added Component: Designator=DD2(SOT229P700X180-4N)
Add component (AddParameter): Name = "Availability"; Value = "Unavailable"; VariantName = "[No Variations]"
Add component (AddParameter): Name = "MF"; Value = "Advanced Monolithic Systems"; VariantName = "[No Variations]"
Add component (AddParameter): Name = "MP"; Value = "AMS1117-3.3"; VariantName = "[No Variations]"
Add component (AddParameter): Name = "Package"; Value = "None"; VariantName = "[No Variations]"
Add component (AddParameter): Name = "Price"; Value = "None"; VariantName = "[No Variations]"
Add component (AddParameter): Name = "SnapEDA_Link"; Value = "https://www.snapeda.com/parts/AMS1117-3.3/Advanced%20Monolithic%20Systems/view-part/53450/?ref=snap"; VariantName = "[No Variations]"
Add component (AddParameter): Name = "Value"; Value = ""; VariantName = "[No Variations]"
Added Component: Designator=DD3(SOIC8 (SO-8))
Add component (AddParameter): Name = "Published"; Value = "26.02.2013"; VariantName = "[No Variations]"
Add component (AddParameter): Name = "Publisher"; Value = "Andrew Danich"; VariantName = "[No Variations]"
Add component (AddParameter): Name = "Type"; Value = "Микросхема"; VariantName = "[No Variations]"
Added Component: Designator=DD4(SOIC8 (SO-8))
Add component (AddParameter): Name = "Value"; Value = ""; VariantName = "[No Variations]"
Added Component: Designator=DD5(STM-LQFP48_L)
Add component (AddParameter): Name = "A/D Converter"; Value = "2x12-bit (10 Channel)"; VariantName = "[No Variations]"
Add component (AddParameter): Name = "ComponentLink1Description"; Value = "Manufacturer URL"; VariantName = "[No Variations]"
Add component (AddParameter): Name = "ComponentLink1URL"; Value = "http://www.st.com/web/en/home.html"; VariantName = "[No Variations]"
Add component (AddParameter): Name = "ComponentLink2Description"; Value = "Datasheet"; VariantName = "[No Variations]"
Add component (AddParameter): Name = "ComponentLink2URL"; Value = "http://www.st.com/st-web-ui/static/active/en/resource/technical/document/datasheet/CD00161566.pdf"; VariantName = "[No Variations]"
Add component (AddParameter): Name = "ComponentLink3Description"; Value = "Package Specification"; VariantName = "[No Variations]"
Add component (AddParameter): Name = "ComponentLink3URL"; Value = "http://www.st.com/st-web-ui/static/active/en/resource/technical/document/datasheet/DM00058181.pdf"; VariantName = "[No Variations]"
Add component (AddParameter): Name = "Core"; Value = "ARM Cortex-M3"; VariantName = "[No Variations]"
Add component (AddParameter): Name = "DatasheetVersion"; Value = "Rev. 16"; VariantName = "[No Variations]"
Add component (AddParameter): Name = "FLASH Size (Prog) (kB)"; Value = "64"; VariantName = "[No Variations]"
Add component (AddParameter): Name = "I/Os (High Current)"; Value = "37"; VariantName = "[No Variations]"
Add component (AddParameter): Name = "Internal RAM Size (kB)"; Value = "20"; VariantName = "[No Variations]"
Add component (AddParameter): Name = "Mounting Technology"; Value = "Surface Mount"; VariantName = "[No Variations]"
Add component (AddParameter): Name = "Operating Frequency(F) (Processor speed) (MHz)"; Value = "72"; VariantName = "[No Variations]"
Add component (AddParameter): Name = "PackageDescription"; Value = "48-Pin Low Profile Quad Flat Package, 7 x 7 mm Body, 0.5 mm Pitch"; VariantName = "[No Variations]"
Add component (AddParameter): Name = "PackageReference"; Value = "LQFP48"; VariantName = "[No Variations]"
Add component (AddParameter): Name = "PackageVersion"; Value = "Rev. 6, 06/2013"; VariantName = "[No Variations]"
Add component (AddParameter): Name = "Packing"; Value = "Tray"; VariantName = "[No Variations]"
Add component (AddParameter): Name = "PartNumber"; Value = "STM32F103C8T6"; VariantName = "[No Variations]"
Add component (AddParameter): Name = "Supplier 1"; Value = "Digi-Key"; VariantName = "[No Variations]"
Add component (AddParameter): Name = "Supplier 2"; Value = "Farnell"; VariantName = "[No Variations]"
Add component (AddParameter): Name = "Supplier 3"; Value = "Newark"; VariantName = "[No Variations]"
Add component (AddParameter): Name = "Supplier 4"; Value = "Newark"; VariantName = "[No Variations]"
Add component (AddParameter): Name = "Supplier 5"; Value = "Mouser"; VariantName = "[No Variations]"
Add component (AddParameter): Name = "Supplier Part Number 1"; Value = "497-6063-ND"; VariantName = "[No Variations]"
Add component (AddParameter): Name = "Supplier Part Number 2"; Value = "1447637"; VariantName = "[No Variations]"
Add component (AddParameter): Name = "Supplier Part Number 3"; Value = "59M2182"; VariantName = "[No Variations]"
Add component (AddParameter): Name = "Supplier Part Number 4"; Value = "57P1222"; VariantName = "[No Variations]"
Add component (AddParameter): Name = "Supplier Part Number 5"; Value = "511-STM32F103C8T6"; VariantName = "[No Variations]"
Add component (AddParameter): Name = "Supply Voltage(Vcc) min (V)"; Value = "2"; VariantName = "[No Variations]"
Added Component: Designator=DD6(SOIC127P1030X265-16N)
Add component (AddParameter): Name = "Availability"; Value = "Warning"; VariantName = "[No Variations]"
Add component (AddParameter): Name = "DigiKey-Purchase-URL"; Value = "https://snapeda.com/shop?store=DigiKey&id=554599"; VariantName = "[No Variations]"
Add component (AddParameter): Name = "MF"; Value = "Texas Instruments"; VariantName = "[No Variations]"
Add component (AddParameter): Name = "Mouser-Purchase-URL"; Value = "https://snapeda.com/shop?store=Mouser&id=554599"; VariantName = "[No Variations]"
Add component (AddParameter): Name = "MP"; Value = "PCF8574ADW"; VariantName = "[No Variations]"
Add component (AddParameter): Name = "Package"; Value = "SOIC-16 Texas Instruments"; VariantName = "[No Variations]"
Add component (AddParameter): Name = "Price"; Value = "None"; VariantName = "[No Variations]"
Add component (AddParameter): Name = "SnapEDA_Link"; Value = "https://www.snapeda.com/parts/PCF8574ADW/Texas%20Instruments/view-part/554599/?ref=snap"; VariantName = "[No Variations]"
Add component (AddParameter): Name = "Texas_Instruments-Purchase-URL"; Value = "https://snapeda.com/shop?store=Texas+Instruments&id=554599"; VariantName = "[No Variations]"
Add component (AddParameter): Name = "Value"; Value = ""; VariantName = "[No Variations]"
Added Component: Designator=DD7(SOP50P310X90-8N)
Add component (AddParameter): Name = "Arrow_Electronics-Purchase-URL"; Value = "https://snapeda.com/shop?store=Arrow+Electronics&id=39070"; VariantName = "[No Variations]"
Add component (AddParameter): Name = "Availability"; Value = "Good"; VariantName = "[No Variations]"
Add component (AddParameter): Name = "DigiKey-Purchase-URL"; Value = "https://snapeda.com/shop?store=DigiKey&id=39070"; VariantName = "[No Variations]"
Add component (AddParameter): Name = "MF"; Value = "Texas Instruments"; VariantName = "[No Variations]"
Add component (AddParameter): Name = "Mouser-Purchase-URL"; Value = "https://snapeda.com/shop?store=Mouser&id=39070"; VariantName = "[No Variations]"
Add component (AddParameter): Name = "MP"; Value = "PCA9306DCUT"; VariantName = "[No Variations]"
Add component (AddParameter): Name = "Package"; Value = "VSSOP-8 Texas Instruments"; VariantName = "[No Variations]"
Add component (AddParameter): Name = "Price"; Value = "None"; VariantName = "[No Variations]"
Add component (AddParameter): Name = "SnapEDA_Link"; Value = "https://www.snapeda.com/parts/PCA9306DCUT/Texas%20Instruments/view-part/39070/?ref=snap"; VariantName = "[No Variations]"
Add component (AddParameter): Name = "Texas_Instruments-Purchase-URL"; Value = "https://snapeda.com/shop?store=Texas+Instruments&id=39070"; VariantName = "[No Variations]"
Add component (AddParameter): Name = "Value"; Value = ""; VariantName = "[No Variations]"
Added Component: Designator=DD8(SOIC127P600X175-8N)
Add component (AddParameter): Name = "Availability"; Value = "Unavailable"; VariantName = "[No Variations]"
Add component (AddParameter): Name = "MF"; Value = "Microchip"; VariantName = "[No Variations]"
Add component (AddParameter): Name = "MP"; Value = "AT24C128C-SSHM-T"; VariantName = "[No Variations]"
Add component (AddParameter): Name = "Package"; Value = "SO-8 Microchip"; VariantName = "[No Variations]"
Add component (AddParameter): Name = "Price"; Value = "None"; VariantName = "[No Variations]"
Add component (AddParameter): Name = "SnapEDA_Link"; Value = "https://www.snapeda.com/parts/AT24C128C-SSHM-T/Microchip/view-part/1771999/?ref=snap"; VariantName = "[No Variations]"
Add component (AddParameter): Name = "Value"; Value = ""; VariantName = "[No Variations]"
Added Component: Designator=DD9(SOT143B)
Add component (AddParameter): Name = "Availability"; Value = "Unavailable"; VariantName = "[No Variations]"
Add component (AddParameter): Name = "MF"; Value = ""; VariantName = "[No Variations]"
Add component (AddParameter): Name = "MP"; Value = "PRTR5V0U2X,215"; VariantName = "[No Variations]"
Add component (AddParameter): Name = "Package"; Value = "None"; VariantName = "[No Variations]"
Add component (AddParameter): Name = "Price"; Value = "None"; VariantName = "[No Variations]"
Add component (AddParameter): Name = "Value"; Value = ""; VariantName = "[No Variations]"
Added Component: Designator=L1(AXIAL-0.6)
Add component (AddParameter): Name = "Published"; Value = "20.05.2010"; VariantName = "[No Variations]"
Add component (AddParameter): Name = "Publisher"; Value = "Andrew Danich"; VariantName = "[No Variations]"
Add component (AddParameter): Name = "Type"; Value = "Дроссель"; VariantName = "[No Variations]"
Added Component: Designator=R1(C0805R)
Add component (AddParameter): Name = "Published"; Value = "24.03.2010"; VariantName = "[No Variations]"
Add component (AddParameter): Name = "Publisher"; Value = "Andrew Danich"; VariantName = "[No Variations]"
Add component (AddParameter): Name = "Type"; Value = "Резистор"; VariantName = "[No Variations]"
Added Component: Designator=R2(C0805R)
Add component (AddParameter): Name = "Published"; Value = "24.03.2010"; VariantName = "[No Variations]"
Add component (AddParameter): Name = "Publisher"; Value = "Andrew Danich"; VariantName = "[No Variations]"
Add component (AddParameter): Name = "Type"; Value = "Резистор"; VariantName = "[No Variations]"
Added Component: Designator=R3(C0805R)
Add component (AddParameter): Name = "Published"; Value = "24.03.2010"; VariantName = "[No Variations]"
Add component (AddParameter): Name = "Publisher"; Value = "Andrew Danich"; VariantName = "[No Variations]"
Add component (AddParameter): Name = "Type"; Value = "Резистор"; VariantName = "[No Variations]"
Added Component: Designator=R4(C0805R)
Add component (AddParameter): Name = "Published"; Value = "24.03.2010"; VariantName = "[No Variations]"
Add component (AddParameter): Name = "Publisher"; Value = "Andrew Danich"; VariantName = "[No Variations]"
Add component (AddParameter): Name = "Type"; Value = "Резистор"; VariantName = "[No Variations]"
Added Component: Designator=R5(C0805R)
Add component (AddParameter): Name = "Published"; Value = "24.03.2010"; VariantName = "[No Variations]"
Add component (AddParameter): Name = "Publisher"; Value = "Andrew Danich"; VariantName = "[No Variations]"
Add component (AddParameter): Name = "Type"; Value = "Резистор"; VariantName = "[No Variations]"
Added Component: Designator=R6(C0805R)
Add component (AddParameter): Name = "Published"; Value = "24.03.2010"; VariantName = "[No Variations]"
Add component (AddParameter): Name = "Publisher"; Value = "Andrew Danich"; VariantName = "[No Variations]"
Add component (AddParameter): Name = "Type"; Value = "Резистор"; VariantName = "[No Variations]"
Added Component: Designator=R7(TRIM_3296W-1-254LF)
Add component (AddParameter): Name = "Published"; Value = "27.07.2015"; VariantName = "[No Variations]"
Add component (AddParameter): Name = "Publisher"; Value = "Andrew Danich"; VariantName = "[No Variations]"
Add component (AddParameter): Name = "Type"; Value = "Подстроечный резистор"; VariantName = "[No Variations]"
Added Component: Designator=R8(C0805R)
Add component (AddParameter): Name = "Published"; Value = "24.03.2010"; VariantName = "[No Variations]"
Add component (AddParameter): Name = "Publisher"; Value = "Andrew Danich"; VariantName = "[No Variations]"
Add component (AddParameter): Name = "Type"; Value = "Резистор"; VariantName = "[No Variations]"
Added Component: Designator=R9(C0805R)
Add component (AddParameter): Name = "Published"; Value = "24.03.2010"; VariantName = "[No Variations]"
Add component (AddParameter): Name = "Publisher"; Value = "Andrew Danich"; VariantName = "[No Variations]"
Add component (AddParameter): Name = "Type"; Value = "Резистор"; VariantName = "[No Variations]"
Added Component: Designator=R10(C0805R)
Add component (AddParameter): Name = "Published"; Value = "24.03.2010"; VariantName = "[No Variations]"
Add component (AddParameter): Name = "Publisher"; Value = "Andrew Danich"; VariantName = "[No Variations]"
Add component (AddParameter): Name = "Type"; Value = "Резистор"; VariantName = "[No Variations]"
Added Component: Designator=R11(C0805R)
Add component (AddParameter): Name = "Published"; Value = "24.03.2010"; VariantName = "[No Variations]"
Add component (AddParameter): Name = "Publisher"; Value = "Andrew Danich"; VariantName = "[No Variations]"
Add component (AddParameter): Name = "Type"; Value = "Резистор"; VariantName = "[No Variations]"
Added Component: Designator=R12(TRIM_3296W-1-254LF)
Add component (AddParameter): Name = "Published"; Value = "27.07.2015"; VariantName = "[No Variations]"
Add component (AddParameter): Name = "Publisher"; Value = "Andrew Danich"; VariantName = "[No Variations]"
Add component (AddParameter): Name = "Type"; Value = "Подстроечный резистор"; VariantName = "[No Variations]"
Added Component: Designator=R13(C0805R)
Add component (AddParameter): Name = "Published"; Value = "24.03.2010"; VariantName = "[No Variations]"
Add component (AddParameter): Name = "Publisher"; Value = "Andrew Danich"; VariantName = "[No Variations]"
Add component (AddParameter): Name = "Type"; Value = "Резистор"; VariantName = "[No Variations]"
Added Component: Designator=R14(C0805R)
Add component (AddParameter): Name = "Published"; Value = "24.03.2010"; VariantName = "[No Variations]"
Add component (AddParameter): Name = "Publisher"; Value = "Andrew Danich"; VariantName = "[No Variations]"
Add component (AddParameter): Name = "Type"; Value = "Резистор"; VariantName = "[No Variations]"
Added Component: Designator=R15(C0805R)
Add component (AddParameter): Name = "Published"; Value = "24.03.2010"; VariantName = "[No Variations]"
Add component (AddParameter): Name = "Publisher"; Value = "Andrew Danich"; VariantName = "[No Variations]"
Add component (AddParameter): Name = "Type"; Value = "Резистор"; VariantName = "[No Variations]"
Added Component: Designator=R16(C0805R)
Add component (AddParameter): Name = "Published"; Value = "24.03.2010"; VariantName = "[No Variations]"
Add component (AddParameter): Name = "Publisher"; Value = "Andrew Danich"; VariantName = "[No Variations]"
Add component (AddParameter): Name = "Type"; Value = "Резистор"; VariantName = "[No Variations]"
Added Component: Designator=R17(C0805R)
Add component (AddParameter): Name = "Published"; Value = "24.03.2010"; VariantName = "[No Variations]"
Add component (AddParameter): Name = "Publisher"; Value = "Andrew Danich"; VariantName = "[No Variations]"
Add component (AddParameter): Name = "Type"; Value = "Резистор"; VariantName = "[No Variations]"
Added Component: Designator=R18(C0805R)
Add component (AddParameter): Name = "Published"; Value = "24.03.2010"; VariantName = "[No Variations]"
Add component (AddParameter): Name = "Publisher"; Value = "Andrew Danich"; VariantName = "[No Variations]"
Add component (AddParameter): Name = "Type"; Value = "Резистор"; VariantName = "[No Variations]"
Added Component: Designator=R19(C0805R)
Add component (AddParameter): Name = "Published"; Value = "24.03.2010"; VariantName = "[No Variations]"
Add component (AddParameter): Name = "Publisher"; Value = "Andrew Danich"; VariantName = "[No Variations]"
Add component (AddParameter): Name = "Type"; Value = "Резистор"; VariantName = "[No Variations]"
Added Component: Designator=R20(C0805R)
Add component (AddParameter): Name = "Published"; Value = "24.03.2010"; VariantName = "[No Variations]"
Add component (AddParameter): Name = "Publisher"; Value = "Andrew Danich"; VariantName = "[No Variations]"
Add component (AddParameter): Name = "Type"; Value = "Резистор"; VariantName = "[No Variations]"
Added Component: Designator=R21(C0805R)
Add component (AddParameter): Name = "Published"; Value = "24.03.2010"; VariantName = "[No Variations]"
Add component (AddParameter): Name = "Publisher"; Value = "Andrew Danich"; VariantName = "[No Variations]"
Add component (AddParameter): Name = "Type"; Value = "Резистор"; VariantName = "[No Variations]"
Added Component: Designator=R22(C0805R)
Add component (AddParameter): Name = "Published"; Value = "24.03.2010"; VariantName = "[No Variations]"
Add component (AddParameter): Name = "Publisher"; Value = "Andrew Danich"; VariantName = "[No Variations]"
Add component (AddParameter): Name = "Type"; Value = "Резистор"; VariantName = "[No Variations]"
Added Component: Designator=R23(C0805R)
Add component (AddParameter): Name = "Published"; Value = "24.03.2010"; VariantName = "[No Variations]"
Add component (AddParameter): Name = "Publisher"; Value = "Andrew Danich"; VariantName = "[No Variations]"
Add component (AddParameter): Name = "Type"; Value = "Резистор"; VariantName = "[No Variations]"
Added Component: Designator=R24(AXIAL-0.6)
Add component (AddParameter): Name = "Published"; Value = "24.03.2010"; VariantName = "[No Variations]"
Add component (AddParameter): Name = "Publisher"; Value = "Andrew Danich"; VariantName = "[No Variations]"
Add component (AddParameter): Name = "Type"; Value = "Резистор"; VariantName = "[No Variations]"
Added Component: Designator=R25(AXIAL-0.6)
Add component (AddParameter): Name = "Published"; Value = "24.03.2010"; VariantName = "[No Variations]"
Add component (AddParameter): Name = "Publisher"; Value = "Andrew Danich"; VariantName = "[No Variations]"
Add component (AddParameter): Name = "Type"; Value = "Резистор"; VariantName = "[No Variations]"
Added Component: Designator=R26(AXIAL-0.6)
Add component (AddParameter): Name = "Published"; Value = "24.03.2010"; VariantName = "[No Variations]"
Add component (AddParameter): Name = "Publisher"; Value = "Andrew Danich"; VariantName = "[No Variations]"
Add component (AddParameter): Name = "Type"; Value = "Резистор"; VariantName = "[No Variations]"
Added Component: Designator=R27(AXIAL-0.6)
Add component (AddParameter): Name = "Published"; Value = "24.03.2010"; VariantName = "[No Variations]"
Add component (AddParameter): Name = "Publisher"; Value = "Andrew Danich"; VariantName = "[No Variations]"
Add component (AddParameter): Name = "Type"; Value = "Резистор"; VariantName = "[No Variations]"
Added Component: Designator=R28(AXIAL-0.6)
Add component (AddParameter): Name = "Published"; Value = "24.03.2010"; VariantName = "[No Variations]"
Add component (AddParameter): Name = "Publisher"; Value = "Andrew Danich"; VariantName = "[No Variations]"
Add component (AddParameter): Name = "Type"; Value = "Резистор"; VariantName = "[No Variations]"
Added Component: Designator=R29(AXIAL-0.6)
Add component (AddParameter): Name = "Published"; Value = "24.03.2010"; VariantName = "[No Variations]"
Add component (AddParameter): Name = "Publisher"; Value = "Andrew Danich"; VariantName = "[No Variations]"
Add component (AddParameter): Name = "Type"; Value = "Резистор"; VariantName = "[No Variations]"
Added Component: Designator=R30(AXIAL-0.6)
Add component (AddParameter): Name = "Published"; Value = "24.03.2010"; VariantName = "[No Variations]"
Add component (AddParameter): Name = "Publisher"; Value = "Andrew Danich"; VariantName = "[No Variations]"
Add component (AddParameter): Name = "Type"; Value = "Резистор"; VariantName = "[No Variations]"
Added Component: Designator=R31(AXIAL-0.6)
Add component (AddParameter): Name = "Published"; Value = "24.03.2010"; VariantName = "[No Variations]"
Add component (AddParameter): Name = "Publisher"; Value = "Andrew Danich"; VariantName = "[No Variations]"
Add component (AddParameter): Name = "Type"; Value = "Резистор"; VariantName = "[No Variations]"
Added Component: Designator=R32(AXIAL-0.6)
Add component (AddParameter): Name = "Published"; Value = "24.03.2010"; VariantName = "[No Variations]"
Add component (AddParameter): Name = "Publisher"; Value = "Andrew Danich"; VariantName = "[No Variations]"
Add component (AddParameter): Name = "Type"; Value = "Резистор"; VariantName = "[No Variations]"
Added Component: Designator=R33(AXIAL-0.6)
Add component (AddParameter): Name = "Published"; Value = "24.03.2010"; VariantName = "[No Variations]"
Add component (AddParameter): Name = "Publisher"; Value = "Andrew Danich"; VariantName = "[No Variations]"
Add component (AddParameter): Name = "Type"; Value = "Резистор"; VariantName = "[No Variations]"
Added Component: Designator=R34(C0805R)
Add component (AddParameter): Name = "Published"; Value = "24.03.2010"; VariantName = "[No Variations]"
Add component (AddParameter): Name = "Publisher"; Value = "Andrew Danich"; VariantName = "[No Variations]"
Add component (AddParameter): Name = "Type"; Value = "Резистор"; VariantName = "[No Variations]"
Added Component: Designator=R35(C0805R)
Add component (AddParameter): Name = "Published"; Value = "24.03.2010"; VariantName = "[No Variations]"
Add component (AddParameter): Name = "Publisher"; Value = "Andrew Danich"; VariantName = "[No Variations]"
Add component (AddParameter): Name = "Type"; Value = "Резистор"; VariantName = "[No Variations]"
Added Component: Designator=R36(C0805R)
Add component (AddParameter): Name = "Published"; Value = "24.03.2010"; VariantName = "[No Variations]"
Add component (AddParameter): Name = "Publisher"; Value = "Andrew Danich"; VariantName = "[No Variations]"
Add component (AddParameter): Name = "Type"; Value = "Резистор"; VariantName = "[No Variations]"
Added Component: Designator=R37(C0805R)
Add component (AddParameter): Name = "Published"; Value = "24.03.2010"; VariantName = "[No Variations]"
Add component (AddParameter): Name = "Publisher"; Value = "Andrew Danich"; VariantName = "[No Variations]"
Add component (AddParameter): Name = "Type"; Value = "Резистор"; VariantName = "[No Variations]"
Added Component: Designator=R38(TRIM_3296W-1-254LF)
Add component (AddParameter): Name = "Published"; Value = "27.07.2015"; VariantName = "[No Variations]"
Add component (AddParameter): Name = "Publisher"; Value = "Andrew Danich"; VariantName = "[No Variations]"
Add component (AddParameter): Name = "Type"; Value = "Подстроечный резистор"; VariantName = "[No Variations]"
Added Component: Designator=R39(C0805R)
Add component (AddParameter): Name = "Published"; Value = "24.03.2010"; VariantName = "[No Variations]"
Add component (AddParameter): Name = "Publisher"; Value = "Andrew Danich"; VariantName = "[No Variations]"
Add component (AddParameter): Name = "Type"; Value = "Резистор"; VariantName = "[No Variations]"
Added Component: Designator=R40(C0805R)
Add component (AddParameter): Name = "Published"; Value = "24.03.2010"; VariantName = "[No Variations]"
Add component (AddParameter): Name = "Publisher"; Value = "Andrew Danich"; VariantName = "[No Variations]"
Add component (AddParameter): Name = "Type"; Value = "Резистор"; VariantName = "[No Variations]"
Added Component: Designator=R41(C0805R)
Add component (AddParameter): Name = "Published"; Value = "24.03.2010"; VariantName = "[No Variations]"
Add component (AddParameter): Name = "Publisher"; Value = "Andrew Danich"; VariantName = "[No Variations]"
Add component (AddParameter): Name = "Type"; Value = "Резистор"; VariantName = "[No Variations]"
Added Component: Designator=R42(C0805R)
Add component (AddParameter): Name = "Published"; Value = "24.03.2010"; VariantName = "[No Variations]"
Add component (AddParameter): Name = "Publisher"; Value = "Andrew Danich"; VariantName = "[No Variations]"
Add component (AddParameter): Name = "Type"; Value = "Резистор"; VariantName = "[No Variations]"
Added Component: Designator=R43(C0805R)
Add component (AddParameter): Name = "Published"; Value = "24.03.2010"; VariantName = "[No Variations]"
Add component (AddParameter): Name = "Publisher"; Value = "Andrew Danich"; VariantName = "[No Variations]"
Add component (AddParameter): Name = "Type"; Value = "Резистор"; VariantName = "[No Variations]"
Added Component: Designator=R44(C0805R)
Add component (AddParameter): Name = "Published"; Value = "24.03.2010"; VariantName = "[No Variations]"
Add component (AddParameter): Name = "Publisher"; Value = "Andrew Danich"; VariantName = "[No Variations]"
Add component (AddParameter): Name = "Type"; Value = "Резистор"; VariantName = "[No Variations]"
Added Component: Designator=R45(C0805R)
Add component (AddParameter): Name = "Published"; Value = "24.03.2010"; VariantName = "[No Variations]"
Add component (AddParameter): Name = "Publisher"; Value = "Andrew Danich"; VariantName = "[No Variations]"
Add component (AddParameter): Name = "Type"; Value = "Резистор"; VariantName = "[No Variations]"
Added Component: Designator=R46(C0805R)
Add component (AddParameter): Name = "Published"; Value = "24.03.2010"; VariantName = "[No Variations]"
Add component (AddParameter): Name = "Publisher"; Value = "Andrew Danich"; VariantName = "[No Variations]"
Add component (AddParameter): Name = "Type"; Value = "Резистор"; VariantName = "[No Variations]"
Added Component: Designator=R47(C0805R)
Add component (AddParameter): Name = "Published"; Value = "24.03.2010"; VariantName = "[No Variations]"
Add component (AddParameter): Name = "Publisher"; Value = "Andrew Danich"; VariantName = "[No Variations]"
Add component (AddParameter): Name = "Type"; Value = "Резистор"; VariantName = "[No Variations]"
Added Component: Designator=R48(C0805R)
Add component (AddParameter): Name = "Published"; Value = "24.03.2010"; VariantName = "[No Variations]"
Add component (AddParameter): Name = "Publisher"; Value = "Andrew Danich"; VariantName = "[No Variations]"
Add component (AddParameter): Name = "Type"; Value = "Резистор"; VariantName = "[No Variations]"
Added Component: Designator=R49(C0805R)
Add component (AddParameter): Name = "Published"; Value = "24.03.2010"; VariantName = "[No Variations]"
Add component (AddParameter): Name = "Publisher"; Value = "Andrew Danich"; VariantName = "[No Variations]"
Add component (AddParameter): Name = "Type"; Value = "Резистор"; VariantName = "[No Variations]"
Added Component: Designator=R50(C0805R)
Add component (AddParameter): Name = "Published"; Value = "24.03.2010"; VariantName = "[No Variations]"
Add component (AddParameter): Name = "Publisher"; Value = "Andrew Danich"; VariantName = "[No Variations]"
Add component (AddParameter): Name = "Type"; Value = "Резистор"; VariantName = "[No Variations]"
Added Component: Designator=R51(C0805R)
Add component (AddParameter): Name = "Published"; Value = "24.03.2010"; VariantName = "[No Variations]"
Add component (AddParameter): Name = "Publisher"; Value = "Andrew Danich"; VariantName = "[No Variations]"
Add component (AddParameter): Name = "Type"; Value = "Резистор"; VariantName = "[No Variations]"
Added Component: Designator=R52(C0805R)
Add component (AddParameter): Name = "Published"; Value = "24.03.2010"; VariantName = "[No Variations]"
Add component (AddParameter): Name = "Publisher"; Value = "Andrew Danich"; VariantName = "[No Variations]"
Add component (AddParameter): Name = "Type"; Value = "Резистор"; VariantName = "[No Variations]"
Added Component: Designator=R53(C0805R)
Add component (AddParameter): Name = "Published"; Value = "24.03.2010"; VariantName = "[No Variations]"
Add component (AddParameter): Name = "Publisher"; Value = "Andrew Danich"; VariantName = "[No Variations]"
Add component (AddParameter): Name = "Type"; Value = "Резистор"; VariantName = "[No Variations]"
Added Component: Designator=R54(C0805R)
Add component (AddParameter): Name = "Published"; Value = "24.03.2010"; VariantName = "[No Variations]"
Add component (AddParameter): Name = "Publisher"; Value = "Andrew Danich"; VariantName = "[No Variations]"
Add component (AddParameter): Name = "Type"; Value = "Резистор"; VariantName = "[No Variations]"
Added Component: Designator=R55(AXIAL-0.6)
Add component (AddParameter): Name = "Published"; Value = "24.03.2010"; VariantName = "[No Variations]"
Add component (AddParameter): Name = "Publisher"; Value = "Andrew Danich"; VariantName = "[No Variations]"
Add component (AddParameter): Name = "Type"; Value = "Резистор"; VariantName = "[No Variations]"
Added Component: Designator=R56(AXIAL-0.6)
Add component (AddParameter): Name = "Published"; Value = "24.03.2010"; VariantName = "[No Variations]"
Add component (AddParameter): Name = "Publisher"; Value = "Andrew Danich"; VariantName = "[No Variations]"
Add component (AddParameter): Name = "Type"; Value = "Резистор"; VariantName = "[No Variations]"
Added Component: Designator=R57(AXIAL-0.6)
Add component (AddParameter): Name = "Published"; Value = "24.03.2010"; VariantName = "[No Variations]"
Add component (AddParameter): Name = "Publisher"; Value = "Andrew Danich"; VariantName = "[No Variations]"
Add component (AddParameter): Name = "Type"; Value = "Резистор"; VariantName = "[No Variations]"
Added Component: Designator=R58(AXIAL-0.6)
Add component (AddParameter): Name = "Published"; Value = "24.03.2010"; VariantName = "[No Variations]"
Add component (AddParameter): Name = "Publisher"; Value = "Andrew Danich"; VariantName = "[No Variations]"
Add component (AddParameter): Name = "Type"; Value = "Резистор"; VariantName = "[No Variations]"
Added Component: Designator=R59(AXIAL-0.6)
Add component (AddParameter): Name = "Published"; Value = "24.03.2010"; VariantName = "[No Variations]"
Add component (AddParameter): Name = "Publisher"; Value = "Andrew Danich"; VariantName = "[No Variations]"
Add component (AddParameter): Name = "Type"; Value = "Резистор"; VariantName = "[No Variations]"
Added Component: Designator=R60(AXIAL-0.6)
Add component (AddParameter): Name = "Published"; Value = "24.03.2010"; VariantName = "[No Variations]"
Add component (AddParameter): Name = "Publisher"; Value = "Andrew Danich"; VariantName = "[No Variations]"
Add component (AddParameter): Name = "Type"; Value = "Резистор"; VariantName = "[No Variations]"
Added Component: Designator=R61(AXIAL-0.6)
Add component (AddParameter): Name = "Published"; Value = "24.03.2010"; VariantName = "[No Variations]"
Add component (AddParameter): Name = "Publisher"; Value = "Andrew Danich"; VariantName = "[No Variations]"
Add component (AddParameter): Name = "Type"; Value = "Резистор"; VariantName = "[No Variations]"
Added Component: Designator=R62(AXIAL-0.6)
Add component (AddParameter): Name = "Published"; Value = "24.03.2010"; VariantName = "[No Variations]"
Add component (AddParameter): Name = "Publisher"; Value = "Andrew Danich"; VariantName = "[No Variations]"
Add component (AddParameter): Name = "Type"; Value = "Резистор"; VariantName = "[No Variations]"
Added Component: Designator=R63(AXIAL-0.6)
Add component (AddParameter): Name = "Published"; Value = "24.03.2010"; VariantName = "[No Variations]"
Add component (AddParameter): Name = "Publisher"; Value = "Andrew Danich"; VariantName = "[No Variations]"
Add component (AddParameter): Name = "Type"; Value = "Резистор"; VariantName = "[No Variations]"
Added Component: Designator=SB1(1437566-3)
Add component (AddParameter): Name = "Published"; Value = "17.04.2014"; VariantName = "[No Variations]"
Add component (AddParameter): Name = "Publisher"; Value = "Andrew Danich"; VariantName = "[No Variations]"
Add component (AddParameter): Name = "Type"; Value = "Переключатель"; VariantName = "[No Variations]"
Added Component: Designator=VD1(DIO_LL4148)
Add component (AddParameter): Name = "Published"; Value = "18.05.2010"; VariantName = "[No Variations]"
Add component (AddParameter): Name = "Publisher"; Value = "Andrew Danich"; VariantName = "[No Variations]"
Add component (AddParameter): Name = "Type"; Value = "Диод"; VariantName = "[No Variations]"
Added Component: Designator=VD2(BAT54C_SOT23-3)
Added Component: Designator=VD3(DIO_LL4148)
Add component (AddParameter): Name = "Published"; Value = "18.05.2010"; VariantName = "[No Variations]"
Add component (AddParameter): Name = "Publisher"; Value = "Andrew Danich"; VariantName = "[No Variations]"
Add component (AddParameter): Name = "Type"; Value = "Диод"; VariantName = "[No Variations]"
Added Component: Designator=VD4(DO-41)
Add component (AddParameter): Name = "Published"; Value = "20.05.2013"; VariantName = "[No Variations]"
Add component (AddParameter): Name = "Publisher"; Value = "Andrew Danich"; VariantName = "[No Variations]"
Add component (AddParameter): Name = "Type"; Value = "Стабилитрон"; VariantName = "[No Variations]"
Added Component: Designator=VD5(DO-41)
Add component (AddParameter): Name = "Published"; Value = "20.05.2013"; VariantName = "[No Variations]"
Add component (AddParameter): Name = "Publisher"; Value = "Andrew Danich"; VariantName = "[No Variations]"
Add component (AddParameter): Name = "Type"; Value = "Стабилитрон"; VariantName = "[No Variations]"
Added Component: Designator=VD6(DO-41)
Add component (AddParameter): Name = "Published"; Value = "20.05.2013"; VariantName = "[No Variations]"
Add component (AddParameter): Name = "Publisher"; Value = "Andrew Danich"; VariantName = "[No Variations]"
Add component (AddParameter): Name = "Type"; Value = "Стабилитрон"; VariantName = "[No Variations]"
Added Component: Designator=VD7(DO-41)
Add component (AddParameter): Name = "Published"; Value = "18.05.2010"; VariantName = "[No Variations]"
Add component (AddParameter): Name = "Publisher"; Value = "Andrew Danich"; VariantName = "[No Variations]"
Add component (AddParameter): Name = "Type"; Value = "Диод"; VariantName = "[No Variations]"
Added Component: Designator=VD8(DO-41)
Add component (AddParameter): Name = "Published"; Value = "18.05.2010"; VariantName = "[No Variations]"
Add component (AddParameter): Name = "Publisher"; Value = "Andrew Danich"; VariantName = "[No Variations]"
Add component (AddParameter): Name = "Type"; Value = "Диод"; VariantName = "[No Variations]"
Added Component: Designator=VD9(DO-41)
Add component (AddParameter): Name = "Published"; Value = "18.05.2010"; VariantName = "[No Variations]"
Add component (AddParameter): Name = "Publisher"; Value = "Andrew Danich"; VariantName = "[No Variations]"
Add component (AddParameter): Name = "Type"; Value = "Диод"; VariantName = "[No Variations]"
Added Component: Designator=VT1(TO-92-A)
Add component (AddParameter): Name = "Published"; Value = "07.05.2013"; VariantName = "[No Variations]"
Add component (AddParameter): Name = "Publisher"; Value = "Andrew Danich"; VariantName = "[No Variations]"
Add component (AddParameter): Name = "Type"; Value = "Транзистор"; VariantName = "[No Variations]"
Added Component: Designator=VT2(TO-92-A)
Add component (AddParameter): Name = "Published"; Value = "07.05.2013"; VariantName = "[No Variations]"
Add component (AddParameter): Name = "Publisher"; Value = "Andrew Danich"; VariantName = "[No Variations]"
Add component (AddParameter): Name = "Type"; Value = "Транзистор"; VariantName = "[No Variations]"
Added Component: Designator=VT3(TO-92-A)
Add component (AddParameter): Name = "Published"; Value = "07.05.2013"; VariantName = "[No Variations]"
Add component (AddParameter): Name = "Publisher"; Value = "Andrew Danich"; VariantName = "[No Variations]"
Add component (AddParameter): Name = "Type"; Value = "Транзистор"; VariantName = "[No Variations]"
Added Component: Designator=VT4(TO-126)
Add component (AddParameter): Name = "Published"; Value = "07.05.2013"; VariantName = "[No Variations]"
Add component (AddParameter): Name = "Publisher"; Value = "Andrew Danich"; VariantName = "[No Variations]"
Add component (AddParameter): Name = "Type"; Value = "Транзистор"; VariantName = "[No Variations]"
Added Component: Designator=VT5(TO-92-A)
Add component (AddParameter): Name = "Published"; Value = "07.05.2013"; VariantName = "[No Variations]"
Add component (AddParameter): Name = "Publisher"; Value = "Andrew Danich"; VariantName = "[No Variations]"
Add component (AddParameter): Name = "Type"; Value = "Транзистор"; VariantName = "[No Variations]"
Added Component: Designator=VT6(TO-126)
Add component (AddParameter): Name = "Published"; Value = "07.05.2013"; VariantName = "[No Variations]"
Add component (AddParameter): Name = "Publisher"; Value = "Andrew Danich"; VariantName = "[No Variations]"
Add component (AddParameter): Name = "Type"; Value = "Транзистор"; VariantName = "[No Variations]"
Added Component: Designator=VT7(TO-92-A)
Add component (AddParameter): Name = "Published"; Value = "07.05.2013"; VariantName = "[No Variations]"
Add component (AddParameter): Name = "Publisher"; Value = "Andrew Danich"; VariantName = "[No Variations]"
Add component (AddParameter): Name = "Type"; Value = "Транзистор"; VariantName = "[No Variations]"
Added Component: Designator=XS1(DG25C-B-02P-13)
Add component (AddParameter): Name = "Published"; Value = "07.03.2013"; VariantName = "[No Variations]"
Add component (AddParameter): Name = "Publisher"; Value = "Andrew Danich"; VariantName = "[No Variations]"
Add component (AddParameter): Name = "Specification"; Value = ""; VariantName = "[No Variations]"
Add component (AddParameter): Name = "Type"; Value = "Розетка"; VariantName = "[No Variations]"
Add component (AddParameter): Name = "Value"; Value = "Connector"; VariantName = "[No Variations]"
Added Component: Designator=XS2(YX-XH-3)
Add component (AddParameter): Name = "Published"; Value = "07.03.2013"; VariantName = "[No Variations]"
Add component (AddParameter): Name = "Publisher"; Value = "Andrew Danich"; VariantName = "[No Variations]"
Add component (AddParameter): Name = "Type"; Value = "Розетка"; VariantName = "[No Variations]"
Added Component: Designator=XS3(YX-XH-3)
Add component (AddParameter): Name = "Published"; Value = "07.03.2013"; VariantName = "[No Variations]"
Add component (AddParameter): Name = "Publisher"; Value = "Andrew Danich"; VariantName = "[No Variations]"
Add component (AddParameter): Name = "Type"; Value = "Розетка"; VariantName = "[No Variations]"
Added Component: Designator=XS4(YX-XH-3)
Add component (AddParameter): Name = "Published"; Value = "07.03.2013"; VariantName = "[No Variations]"
Add component (AddParameter): Name = "Publisher"; Value = "Andrew Danich"; VariantName = "[No Variations]"
Add component (AddParameter): Name = "Type"; Value = "Розетка"; VariantName = "[No Variations]"
Added Component: Designator=XS5(YX-XH-3)
Add component (AddParameter): Name = "Published"; Value = "07.03.2013"; VariantName = "[No Variations]"
Add component (AddParameter): Name = "Publisher"; Value = "Andrew Danich"; VariantName = "[No Variations]"
Add component (AddParameter): Name = "Type"; Value = "Розетка"; VariantName = "[No Variations]"
Added Component: Designator=XS6(YX-XH-3)
Add component (AddParameter): Name = "Published"; Value = "07.03.2013"; VariantName = "[No Variations]"
Add component (AddParameter): Name = "Publisher"; Value = "Andrew Danich"; VariantName = "[No Variations]"
Add component (AddParameter): Name = "Type"; Value = "Розетка"; VariantName = "[No Variations]"
Added Component: Designator=XS7(YX-XH-3)
Add component (AddParameter): Name = "Published"; Value = "07.03.2013"; VariantName = "[No Variations]"
Add component (AddParameter): Name = "Publisher"; Value = "Andrew Danich"; VariantName = "[No Variations]"
Add component (AddParameter): Name = "Type"; Value = "Розетка"; VariantName = "[No Variations]"
Added Component: Designator=XS8(WF-4)
Add component (AddParameter): Name = "Published"; Value = "07.03.2013"; VariantName = "[No Variations]"
Add component (AddParameter): Name = "Publisher"; Value = "Andrew Danich"; VariantName = "[No Variations]"
Add component (AddParameter): Name = "Specification"; Value = ""; VariantName = "[No Variations]"
Add component (AddParameter): Name = "Type"; Value = "Розетка"; VariantName = "[No Variations]"
Add component (AddParameter): Name = "Value"; Value = "Connector"; VariantName = "[No Variations]"
Added Component: Designator=XS9(WF-4)
Add component (AddParameter): Name = "Published"; Value = "07.03.2013"; VariantName = "[No Variations]"
Add component (AddParameter): Name = "Publisher"; Value = "Andrew Danich"; VariantName = "[No Variations]"
Add component (AddParameter): Name = "Specification"; Value = ""; VariantName = "[No Variations]"
Add component (AddParameter): Name = "Type"; Value = "Розетка"; VariantName = "[No Variations]"
Add component (AddParameter): Name = "Value"; Value = "Connector"; VariantName = "[No Variations]"
Added Component: Designator=XS10(IDC-20)
Add component (AddParameter): Name = "Published"; Value = "07.03.2013"; VariantName = "[No Variations]"
Add component (AddParameter): Name = "Publisher"; Value = "Andrew Danich"; VariantName = "[No Variations]"
Add component (AddParameter): Name = "Specification"; Value = ""; VariantName = "[No Variations]"
Add component (AddParameter): Name = "Type"; Value = "Розетка"; VariantName = "[No Variations]"
Add component (AddParameter): Name = "Value"; Value = "Connector"; VariantName = "[No Variations]"
Added Component: Designator=XS11(WF-2)
Add component (AddParameter): Name = "Published"; Value = "07.03.2013"; VariantName = "[No Variations]"
Add component (AddParameter): Name = "Publisher"; Value = "Andrew Danich"; VariantName = "[No Variations]"
Add component (AddParameter): Name = "Specification"; Value = ""; VariantName = "[No Variations]"
Add component (AddParameter): Name = "Type"; Value = "Розетка"; VariantName = "[No Variations]"
Add component (AddParameter): Name = "Value"; Value = "Connector"; VariantName = "[No Variations]"
Added Component: Designator=XS12(WF-5)
Add component (AddParameter): Name = "Published"; Value = "07.03.2013"; VariantName = "[No Variations]"
Add component (AddParameter): Name = "Publisher"; Value = "Andrew Danich"; VariantName = "[No Variations]"
Add component (AddParameter): Name = "Specification"; Value = ""; VariantName = "[No Variations]"
Add component (AddParameter): Name = "Type"; Value = "Розетка"; VariantName = "[No Variations]"
Add component (AddParameter): Name = "Value"; Value = "Connector"; VariantName = "[No Variations]"
Added Component: Designator=XS13(PLD2-3)
Add component (AddParameter): Name = "Published"; Value = "07.03.2013"; VariantName = "[No Variations]"
Add component (AddParameter): Name = "Publisher"; Value = "Andrew Danich"; VariantName = "[No Variations]"
Add component (AddParameter): Name = "Specification"; Value = ""; VariantName = "[No Variations]"
Add component (AddParameter): Name = "Type"; Value = "Розетка"; VariantName = "[No Variations]"
Add component (AddParameter): Name = "Value"; Value = "Connector"; VariantName = "[No Variations]"
Added Component: Designator=XS14(IDC-20)
Add component (AddParameter): Name = "Published"; Value = "07.03.2013"; VariantName = "[No Variations]"
Add component (AddParameter): Name = "Publisher"; Value = "Andrew Danich"; VariantName = "[No Variations]"
Add component (AddParameter): Name = "Specification"; Value = ""; VariantName = "[No Variations]"
Add component (AddParameter): Name = "Type"; Value = "Розетка"; VariantName = "[No Variations]"
Add component (AddParameter): Name = "Value"; Value = "Connector"; VariantName = "[No Variations]"
Added Component: Designator=XS15(SAMTEC_USB-B-S-X-X-TH)
Add component (AddParameter): Name = "Published"; Value = "11.04.2016"; VariantName = "[No Variations]"
Add component (AddParameter): Name = "Publisher"; Value = "Andrew Danich"; VariantName = "[No Variations]"
Add component (AddParameter): Name = "Type"; Value = "Розетка"; VariantName = "[No Variations]"
Added Component: Designator=XS16(WF-5)
Add component (AddParameter): Name = "Published"; Value = "07.03.2013"; VariantName = "[No Variations]"
Add component (AddParameter): Name = "Publisher"; Value = "Andrew Danich"; VariantName = "[No Variations]"
Add component (AddParameter): Name = "Specification"; Value = ""; VariantName = "[No Variations]"
Add component (AddParameter): Name = "Type"; Value = "Розетка"; VariantName = "[No Variations]"
Add component (AddParameter): Name = "Value"; Value = "Connector"; VariantName = "[No Variations]"
Added Component: Designator=XS17(WF-2)
Add component (AddParameter): Name = "Published"; Value = "07.03.2013"; VariantName = "[No Variations]"
Add component (AddParameter): Name = "Publisher"; Value = "Andrew Danich"; VariantName = "[No Variations]"
Add component (AddParameter): Name = "Specification"; Value = ""; VariantName = "[No Variations]"
Add component (AddParameter): Name = "Type"; Value = "Розетка"; VariantName = "[No Variations]"
Add component (AddParameter): Name = "Value"; Value = "Connector"; VariantName = "[No Variations]"
Added Component: Designator=XS18(WF-2)
Add component (AddParameter): Name = "Published"; Value = "07.03.2013"; VariantName = "[No Variations]"
Add component (AddParameter): Name = "Publisher"; Value = "Andrew Danich"; VariantName = "[No Variations]"
Add component (AddParameter): Name = "Specification"; Value = ""; VariantName = "[No Variations]"
Add component (AddParameter): Name = "Type"; Value = "Розетка"; VariantName = "[No Variations]"
Add component (AddParameter): Name = "Value"; Value = "Connector"; VariantName = "[No Variations]"
Added Component: Designator=Z1(HCM1206X)
Added Component: Designator=ZQ1(HC49SM)
Add component (AddParameter): Name = "Published"; Value = "08.03.2013"; VariantName = "[No Variations]"
Add component (AddParameter): Name = "Publisher"; Value = "Andrew Danich"; VariantName = "[No Variations]"
Add component (AddParameter): Name = "Type"; Value = "Резонатор"; VariantName = "[No Variations]"
Add Pin To Net: Unknown Pin: Pin C1-1
Add Pin To Net: Unknown Pin: Pin C1-2
Added Pin To Net: NetName=GND Pin=C2-1
Added Pin To Net: NetName=+12V Pin=C2-2
Added Pin To Net: NetName=GND Pin=C3-1
Added Pin To Net: NetName=3V3 Pin=C3-2
Added Pin To Net: NetName=GND Pin=C4-1
Added Pin To Net: NetName=3V3 Pin=C4-2
Added Pin To Net: NetName=3V3 Pin=C5-1
Added Pin To Net: NetName=GND Pin=C5-2
Add Pin To Net: Unknown Pin: Pin C6-1
Add Pin To Net: Unknown Pin: Pin C6-2
Added Pin To Net: NetName=GND Pin=C7-1
Added Pin To Net: NetName=+12V Pin=C7-2
Added Pin To Net: NetName=GND Pin=C8-1
Added Pin To Net: NetName=5V Pin=C8-2
Added Pin To Net: NetName=GND Pin=C9-1
Added Pin To Net: NetName=5V Pin=C9-2
Added Pin To Net: NetName=5V Pin=C10-1
Added Pin To Net: NetName=GND Pin=C10-2
Added Pin To Net: NetName=GND Pin=C11-1
Added Pin To Net: NetName=GND Pin=C12-1
Added Pin To Net: NetName=+8V Pin=C12-2
Added Pin To Net: NetName=GND Pin=C13-1
Added Pin To Net: NetName=3V3 Pin=C13-2
Added Pin To Net: NetName=GND Pin=C14-1
Added Pin To Net: NetName=3V3 Pin=C14-2
Added Pin To Net: NetName=GND Pin=C15-1
Added Pin To Net: NetName=NetC15_2 Pin=C15-2
Added Pin To Net: NetName=GND Pin=C16-1
Added Pin To Net: NetName=NetC16_2 Pin=C16-2
Added Pin To Net: NetName=NetC16_2 Pin=C17-1
Added Pin To Net: NetName=NetC17_2 Pin=C17-2
Added Pin To Net: NetName=GND Pin=C18-1
Added Pin To Net: NetName=NetC18_2 Pin=C18-2
Added Pin To Net: NetName=GND Pin=C19-1
Added Pin To Net: NetName=NetC19_2 Pin=C19-2
Added Pin To Net: NetName=NetC19_2 Pin=C20-1
Added Pin To Net: NetName=NetC20_2 Pin=C20-2
Added Pin To Net: NetName=+12V Pin=C21-1
Added Pin To Net: NetName=GND Pin=C21-2
Added Pin To Net: NetName=NetC22_1 Pin=C22-1
Added Pin To Net: NetName=GND Pin=C22-2
Added Pin To Net: NetName=GND Pin=C23-1
Added Pin To Net: NetName=NetC23_2 Pin=C23-2
Added Pin To Net: NetName=GND Pin=C24-1
Added Pin To Net: NetName=NetC24_2 Pin=C24-2
Added Pin To Net: NetName=GND Pin=C25-1
Added Pin To Net: NetName=NRST Pin=C25-2
Added Pin To Net: NetName=GND Pin=C26-1
Added Pin To Net: NetName=3V3 Pin=C26-2
Added Pin To Net: NetName=GND Pin=C27-1
Added Pin To Net: NetName=3V3 Pin=C27-2
Added Pin To Net: NetName=GND Pin=C28-1
Added Pin To Net: NetName=3V3 Pin=C28-2
Added Pin To Net: NetName=GND Pin=C29-1
Added Pin To Net: NetName=3V3 Pin=C29-2
Added Pin To Net: NetName=GND Pin=C30-1
Added Pin To Net: NetName=3V3 Pin=C30-2
Added Pin To Net: NetName=GND Pin=C31-1
Added Pin To Net: NetName=5V Pin=C31-2
Added Pin To Net: NetName=GND Pin=C32-1
Added Pin To Net: NetName=3V3 Pin=C32-2
Added Pin To Net: NetName=GND Pin=C33-1
Added Pin To Net: NetName=NetC33_2 Pin=C33-2
Added Pin To Net: NetName=+12V Pin=DA1-1
Added Pin To Net: NetName=GND Pin=DA1-2
Added Pin To Net: NetName=+8V Pin=DA1-3
Added Pin To Net: NetName=NetC17_2 Pin=DA2-1
Added Pin To Net: NetName=NetC16_2 Pin=DA2-2
Added Pin To Net: NetName=NetDA2_3 Pin=DA2-3
Added Pin To Net: NetName=+8V Pin=DA2-4
Added Pin To Net: NetName=NetC16_2 Pin=DA2-5
Added Pin To Net: NetName=NetDA2_6 Pin=DA2-6
Added Pin To Net: NetName=NetDA2_6 Pin=DA2-7
Added Pin To Net: NetName=NetDA2_8 Pin=DA2-8
Added Pin To Net: NetName=NetDA2_8 Pin=DA2-9
Added Pin To Net: NetName=NetC19_2 Pin=DA2-10
Added Pin To Net: NetName=GND Pin=DA2-11
Added Pin To Net: NetName=NetDA2_12 Pin=DA2-12
Added Pin To Net: NetName=NetC19_2 Pin=DA2-13
Added Pin To Net: NetName=NetC20_2 Pin=DA2-14
Added Pin To Net: NetName=NetDA3_1 Pin=DA3-1
Added Pin To Net: NetName=GND Pin=DA3-2
Added Pin To Net: NetName=GND Pin=DA3-3
Added Pin To Net: NetName=NetDA3_4 Pin=DA3-4
Added Pin To Net: NetName=NetDA4_1 Pin=DA4-1
Added Pin To Net: NetName=GND Pin=DA4-2
Added Pin To Net: NetName=GND Pin=DA4-3
Added Pin To Net: NetName=NetDA4_4 Pin=DA4-4
Added Pin To Net: NetName=NetDA5_1 Pin=DA5-1
Added Pin To Net: NetName=NetDA5_2 Pin=DA5-2
Added Pin To Net: NetName=GND Pin=DA5-3
Added Pin To Net: NetName=PTT_KSD Pin=DA5-4
Added Pin To Net: NetName=NetDA6_1 Pin=DA6-1
Added Pin To Net: NetName=GND Pin=DA6-2
Added Pin To Net: NetName=GND Pin=DA6-3
Added Pin To Net: NetName=NetDA6_4 Pin=DA6-4
Added Pin To Net: NetName=NetDA7_1 Pin=DA7-1
Added Pin To Net: NetName=GND Pin=DA7-2
Added Pin To Net: NetName=GND Pin=DA7-3
Added Pin To Net: NetName=NetDA7_4 Pin=DA7-4
Added Pin To Net: NetName=GND Pin=DD1-1
Added Pin To Net: NetName=3V3 Pin=DD1-2
Added Pin To Net: NetName=+12V Pin=DD1-3
Added Pin To Net: NetName=3V3 Pin=DD1-4
Added Pin To Net: NetName=GND Pin=DD2-1
Added Pin To Net: NetName=5V Pin=DD2-2
Added Pin To Net: NetName=+12V Pin=DD2-3
Added Pin To Net: NetName=5V Pin=DD2-4
Added Pin To Net: NetName=CAN1_TXD Pin=DD3-1
Added Pin To Net: NetName=GND Pin=DD3-2
Added Pin To Net: NetName=3V3 Pin=DD3-3
Added Pin To Net: NetName=CAN1_RXD Pin=DD3-4
Added Pin To Net: NetName=NetDD3_6 Pin=DD3-6
Added Pin To Net: NetName=NetDD3_7 Pin=DD3-7
Added Pin To Net: NetName=NetDD3_8 Pin=DD3-8
Added Pin To Net: NetName=FLASH_CS Pin=DD4-1
Added Pin To Net: NetName=FLASH_MISO Pin=DD4-2
Added Pin To Net: NetName=3V3 Pin=DD4-3
Added Pin To Net: NetName=GND Pin=DD4-4
Added Pin To Net: NetName=FLASH_MOSI Pin=DD4-5
Added Pin To Net: NetName=FLASH_CLK Pin=DD4-6
Added Pin To Net: NetName=3V3 Pin=DD4-7
Added Pin To Net: NetName=3V3 Pin=DD4-8
Added Pin To Net: NetName=3V3 Pin=DD5-1
Added Pin To Net: NetName=RS_EN Pin=DD5-2
Added Pin To Net: NetName=NetC23_2 Pin=DD5-5
Added Pin To Net: NetName=NetC24_2 Pin=DD5-6
Added Pin To Net: NetName=NRST Pin=DD5-7
Added Pin To Net: NetName=GND Pin=DD5-8
Added Pin To Net: NetName=3V3 Pin=DD5-9
Added Pin To Net: NetName=PWM_1 Pin=DD5-10
Added Pin To Net: NetName=PWM_2 Pin=DD5-11
Added Pin To Net: NetName=RS_TX Pin=DD5-12
Added Pin To Net: NetName=RS_RX Pin=DD5-13
Added Pin To Net: NetName=FLASH_CS Pin=DD5-14
Added Pin To Net: NetName=FLASH_CLK Pin=DD5-15
Added Pin To Net: NetName=FLASH_MISO Pin=DD5-16
Added Pin To Net: NetName=FLASH_MOSI Pin=DD5-17
Added Pin To Net: NetName=SWR_R Pin=DD5-18
Added Pin To Net: NetName=SWR_F Pin=DD5-19
Added Pin To Net: NetName=NetDD5_20 Pin=DD5-20
Added Pin To Net: NetName=I2C3_SCL Pin=DD5-21
Added Pin To Net: NetName=I2C3_SDA Pin=DD5-22
Added Pin To Net: NetName=GND Pin=DD5-23
Added Pin To Net: NetName=3V3 Pin=DD5-24
Added Pin To Net: NetName=T_1 Pin=DD5-25
Added Pin To Net: NetName=BIAS Pin=DD5-26
Added Pin To Net: NetName=RELAY Pin=DD5-27
Added Pin To Net: NetName=PTT Pin=DD5-28
Added Pin To Net: NetName=PTT_KSD Pin=DD5-29
Added Pin To Net: NetName=DS18B20 Pin=DD5-30
Added Pin To Net: NetName=LNA Pin=DD5-31
Added Pin To Net: NetName=NetDD5_32 Pin=DD5-32
Added Pin To Net: NetName=NetDD5_33 Pin=DD5-33
Added Pin To Net: NetName=JTMS Pin=DD5-34
Added Pin To Net: NetName=GND Pin=DD5-35
Added Pin To Net: NetName=3V3 Pin=DD5-36
Added Pin To Net: NetName=JTCK Pin=DD5-37
Added Pin To Net: NetName=JTDI Pin=DD5-38
Added Pin To Net: NetName=JTDO Pin=DD5-39
Added Pin To Net: NetName=JNTRST Pin=DD5-40
Added Pin To Net: NetName=LCD_SCL Pin=DD5-42
Added Pin To Net: NetName=LCD_SDA Pin=DD5-43
Added Pin To Net: NetName=NetDD5_44 Pin=DD5-44
Added Pin To Net: NetName=CAN1_RXD Pin=DD5-45
Added Pin To Net: NetName=CAN1_TXD Pin=DD5-46
Added Pin To Net: NetName=GND Pin=DD5-47
Added Pin To Net: NetName=3V3 Pin=DD5-48
Added Pin To Net: NetName=A0 Pin=DD6-1
Added Pin To Net: NetName=A1 Pin=DD6-2
Added Pin To Net: NetName=A2 Pin=DD6-3
Added Pin To Net: NetName=P0 Pin=DD6-4
Added Pin To Net: NetName=P1 Pin=DD6-5
Added Pin To Net: NetName=P2 Pin=DD6-6
Added Pin To Net: NetName=P3 Pin=DD6-7
Added Pin To Net: NetName=GND Pin=DD6-8
Added Pin To Net: NetName=P4 Pin=DD6-9
Added Pin To Net: NetName=P5 Pin=DD6-10
Added Pin To Net: NetName=P6 Pin=DD6-11
Added Pin To Net: NetName=P7 Pin=DD6-12
Added Pin To Net: NetName=NetDD6_14 Pin=DD6-14
Added Pin To Net: NetName=NetDD6_15 Pin=DD6-15
Added Pin To Net: NetName=5V Pin=DD6-16
Added Pin To Net: NetName=GND Pin=DD7-1
Added Pin To Net: NetName=3V3 Pin=DD7-2
Added Pin To Net: NetName=LCD_SCL Pin=DD7-3
Added Pin To Net: NetName=LCD_SDA Pin=DD7-4
Added Pin To Net: NetName=NetDD6_15 Pin=DD7-5
Added Pin To Net: NetName=NetDD6_14 Pin=DD7-6
Added Pin To Net: NetName=NetDD7_7 Pin=DD7-7
Added Pin To Net: NetName=NetDD7_7 Pin=DD7-8
Added Pin To Net: NetName=NetDD8_1 Pin=DD8-1
Added Pin To Net: NetName=NetDD8_2 Pin=DD8-2
Added Pin To Net: NetName=NetDD8_3 Pin=DD8-3
Added Pin To Net: NetName=GND Pin=DD8-4
Added Pin To Net: NetName=I2C3_SDA Pin=DD8-5
Added Pin To Net: NetName=I2C3_SCL Pin=DD8-6
Added Pin To Net: NetName=GND Pin=DD8-7
Added Pin To Net: NetName=3V3 Pin=DD8-8
Added Pin To Net: NetName=GND Pin=DD9-1
Added Pin To Net: NetName=USB_D_P Pin=DD9-2
Added Pin To Net: NetName=USB_D_N Pin=DD9-3
Added Pin To Net: NetName=NetC33_2 Pin=DD9-4
Added Pin To Net: NetName=NetC22_1 Pin=L1-1
Added Pin To Net: NetName=NetL1_2 Pin=L1-2
Added Pin To Net: NetName=NetDD3_8 Pin=R1-1
Added Pin To Net: NetName=GND Pin=R1-2
Added Pin To Net: NetName=NetDD3_7 Pin=R2-1
Added Pin To Net: NetName=NetDD3_6 Pin=R2-2
Added Pin To Net: NetName=FLASH_CS Pin=R3-1
Added Pin To Net: NetName=3V3 Pin=R3-2
Added Pin To Net: NetName=3V3 Pin=R4-1
Added Pin To Net: NetName=DS18B20 Pin=R4-2
Added Pin To Net: NetName=NetR5_1 Pin=R5-1
Added Pin To Net: NetName=NetC15_2 Pin=R5-2
Added Pin To Net: NetName=SWR_R Pin=R6-1
Added Pin To Net: NetName=NetDA2_6 Pin=R6-2
Added Pin To Net: NetName=NetR5_1 Pin=R7-1
Added Pin To Net: NetName=NetDA2_3 Pin=R7-2
Added Pin To Net: NetName=NetR7_3 Pin=R7-3
Added Pin To Net: NetName=NetC16_2 Pin=R8-1
Added Pin To Net: NetName=GND Pin=R8-2
Added Pin To Net: NetName=GND Pin=R9-1
Added Pin To Net: NetName=NetR7_3 Pin=R9-2
Added Pin To Net: NetName=NetR10_1 Pin=R10-1
Added Pin To Net: NetName=NetC18_2 Pin=R10-2
Added Pin To Net: NetName=SWR_F Pin=R11-1
Added Pin To Net: NetName=NetDA2_8 Pin=R11-2
Added Pin To Net: NetName=NetR10_1 Pin=R12-1
Added Pin To Net: NetName=NetDA2_12 Pin=R12-2
Added Pin To Net: NetName=NetR12_3 Pin=R12-3
Added Pin To Net: NetName=GND Pin=R13-1
Added Pin To Net: NetName=NetC19_2 Pin=R13-2
Added Pin To Net: NetName=GND Pin=R14-1
Added Pin To Net: NetName=NetR12_3 Pin=R14-2
Added Pin To Net: NetName=T_1 Pin=R15-1
Added Pin To Net: NetName=+12V Pin=R15-2
Added Pin To Net: NetName=T_2 Pin=R16-1
Added Pin To Net: NetName=+12V Pin=R16-2
Added Pin To Net: NetName=PWM_1 Pin=R17-1
Added Pin To Net: NetName=NetR17_2 Pin=R17-2
Added Pin To Net: NetName=PWM_2 Pin=R18-1
Added Pin To Net: NetName=NetR18_2 Pin=R18-2
Added Pin To Net: NetName=JNTRST Pin=R19-1
Added Pin To Net: NetName=3V3 Pin=R19-2
Added Pin To Net: NetName=JTDI Pin=R20-1
Added Pin To Net: NetName=3V3 Pin=R20-2
Added Pin To Net: NetName=JTMS Pin=R21-1
Added Pin To Net: NetName=3V3 Pin=R21-2
Added Pin To Net: NetName=JTDO Pin=R22-1
Added Pin To Net: NetName=3V3 Pin=R22-2
Added Pin To Net: NetName=GND Pin=R23-1
Added Pin To Net: NetName=JTCK Pin=R23-2
Added Pin To Net: NetName=+12V Pin=R24-1
Added Pin To Net: NetName=NetR24_2 Pin=R24-2
Added Pin To Net: NetName=NetR25_1 Pin=R25-1
Added Pin To Net: NetName=+12V Pin=R25-2
Added Pin To Net: NetName=NetDA3_1 Pin=R26-1
Added Pin To Net: NetName=BIAS Pin=R26-2
Added Pin To Net: NetName=NetR24_2 Pin=R27-1
Added Pin To Net: NetName=NetDA3_4 Pin=R27-2
Added Pin To Net: NetName=NetL1_2 Pin=R28-1
Added Pin To Net: NetName=NetR28_2 Pin=R28-2
Added Pin To Net: NetName=+18V Pin=R29-1
Added Pin To Net: NetName=NetR29_2 Pin=R29-2
Added Pin To Net: NetName=NetDA4_1 Pin=R30-1
Added Pin To Net: NetName=RELAY Pin=R30-2
Added Pin To Net: NetName=NetR29_2 Pin=R31-1
Added Pin To Net: NetName=NetDA4_4 Pin=R31-2
Added Pin To Net: NetName=NetR32_1 Pin=R32-1
Added Pin To Net: NetName=+12V Pin=R32-2
Added Pin To Net: NetName=NetDA5_1 Pin=R33-1
Added Pin To Net: NetName=+12V Pin=R33-2
Added Pin To Net: NetName=NetR34_1 Pin=R34-1
Added Pin To Net: NetName=NetDD5_20 Pin=R34-2
Added Pin To Net: NetName=3V3 Pin=R35-1
Added Pin To Net: NetName=NRST Pin=R35-2
Added Pin To Net: NetName=NetR36_1 Pin=R36-1
Added Pin To Net: NetName=NetDD5_44 Pin=R36-2
Added Pin To Net: NetName=NetC24_2 Pin=R37-1
Added Pin To Net: NetName=NetC23_2 Pin=R37-2
Added Pin To Net: NetName=5V Pin=R38-1
Added Pin To Net: NetName=NetR38_2 Pin=R38-2
Added Pin To Net: NetName=GND Pin=R38-3
Added Pin To Net: NetName=A2 Pin=R39-1
Added Pin To Net: NetName=5V Pin=R39-2
Added Pin To Net: NetName=A1 Pin=R40-1
Added Pin To Net: NetName=5V Pin=R40-2
Added Pin To Net: NetName=A0 Pin=R41-1
Added Pin To Net: NetName=5V Pin=R41-2
Added Pin To Net: NetName=NetDD6_15 Pin=R42-1
Added Pin To Net: NetName=5V Pin=R42-2
Added Pin To Net: NetName=NetDD6_14 Pin=R43-1
Added Pin To Net: NetName=5V Pin=R43-2
Added Pin To Net: NetName=LCD_SCL Pin=R44-1
Added Pin To Net: NetName=3V3 Pin=R44-2
Added Pin To Net: NetName=LCD_SDA Pin=R45-1
Added Pin To Net: NetName=3V3 Pin=R45-2
Added Pin To Net: NetName=NetDD7_7 Pin=R46-1
Added Pin To Net: NetName=5V Pin=R46-2
Added Pin To Net: NetName=P3 Pin=R47-1
Added Pin To Net: NetName=5V Pin=R47-2
Added Pin To Net: NetName=I2C3_SDA Pin=R48-1
Added Pin To Net: NetName=3V3 Pin=R48-2
Added Pin To Net: NetName=I2C3_SCL Pin=R49-1
Added Pin To Net: NetName=3V3 Pin=R49-2
Added Pin To Net: NetName=NetDD8_1 Pin=R50-1
Added Pin To Net: NetName=3V3 Pin=R50-2
Added Pin To Net: NetName=NetDD8_2 Pin=R51-1
Added Pin To Net: NetName=3V3 Pin=R51-2
Added Pin To Net: NetName=NetDD8_3 Pin=R52-1
Added Pin To Net: NetName=3V3 Pin=R52-2
Added Pin To Net: NetName=NetDD5_32 Pin=R53-1
Added Pin To Net: NetName=USB_D_N Pin=R53-2
Added Pin To Net: NetName=NetDD5_33 Pin=R54-1
Added Pin To Net: NetName=USB_D_P Pin=R54-2
Added Pin To Net: NetName=+18V Pin=R55-1
Added Pin To Net: NetName=NetR55_2 Pin=R55-2
Added Pin To Net: NetName=NetR56_1 Pin=R56-1
Added Pin To Net: NetName=NetDA5_2 Pin=R56-2
Added Pin To Net: NetName=NetDA6_1 Pin=R57-1
Added Pin To Net: NetName=PTT Pin=R57-2
Added Pin To Net: NetName=NetR55_2 Pin=R58-1
Added Pin To Net: NetName=NetDA6_4 Pin=R58-2
Added Pin To Net: NetName=+12V Pin=R59-1
Added Pin To Net: NetName=NetR59_2 Pin=R59-2
Added Pin To Net: NetName=NetDA7_1 Pin=R60-1
Added Pin To Net: NetName=LNA Pin=R60-2
Added Pin To Net: NetName=NetR59_2 Pin=R61-1
Added Pin To Net: NetName=NetDA7_4 Pin=R61-2
Added Pin To Net: NetName=NetR62_1 Pin=R62-1
Added Pin To Net: NetName=NetR62_2 Pin=R62-2
Added Pin To Net: NetName=NetR62_1 Pin=R63-1
Added Pin To Net: NetName=GND Pin=R63-2
Added Pin To Net: NetName=NRST Pin=SB1-1
Added Pin To Net: NetName=GND Pin=SB1-2
Added Pin To Net: NetName=NetC17_2 Pin=VD1-1
Added Pin To Net: NetName=NetC16_2 Pin=VD1-2
Added Pin To Net: NetName=SWR_R Pin=VD2-1
Added Pin To Net: NetName=SWR_F Pin=VD2-2
Added Pin To Net: NetName=3V3 Pin=VD2-3
Added Pin To Net: NetName=NetC20_2 Pin=VD3-1
Added Pin To Net: NetName=NetC19_2 Pin=VD3-2
Added Pin To Net: NetName=GND Pin=VD4-1
Added Pin To Net: NetName=NetR17_2 Pin=VD4-2
Added Pin To Net: NetName=GND Pin=VD5-1
Added Pin To Net: NetName=NetR18_2 Pin=VD5-2
Added Pin To Net: NetName=GND Pin=VD6-1
Added Pin To Net: NetName=NetC22_1 Pin=VD6-2
Added Pin To Net: NetName=NetVD7_1 Pin=VD7-1
Added Pin To Net: NetName=GND Pin=VD7-2
Added Pin To Net: NetName=NetVD8_1 Pin=VD8-1
Added Pin To Net: NetName=NetDA5_1 Pin=VD8-2
Added Pin To Net: NetName=NetVD9_1 Pin=VD9-1
Added Pin To Net: NetName=GND Pin=VD9-2
Added Pin To Net: NetName=NetR24_2 Pin=VT1-1
Added Pin To Net: NetName=NetC22_1 Pin=VT1-2
Added Pin To Net: NetName=+12V Pin=VT1-3
Added Pin To Net: NetName=NetR28_2 Pin=VT2-1
Added Pin To Net: NetName=NetR25_1 Pin=VT2-2
Added Pin To Net: NetName=GND Pin=VT2-3
Added Pin To Net: NetName=P3 Pin=VT3-1
Added Pin To Net: NetName=NetVT3_2 Pin=VT3-2
Added Pin To Net: NetName=GND Pin=VT3-3
Added Pin To Net: NetName=NetR29_2 Pin=VT4-1
Added Pin To Net: NetName=NetVD7_1 Pin=VT4-2
Added Pin To Net: NetName=+18V Pin=VT4-3
Added Pin To Net: NetName=NetR32_1 Pin=VT5-1
Added Pin To Net: NetName=NetVD8_1 Pin=VT5-2
Added Pin To Net: NetName=GND Pin=VT5-3
Added Pin To Net: NetName=NetR55_2 Pin=VT6-1
Added Pin To Net: NetName=NetVD9_1 Pin=VT6-2
Added Pin To Net: NetName=+18V Pin=VT6-3
Added Pin To Net: NetName=NetR59_2 Pin=VT7-1
Added Pin To Net: NetName=NetR62_2 Pin=VT7-2
Added Pin To Net: NetName=+12V Pin=VT7-3
Added Pin To Net: NetName=GND Pin=XS1-1
Added Pin To Net: NetName=+12V Pin=XS1-2
Added Pin To Net: NetName=NetDD3_7 Pin=XS2-1
Added Pin To Net: NetName=NetDD3_6 Pin=XS2-2
Added Pin To Net: NetName=GND Pin=XS2-3
Added Pin To Net: NetName=3V3 Pin=XS3-1
Added Pin To Net: NetName=DS18B20 Pin=XS3-2
Added Pin To Net: NetName=GND Pin=XS3-3
Added Pin To Net: NetName=3V3 Pin=XS4-1
Added Pin To Net: NetName=DS18B20 Pin=XS4-2
Added Pin To Net: NetName=GND Pin=XS4-3
Added Pin To Net: NetName=3V3 Pin=XS5-1
Added Pin To Net: NetName=DS18B20 Pin=XS5-2
Added Pin To Net: NetName=GND Pin=XS5-3
Added Pin To Net: NetName=3V3 Pin=XS6-1
Added Pin To Net: NetName=DS18B20 Pin=XS6-2
Added Pin To Net: NetName=GND Pin=XS6-3
Added Pin To Net: NetName=NetC15_2 Pin=XS7-1
Added Pin To Net: NetName=GND Pin=XS7-2
Added Pin To Net: NetName=NetC18_2 Pin=XS7-3
Added Pin To Net: NetName=GND Pin=XS8-1
Added Pin To Net: NetName=+12V Pin=XS8-2
Added Pin To Net: NetName=T_1 Pin=XS8-3
Added Pin To Net: NetName=NetR17_2 Pin=XS8-4
Added Pin To Net: NetName=GND Pin=XS9-1
Added Pin To Net: NetName=+12V Pin=XS9-2
Added Pin To Net: NetName=T_2 Pin=XS9-3
Added Pin To Net: NetName=NetR18_2 Pin=XS9-4
Added Pin To Net: NetName=3V3 Pin=XS10-1
Added Pin To Net: NetName=3V3 Pin=XS10-2
Added Pin To Net: NetName=JNTRST Pin=XS10-3
Added Pin To Net: NetName=GND Pin=XS10-4
Added Pin To Net: NetName=JTDI Pin=XS10-5
Added Pin To Net: NetName=GND Pin=XS10-6
Added Pin To Net: NetName=JTMS Pin=XS10-7
Added Pin To Net: NetName=GND Pin=XS10-8
Added Pin To Net: NetName=JTCK Pin=XS10-9
Added Pin To Net: NetName=GND Pin=XS10-10
Added Pin To Net: NetName=GND Pin=XS10-12
Added Pin To Net: NetName=JTDO Pin=XS10-13
Added Pin To Net: NetName=GND Pin=XS10-14
Added Pin To Net: NetName=NRST Pin=XS10-15
Added Pin To Net: NetName=GND Pin=XS10-16
Added Pin To Net: NetName=GND Pin=XS10-18
Added Pin To Net: NetName=GND Pin=XS10-20
Added Pin To Net: NetName=NetL1_2 Pin=XS11-1
Added Pin To Net: NetName=GND Pin=XS11-2
Added Pin To Net: NetName=NetVD7_1 Pin=XS12-1
Added Pin To Net: NetName=GND Pin=XS12-2
Added Pin To Net: NetName=NetVD9_1 Pin=XS12-3
Added Pin To Net: NetName=GND Pin=XS12-4
Added Pin To Net: NetName=GND Pin=XS12-5
Added Pin To Net: NetName=3V3 Pin=XS13-1
Added Pin To Net: NetName=3V3 Pin=XS13-2
Added Pin To Net: NetName=NetR36_1 Pin=XS13-3
Added Pin To Net: NetName=NetR34_1 Pin=XS13-4
Added Pin To Net: NetName=GND Pin=XS13-5
Added Pin To Net: NetName=GND Pin=XS13-6
Added Pin To Net: NetName=GND Pin=XS14-1
Added Pin To Net: NetName=5V Pin=XS14-2
Added Pin To Net: NetName=NetR38_2 Pin=XS14-3
Added Pin To Net: NetName=P0 Pin=XS14-4
Added Pin To Net: NetName=P1 Pin=XS14-5
Added Pin To Net: NetName=P2 Pin=XS14-6
Added Pin To Net: NetName=P4 Pin=XS14-11
Added Pin To Net: NetName=P5 Pin=XS14-12
Added Pin To Net: NetName=P6 Pin=XS14-13
Added Pin To Net: NetName=P7 Pin=XS14-14
Added Pin To Net: NetName=5V Pin=XS14-15
Added Pin To Net: NetName=NetVT3_2 Pin=XS14-16
Added Pin To Net: NetName=GND Pin=XS14-17
Added Pin To Net: NetName=GND Pin=XS14-18
Added Pin To Net: NetName=GND Pin=XS14-19
Added Pin To Net: NetName=GND Pin=XS14-20
Added Pin To Net: NetName=NetC33_2 Pin=XS15-1
Added Pin To Net: NetName=USB_D_N Pin=XS15-2
Added Pin To Net: NetName=USB_D_P Pin=XS15-3
Added Pin To Net: NetName=GND Pin=XS15-4
Added Pin To Net: NetName=NetR25_1 Pin=XS16-1
Added Pin To Net: NetName=NetR56_1 Pin=XS16-2
Added Pin To Net: NetName=GND Pin=XS16-3
Added Pin To Net: NetName=GND Pin=XS16-4
Added Pin To Net: NetName=GND Pin=XS16-5
Added Pin To Net: NetName=NetR32_1 Pin=XS17-1
Added Pin To Net: NetName=GND Pin=XS17-2
Added Pin To Net: NetName=NetR62_1 Pin=XS18-1
Added Pin To Net: NetName=GND Pin=XS18-2
Added Pin To Net: NetName=NetVD8_1 Pin=Z1-1
Added Pin To Net: NetName=+12V Pin=Z1-2
Added Pin To Net: NetName=NetC23_2 Pin=ZQ1-1
Added Pin To Net: NetName=NetC24_2 Pin=ZQ1-2
Add Class Member: Failed to add class member : Component C1 10uFx10V
Added Member To Class: ClassName=POWER_SUPPLY Member=Component C2 0.1 uF
Added Member To Class: ClassName=POWER_SUPPLY Member=Component C3 0.1 uF
Added Member To Class: ClassName=POWER_SUPPLY Member=Component C4 0.1 uF
Added Member To Class: ClassName=POWER_SUPPLY Member=Component C5 10uFx10V
Add Class Member: Failed to add class member : Component C6 10uFx10V
Added Member To Class: ClassName=POWER_SUPPLY Member=Component C7 0.1 uF
Added Member To Class: ClassName=POWER_SUPPLY Member=Component C8 0.1 uF
Added Member To Class: ClassName=POWER_SUPPLY Member=Component C9 0.1 uF
Added Member To Class: ClassName=POWER_SUPPLY Member=Component C10 10uFx10V
Added Member To Class: ClassName=POWER_SUPPLY Member=Component C11 0.33 uF
Added Member To Class: ClassName=POWER_SUPPLY Member=Component C12 0.1 uF
Added Member To Class: ClassName=CAN Member=Component C13 0.1uF
Added Member To Class: ClassName=FLASH Member=Component C14 0.1uF
Added Member To Class: ClassName=DIRECTIONAL_COUPLER Member=Component C15 10n
Added Member To Class: ClassName=DIRECTIONAL_COUPLER Member=Component C16 1uF
Added Member To Class: ClassName=DIRECTIONAL_COUPLER Member=Component C17 10n
Added Member To Class: ClassName=DIRECTIONAL_COUPLER Member=Component C18 10n
Added Member To Class: ClassName=DIRECTIONAL_COUPLER Member=Component C19 1uF
Added Member To Class: ClassName=DIRECTIONAL_COUPLER Member=Component C20 10n
Added Member To Class: ClassName=SEQ Member=Component C21 10uFx25V
Added Member To Class: ClassName=SEQ Member=Component C22 0.1uF
Added Member To Class: ClassName=MCU_CORE Member=Component C23 22pF
Added Member To Class: ClassName=MCU_CORE Member=Component C24 22pF
Added Member To Class: ClassName=MCU_CORE Member=Component C25 0.1uF
Added Member To Class: ClassName=MCU_CORE Member=Component C26 0.1uF
Added Member To Class: ClassName=MCU_CORE Member=Component C27 0.1uF
Added Member To Class: ClassName=MCU_CORE Member=Component C28 0.1uF
Added Member To Class: ClassName=MCU_CORE Member=Component C29 0.1uF
Added Member To Class: ClassName=MCU_CORE Member=Component C30 0.1uF
Added Member To Class: ClassName=IIC_LCD Member=Component C31 0.1 uF
Added Member To Class: ClassName=EEPROM Member=Component C32 0.1 uF
Added Member To Class: ClassName=USB Member=Component C33 0.1 uF
Added Member To Class: ClassName=POWER_SUPPLY Member=Component DA1 78M08CDT
Added Member To Class: ClassName=DIRECTIONAL_COUPLER Member=Component DA2 LM224
Added Member To Class: ClassName=SEQ Member=Component DA3 TLP627
Added Member To Class: ClassName=SEQ Member=Component DA4 TLP627
Added Member To Class: ClassName=SEQ Member=Component DA5 TLP781
Added Member To Class: ClassName=SEQ Member=Component DA6 TLP627
Added Member To Class: ClassName=SEQ Member=Component DA7 TLP627
Added Member To Class: ClassName=POWER_SUPPLY Member=Component DD1 AMS1117-3.3
Added Member To Class: ClassName=POWER_SUPPLY Member=Component DD2 AMS1117-5.0
Added Member To Class: ClassName=CAN Member=Component DD3 SN65HVD230
Added Member To Class: ClassName=FLASH Member=Component DD4 W25Q128
Added Member To Class: ClassName=MCU_CORE Member=Component DD5 STM32F103C8T6
Added Member To Class: ClassName=IIC_LCD Member=Component DD6 PCF8574ADW
Added Member To Class: ClassName=IIC_LCD Member=Component DD7 PCA9306DCUT
Added Member To Class: ClassName=EEPROM Member=Component DD8 AT24C128C-SSHM-T
Added Member To Class: ClassName=USB Member=Component DD9 PRTR5V0U2X
Added Member To Class: ClassName=SEQ Member=Component L1 EC24-151K
Added Member To Class: ClassName=CAN Member=Component R1 R0805
Added Member To Class: ClassName=CAN Member=Component R2 120
Added Member To Class: ClassName=FLASH Member=Component R3 10k
Added Member To Class: ClassName=DS18B20 Member=Component R4 4k7
Added Member To Class: ClassName=DIRECTIONAL_COUPLER Member=Component R5 10k
Added Member To Class: ClassName=DIRECTIONAL_COUPLER Member=Component R6 1k
Added Member To Class: ClassName=DIRECTIONAL_COUPLER Member=Component R7 20k
Added Member To Class: ClassName=DIRECTIONAL_COUPLER Member=Component R8 120k
Added Member To Class: ClassName=DIRECTIONAL_COUPLER Member=Component R9 4k7
Added Member To Class: ClassName=DIRECTIONAL_COUPLER Member=Component R10 10k
Added Member To Class: ClassName=DIRECTIONAL_COUPLER Member=Component R11 1k
Added Member To Class: ClassName=DIRECTIONAL_COUPLER Member=Component R12 20k
Added Member To Class: ClassName=DIRECTIONAL_COUPLER Member=Component R13 120k
Added Member To Class: ClassName=DIRECTIONAL_COUPLER Member=Component R14 4k7
Added Member To Class: ClassName=FAN_CTRL Member=Component R15 4k7
Added Member To Class: ClassName=FAN_CTRL Member=Component R16 4k7
Added Member To Class: ClassName=FAN_CTRL Member=Component R17 120
Added Member To Class: ClassName=FAN_CTRL Member=Component R18 120
Added Member To Class: ClassName=JTAG_MCU Member=Component R19 10k
Added Member To Class: ClassName=JTAG_MCU Member=Component R20 10k
Added Member To Class: ClassName=JTAG_MCU Member=Component R21 10k
Added Member To Class: ClassName=JTAG_MCU Member=Component R22 10k
Added Member To Class: ClassName=JTAG_MCU Member=Component R23 10k
Added Member To Class: ClassName=SEQ Member=Component R24 100k
Added Member To Class: ClassName=SEQ Member=Component R25 10k
Added Member To Class: ClassName=SEQ Member=Component R26 2k
Added Member To Class: ClassName=SEQ Member=Component R27 2k
Added Member To Class: ClassName=SEQ Member=Component R28 10k
Added Member To Class: ClassName=SEQ Member=Component R29 47k
Added Member To Class: ClassName=SEQ Member=Component R30 2k
Added Member To Class: ClassName=SEQ Member=Component R31 10k
Added Member To Class: ClassName=SEQ Member=Component R32 100k
Added Member To Class: ClassName=SEQ Member=Component R33 470
Added Member To Class: ClassName=MCU_CORE Member=Component R34 10k
Added Member To Class: ClassName=MCU_CORE Member=Component R35 100k
Added Member To Class: ClassName=MCU_CORE Member=Component R36 10k
Added Member To Class: ClassName=MCU_CORE Member=Component R37 1M
Added Member To Class: ClassName=IIC_LCD Member=Component R38 RES_VAR
Added Member To Class: ClassName=IIC_LCD Member=Component R39 10k
Added Member To Class: ClassName=IIC_LCD Member=Component R40 10k
Added Member To Class: ClassName=IIC_LCD Member=Component R41 10k
Added Member To Class: ClassName=IIC_LCD Member=Component R42 4k7
Added Member To Class: ClassName=IIC_LCD Member=Component R43 4k7
Added Member To Class: ClassName=IIC_LCD Member=Component R44 4k7
Added Member To Class: ClassName=IIC_LCD Member=Component R45 4k7
Added Member To Class: ClassName=IIC_LCD Member=Component R46 200k
Added Member To Class: ClassName=IIC_LCD Member=Component R47 4k7
Added Member To Class: ClassName=EEPROM Member=Component R48 4k7
Added Member To Class: ClassName=EEPROM Member=Component R49 4k7
Added Member To Class: ClassName=EEPROM Member=Component R50 10k
Added Member To Class: ClassName=EEPROM Member=Component R51 10k
Added Member To Class: ClassName=EEPROM Member=Component R52 10k
Added Member To Class: ClassName=USB Member=Component R53 10
Added Member To Class: ClassName=USB Member=Component R54 10
Added Member To Class: ClassName=SEQ Member=Component R55 47k
Added Member To Class: ClassName=SEQ Member=Component R56 2k
Added Member To Class: ClassName=SEQ Member=Component R57 2k
Added Member To Class: ClassName=SEQ Member=Component R58 10k
Added Member To Class: ClassName=SEQ Member=Component R59 100k
Added Member To Class: ClassName=SEQ Member=Component R60 2k
Added Member To Class: ClassName=SEQ Member=Component R61 2k
Added Member To Class: ClassName=SEQ Member=Component R62 10k
Added Member To Class: ClassName=SEQ Member=Component R63 100k
Added Member To Class: ClassName=MCU_CORE Member=Component SB1 1437566-3 (FSMSM)
Added Member To Class: ClassName=DIRECTIONAL_COUPLER Member=Component VD1 LL4148
Added Member To Class: ClassName=DIRECTIONAL_COUPLER Member=Component VD2 BAT54C
Added Member To Class: ClassName=DIRECTIONAL_COUPLER Member=Component VD3 LL4148
Added Member To Class: ClassName=FAN_CTRL Member=Component VD4 1N4728A
Added Member To Class: ClassName=FAN_CTRL Member=Component VD5 1N4728A
Added Member To Class: ClassName=SEQ Member=Component VD6 1N4744A
Added Member To Class: ClassName=SEQ Member=Component VD7 1N4007
Added Member To Class: ClassName=SEQ Member=Component VD8 1N4007
Added Member To Class: ClassName=SEQ Member=Component VD9 1N4007
Added Member To Class: ClassName=SEQ Member=Component VT1 2N3906
Added Member To Class: ClassName=SEQ Member=Component VT2 2SC1815
Added Member To Class: ClassName=IIC_LCD Member=Component VT3 SS8050CBU
Added Member To Class: ClassName=SEQ Member=Component VT4 КТ973А
Added Member To Class: ClassName=SEQ Member=Component VT5 2SC1815
Added Member To Class: ClassName=SEQ Member=Component VT6 КТ973А
Added Member To Class: ClassName=SEQ Member=Component VT7 2N3906
Added Member To Class: ClassName=POWER_SUPPLY Member=Component XS1 POWER
Added Member To Class: ClassName=CAN Member=Component XS2 CAN
Added Member To Class: ClassName=DS18B20 Member=Component XS3 DS18B20
Added Member To Class: ClassName=DS18B20 Member=Component XS4 DS18B20
Added Member To Class: ClassName=DS18B20 Member=Component XS5 DS18B20
Added Member To Class: ClassName=DS18B20 Member=Component XS6 DS18B20
Added Member To Class: ClassName=DIRECTIONAL_COUPLER Member=Component XS7 SWR
Added Member To Class: ClassName=FAN_CTRL Member=Component XS8 FAN
Added Member To Class: ClassName=FAN_CTRL Member=Component XS9 FAN
Added Member To Class: ClassName=JTAG_MCU Member=Component XS10 Text
Added Member To Class: ClassName=SEQ Member=Component XS11 KSD
Added Member To Class: ClassName=SEQ Member=Component XS12 SEQ
Added Member To Class: ClassName=MCU_CORE Member=Component XS13 BOOT
Added Member To Class: ClassName=IIC_LCD Member=Component XS14 Text
Added Member To Class: ClassName=USB Member=Component XS15 USB
Added Member To Class: ClassName=SEQ Member=Component XS16 SEQ
Added Member To Class: ClassName=SEQ Member=Component XS17 KSD
Added Member To Class: ClassName=SEQ Member=Component XS18 KSD
Added Member To Class: ClassName=SEQ Member=Component Z1 HCM1212X
Added Member To Class: ClassName=MCU_CORE Member=Component ZQ1 HC49SM
Added Room: Name=CAN
Added Room: Name=DIRECTIONAL_COUPLER
Added Room: Name=DS18B20
Added Room: Name=EEPROM
Added Room: Name=FAN_CTRL
Added Room: Name=FLASH
Added Room: Name=IIC_LCD
Added Room: Name=JTAG_MCU
Added Room: Name=MCU_CORE
Added Room: Name=POWER_SUPPLY
Added Room: Name=SEQ
Added Room: Name=USB
