Removed Pin From Net: NetName=T_1 Pin=DD5-18
Removed Pin From Net: NetName=T_2 Pin=DD5-19
Removed Member From Class: ClassName=SEQ Member=C8
Removed Member From Class: ClassName=DIRECTIONAL_COUPLER Member=C9
Removed Member From Class: ClassName=FLASH Member=C9
Removed Member From Class: ClassName=CAN Member=C16
Removed Member From Class: ClassName=SEQ Member=DA2
Removed Member From Class: ClassName=FLASH Member=DD3
Removed Member From Class: ClassName=POWER_SUPPLY Member=DD3
Removed Member From Class: ClassName=USB Member=DD5
Removed Member From Class: ClassName=DIRECTIONAL_COUPLER Member=R3
Removed Member From Class: ClassName=SEQ Member=R20
Removed Member From Class: ClassName=SEQ Member=R21
Removed Member From Class: ClassName=SEQ Member=R22
Removed Member From Class: ClassName=SEQ Member=R23
Removed Member From Class: ClassName=FAN_CTRL Member=R38
Removed Member From Class: ClassName=SEQ Member=VD1
Removed Member From Class: ClassName=FAN_CTRL Member=XS5
Removed Member From Class: ClassName=SEQ Member=XS5
Removed Member From Class: ClassName=JTAG_MCU Member=XS7
Removed Member From Class: ClassName=USB Member=XS7
Added Component: Designator=C2(C0805C)
Add component (AddParameter): Name = "Published"; Value = "18.05.2010"; VariantName = "[No Variations]"
Add component (AddParameter): Name = "Publisher"; Value = "Andrew Danich"; VariantName = "[No Variations]"
Add component (AddParameter): Name = "Type"; Value = "Конденсатор"; VariantName = "[No Variations]"
Added Component: Designator=DA4(DIP-4)
Add component (AddParameter): Name = "Published"; Value = "09.01.2017"; VariantName = "[No Variations]"
Add component (AddParameter): Name = "Publisher"; Value = "Andrew Danich"; VariantName = "[No Variations]"
Add component (AddParameter): Name = "Type"; Value = "Микросхема"; VariantName = "[No Variations]"
Added Component: Designator=DA5(DIP-4)
Add component (AddParameter): Name = "Published"; Value = "09.01.2017"; VariantName = "[No Variations]"
Add component (AddParameter): Name = "Publisher"; Value = "Andrew Danich"; VariantName = "[No Variations]"
Add component (AddParameter): Name = "Type"; Value = "Микросхема"; VariantName = "[No Variations]"
Added Component: Designator=DA6(DIP-4)
Add component (AddParameter): Name = "Published"; Value = "09.01.2017"; VariantName = "[No Variations]"
Add component (AddParameter): Name = "Publisher"; Value = "Andrew Danich"; VariantName = "[No Variations]"
Add component (AddParameter): Name = "Type"; Value = "Микросхема"; VariantName = "[No Variations]"
Added Component: Designator=DA7(DIP-4)
Add component (AddParameter): Name = "Published"; Value = "09.01.2017"; VariantName = "[No Variations]"
Add component (AddParameter): Name = "Publisher"; Value = "Andrew Danich"; VariantName = "[No Variations]"
Add component (AddParameter): Name = "Type"; Value = "Микросхема"; VariantName = "[No Variations]"
Added Component: Designator=L1(AXIAL-0.6)
Add component (AddParameter): Name = "Published"; Value = "20.05.2010"; VariantName = "[No Variations]"
Add component (AddParameter): Name = "Publisher"; Value = "Andrew Danich"; VariantName = "[No Variations]"
Add component (AddParameter): Name = "Type"; Value = "Дроссель"; VariantName = "[No Variations]"
Added Component: Designator=R15(C0805R)
Add component (AddParameter): Name = "Published"; Value = "24.03.2010"; VariantName = "[No Variations]"
Add component (AddParameter): Name = "Publisher"; Value = "Andrew Danich"; VariantName = "[No Variations]"
Add component (AddParameter): Name = "Type"; Value = "Резистор"; VariantName = "[No Variations]"
Added Component: Designator=R16(C0805R)
Add component (AddParameter): Name = "Published"; Value = "24.03.2010"; VariantName = "[No Variations]"
Add component (AddParameter): Name = "Publisher"; Value = "Andrew Danich"; VariantName = "[No Variations]"
Add component (AddParameter): Name = "Type"; Value = "Резистор"; VariantName = "[No Variations]"
Added Component: Designator=R17(C0805R)
Add component (AddParameter): Name = "Published"; Value = "24.03.2010"; VariantName = "[No Variations]"
Add component (AddParameter): Name = "Publisher"; Value = "Andrew Danich"; VariantName = "[No Variations]"
Add component (AddParameter): Name = "Type"; Value = "Резистор"; VariantName = "[No Variations]"
Added Component: Designator=R18(C0805R)
Add component (AddParameter): Name = "Published"; Value = "24.03.2010"; VariantName = "[No Variations]"
Add component (AddParameter): Name = "Publisher"; Value = "Andrew Danich"; VariantName = "[No Variations]"
Add component (AddParameter): Name = "Type"; Value = "Резистор"; VariantName = "[No Variations]"
Added Component: Designator=R28(AXIAL-0.6)
Add component (AddParameter): Name = "Published"; Value = "24.03.2010"; VariantName = "[No Variations]"
Add component (AddParameter): Name = "Publisher"; Value = "Andrew Danich"; VariantName = "[No Variations]"
Add component (AddParameter): Name = "Type"; Value = "Резистор"; VariantName = "[No Variations]"
Added Component: Designator=R29(AXIAL-0.6)
Add component (AddParameter): Name = "Published"; Value = "24.03.2010"; VariantName = "[No Variations]"
Add component (AddParameter): Name = "Publisher"; Value = "Andrew Danich"; VariantName = "[No Variations]"
Add component (AddParameter): Name = "Type"; Value = "Резистор"; VariantName = "[No Variations]"
Added Component: Designator=R30(AXIAL-0.6)
Add component (AddParameter): Name = "Published"; Value = "24.03.2010"; VariantName = "[No Variations]"
Add component (AddParameter): Name = "Publisher"; Value = "Andrew Danich"; VariantName = "[No Variations]"
Add component (AddParameter): Name = "Type"; Value = "Резистор"; VariantName = "[No Variations]"
Added Component: Designator=R31(AXIAL-0.6)
Add component (AddParameter): Name = "Published"; Value = "24.03.2010"; VariantName = "[No Variations]"
Add component (AddParameter): Name = "Publisher"; Value = "Andrew Danich"; VariantName = "[No Variations]"
Add component (AddParameter): Name = "Type"; Value = "Резистор"; VariantName = "[No Variations]"
Added Component: Designator=R32(AXIAL-0.6)
Add component (AddParameter): Name = "Published"; Value = "24.03.2010"; VariantName = "[No Variations]"
Add component (AddParameter): Name = "Publisher"; Value = "Andrew Danich"; VariantName = "[No Variations]"
Add component (AddParameter): Name = "Type"; Value = "Резистор"; VariantName = "[No Variations]"
Added Component: Designator=R33(AXIAL-0.6)
Add component (AddParameter): Name = "Published"; Value = "24.03.2010"; VariantName = "[No Variations]"
Add component (AddParameter): Name = "Publisher"; Value = "Andrew Danich"; VariantName = "[No Variations]"
Add component (AddParameter): Name = "Type"; Value = "Резистор"; VariantName = "[No Variations]"
Added Component: Designator=R61(AXIAL-0.6)
Add component (AddParameter): Name = "Published"; Value = "24.03.2010"; VariantName = "[No Variations]"
Add component (AddParameter): Name = "Publisher"; Value = "Andrew Danich"; VariantName = "[No Variations]"
Add component (AddParameter): Name = "Type"; Value = "Резистор"; VariantName = "[No Variations]"
Added Component: Designator=VD4(DO-41)
Add component (AddParameter): Name = "Published"; Value = "20.05.2013"; VariantName = "[No Variations]"
Add component (AddParameter): Name = "Publisher"; Value = "Andrew Danich"; VariantName = "[No Variations]"
Add component (AddParameter): Name = "Type"; Value = "Стабилитрон"; VariantName = "[No Variations]"
Added Component: Designator=VD5(DO-41)
Add component (AddParameter): Name = "Published"; Value = "20.05.2013"; VariantName = "[No Variations]"
Add component (AddParameter): Name = "Publisher"; Value = "Andrew Danich"; VariantName = "[No Variations]"
Add component (AddParameter): Name = "Type"; Value = "Стабилитрон"; VariantName = "[No Variations]"
Added Component: Designator=VD7(DO-41)
Add component (AddParameter): Name = "Published"; Value = "18.05.2010"; VariantName = "[No Variations]"
Add component (AddParameter): Name = "Publisher"; Value = "Andrew Danich"; VariantName = "[No Variations]"
Add component (AddParameter): Name = "Type"; Value = "Диод"; VariantName = "[No Variations]"
Added Component: Designator=VD8(DO-41)
Add component (AddParameter): Name = "Published"; Value = "18.05.2010"; VariantName = "[No Variations]"
Add component (AddParameter): Name = "Publisher"; Value = "Andrew Danich"; VariantName = "[No Variations]"
Add component (AddParameter): Name = "Type"; Value = "Диод"; VariantName = "[No Variations]"
Added Component: Designator=VT1(TO-92-A)
Add component (AddParameter): Name = "Published"; Value = "07.05.2013"; VariantName = "[No Variations]"
Add component (AddParameter): Name = "Publisher"; Value = "Andrew Danich"; VariantName = "[No Variations]"
Add component (AddParameter): Name = "Type"; Value = "Транзистор"; VariantName = "[No Variations]"
Added Component: Designator=VT2(TO-92-A)
Add component (AddParameter): Name = "Published"; Value = "07.05.2013"; VariantName = "[No Variations]"
Add component (AddParameter): Name = "Publisher"; Value = "Andrew Danich"; VariantName = "[No Variations]"
Add component (AddParameter): Name = "Type"; Value = "Транзистор"; VariantName = "[No Variations]"
Added Component: Designator=XS8(WF-4)
Add component (AddParameter): Name = "Published"; Value = "07.03.2013"; VariantName = "[No Variations]"
Add component (AddParameter): Name = "Publisher"; Value = "Andrew Danich"; VariantName = "[No Variations]"
Add component (AddParameter): Name = "Specification"; Value = ""; VariantName = "[No Variations]"
Add component (AddParameter): Name = "Type"; Value = "Розетка"; VariantName = "[No Variations]"
Add component (AddParameter): Name = "Value"; Value = "Connector"; VariantName = "[No Variations]"
Added Component: Designator=XS9(WF-4)
Add component (AddParameter): Name = "Published"; Value = "07.03.2013"; VariantName = "[No Variations]"
Add component (AddParameter): Name = "Publisher"; Value = "Andrew Danich"; VariantName = "[No Variations]"
Add component (AddParameter): Name = "Specification"; Value = ""; VariantName = "[No Variations]"
Add component (AddParameter): Name = "Type"; Value = "Розетка"; VariantName = "[No Variations]"
Add component (AddParameter): Name = "Value"; Value = "Connector"; VariantName = "[No Variations]"
Added Component: Designator=XS16(WF-5)
Add component (AddParameter): Name = "Published"; Value = "07.03.2013"; VariantName = "[No Variations]"
Add component (AddParameter): Name = "Publisher"; Value = "Andrew Danich"; VariantName = "[No Variations]"
Add component (AddParameter): Name = "Specification"; Value = ""; VariantName = "[No Variations]"
Add component (AddParameter): Name = "Type"; Value = "Розетка"; VariantName = "[No Variations]"
Add component (AddParameter): Name = "Value"; Value = "Connector"; VariantName = "[No Variations]"
Added Component: Designator=Z1(HCM1206X)
Add Pin To Net: Unknown Pin: Pin C1-1
Add Pin To Net: Unknown Pin: Pin C1-2
Added Pin To Net: NetName=GND Pin=C2-1
Added Pin To Net: NetName=+12V Pin=C2-2
Add Pin To Net: Unknown Pin: Pin C6-1
Add Pin To Net: Unknown Pin: Pin C6-2
Added Pin To Net: NetName=GND Pin=C32-1
Added Pin To Net: NetName=NetDA4_1 Pin=DA4-1
Added Pin To Net: NetName=GND Pin=DA4-2
Added Pin To Net: NetName=GND Pin=DA4-3
Added Pin To Net: NetName=NetDA4_4 Pin=DA4-4
Added Pin To Net: NetName=NetDA5_1 Pin=DA5-1
Added Pin To Net: NetName=NetDA5_2 Pin=DA5-2
Added Pin To Net: NetName=GND Pin=DA5-3
Added Pin To Net: NetName=PTT_KSD Pin=DA5-4
Added Pin To Net: NetName=NetDA6_1 Pin=DA6-1
Added Pin To Net: NetName=GND Pin=DA6-2
Added Pin To Net: NetName=GND Pin=DA6-3
Added Pin To Net: NetName=NetDA6_4 Pin=DA6-4
Added Pin To Net: NetName=NetDA7_1 Pin=DA7-1
Added Pin To Net: NetName=GND Pin=DA7-2
Added Pin To Net: NetName=GND Pin=DA7-3
Added Pin To Net: NetName=NetDA7_4 Pin=DA7-4
Added Pin To Net: NetName=FLASH_CS Pin=DD5-14
Added Pin To Net: NetName=SWR_R Pin=DD5-18
Added Pin To Net: NetName=SWR_F Pin=DD5-19
Added Pin To Net: NetName=T_1 Pin=DD5-25
Added Pin To Net: NetName=GND Pin=DD7-1
Added Pin To Net: NetName=NetC22_1 Pin=L1-1
Added Pin To Net: NetName=NetL1_2 Pin=L1-2
Added Pin To Net: NetName=T_1 Pin=R15-1
Added Pin To Net: NetName=+12V Pin=R15-2
Added Pin To Net: NetName=T_2 Pin=R16-1
Added Pin To Net: NetName=+12V Pin=R16-2
Added Pin To Net: NetName=PWM_1 Pin=R17-1
Added Pin To Net: NetName=NetR17_2 Pin=R17-2
Added Pin To Net: NetName=PWM_2 Pin=R18-1
Added Pin To Net: NetName=NetR18_2 Pin=R18-2
Added Pin To Net: NetName=NetL1_2 Pin=R28-1
Added Pin To Net: NetName=NetR28_2 Pin=R28-2
Added Pin To Net: NetName=+18V Pin=R29-1
Added Pin To Net: NetName=NetR29_2 Pin=R29-2
Added Pin To Net: NetName=NetDA4_1 Pin=R30-1
Added Pin To Net: NetName=RELAY Pin=R30-2
Added Pin To Net: NetName=NetR29_2 Pin=R31-1
Added Pin To Net: NetName=NetDA4_4 Pin=R31-2
Added Pin To Net: NetName=NetR32_1 Pin=R32-1
Added Pin To Net: NetName=+12V Pin=R32-2
Added Pin To Net: NetName=NetDA5_1 Pin=R33-1
Added Pin To Net: NetName=+12V Pin=R33-2
Added Pin To Net: NetName=NetR59_2 Pin=R61-1
Added Pin To Net: NetName=NetDA7_4 Pin=R61-2
Added Pin To Net: NetName=GND Pin=VD4-1
Added Pin To Net: NetName=NetR17_2 Pin=VD4-2
Added Pin To Net: NetName=GND Pin=VD5-1
Added Pin To Net: NetName=NetR18_2 Pin=VD5-2
Added Pin To Net: NetName=NetVD7_1 Pin=VD7-1
Added Pin To Net: NetName=GND Pin=VD7-2
Added Pin To Net: NetName=NetVD8_1 Pin=VD8-1
Added Pin To Net: NetName=NetDA5_1 Pin=VD8-2
Added Pin To Net: NetName=NetR24_2 Pin=VT1-1
Added Pin To Net: NetName=NetC22_1 Pin=VT1-2
Added Pin To Net: NetName=+12V Pin=VT1-3
Added Pin To Net: NetName=NetR28_2 Pin=VT2-1
Added Pin To Net: NetName=NetR25_1 Pin=VT2-2
Added Pin To Net: NetName=GND Pin=VT2-3
Added Pin To Net: NetName=GND Pin=XS8-1
Added Pin To Net: NetName=+12V Pin=XS8-2
Added Pin To Net: NetName=T_1 Pin=XS8-3
Added Pin To Net: NetName=NetR17_2 Pin=XS8-4
Added Pin To Net: NetName=GND Pin=XS9-1
Added Pin To Net: NetName=+12V Pin=XS9-2
Added Pin To Net: NetName=T_2 Pin=XS9-3
Added Pin To Net: NetName=NetR18_2 Pin=XS9-4
Added Pin To Net: NetName=NetR25_1 Pin=XS16-1
Added Pin To Net: NetName=NetR56_1 Pin=XS16-2
Added Pin To Net: NetName=GND Pin=XS16-3
Added Pin To Net: NetName=GND Pin=XS16-4
Added Pin To Net: NetName=GND Pin=XS16-5
Added Pin To Net: NetName=NetVD8_1 Pin=Z1-1
Added Pin To Net: NetName=+12V Pin=Z1-2
Change Net Name : Old Net Name=NetDD5_31 New Net Name=LNA
Added Pin To Net: NetName=RS_EN Pin=DD5-2
Added Net: Name=RS_EN
Added Pin To Net: NetName=RS_RX Pin=DD5-13
Added Net: Name=RS_RX
Added Pin To Net: NetName=RS_TX Pin=DD5-12
Added Net: Name=RS_TX
Add Class Member: Failed to add class member : Component C1 10uFx10V
Added Member To Class: ClassName=POWER_SUPPLY Member=Component C2 0.1 uF
Add Class Member: Failed to add class member : Component C6 10uFx10V
Added Member To Class: ClassName=POWER_SUPPLY Member=Component C7 0.1 uF
Added Member To Class: ClassName=POWER_SUPPLY Member=Component C10 10uFx10V
Added Member To Class: ClassName=POWER_SUPPLY Member=Component C12 0.1 uF
Added Member To Class: ClassName=CAN Member=Component C13 0.1uF
Added Member To Class: ClassName=FLASH Member=Component C14 0.1uF
Added Member To Class: ClassName=DIRECTIONAL_COUPLER Member=Component C15 10n
Added Member To Class: ClassName=DIRECTIONAL_COUPLER Member=Component C17 10n
Added Member To Class: ClassName=DIRECTIONAL_COUPLER Member=Component C18 10n
Added Member To Class: ClassName=DIRECTIONAL_COUPLER Member=Component C19 1uF
Added Member To Class: ClassName=DIRECTIONAL_COUPLER Member=Component C20 10n
Added Member To Class: ClassName=SEQ Member=Component C21 10uFx25V
Added Member To Class: ClassName=SEQ Member=Component DA3 TLP627
Added Member To Class: ClassName=SEQ Member=Component DA4 TLP627
Added Member To Class: ClassName=SEQ Member=Component DA5 TLP781
Added Member To Class: ClassName=SEQ Member=Component DA6 TLP627
Added Member To Class: ClassName=SEQ Member=Component DA7 TLP627
Added Member To Class: ClassName=POWER_SUPPLY Member=Component DD1 AMS1117-3.3
Added Member To Class: ClassName=FLASH Member=Component DD4 W25Q128
Added Member To Class: ClassName=USB Member=Component DD9 PRTR5V0U2X
Added Member To Class: ClassName=SEQ Member=Component L1 EC24-151K
Added Member To Class: ClassName=DIRECTIONAL_COUPLER Member=Component R5 10k
Added Member To Class: ClassName=FAN_CTRL Member=Component R15 4k7
Added Member To Class: ClassName=FAN_CTRL Member=Component R16 4k7
Added Member To Class: ClassName=FAN_CTRL Member=Component R17 120
Added Member To Class: ClassName=FAN_CTRL Member=Component R18 120
Added Member To Class: ClassName=SEQ Member=Component R24 100k
Added Member To Class: ClassName=SEQ Member=Component R25 10k
Added Member To Class: ClassName=SEQ Member=Component R26 2k
Added Member To Class: ClassName=SEQ Member=Component R27 2k
Added Member To Class: ClassName=SEQ Member=Component R28 10k
Added Member To Class: ClassName=SEQ Member=Component R29 47k
Added Member To Class: ClassName=SEQ Member=Component R30 2k
Added Member To Class: ClassName=SEQ Member=Component R31 10k
Added Member To Class: ClassName=SEQ Member=Component R32 100k
Added Member To Class: ClassName=SEQ Member=Component R33 470
Added Member To Class: ClassName=MCU_CORE Member=Component R34 10k
Added Member To Class: ClassName=MCU_CORE Member=Component R35 100k
Added Member To Class: ClassName=MCU_CORE Member=Component R36 10k
Added Member To Class: ClassName=MCU_CORE Member=Component R37 1M
Added Member To Class: ClassName=IIC_LCD Member=Component R45 4k7
Added Member To Class: ClassName=SEQ Member=Component R61 2k
Added Member To Class: ClassName=SEQ Member=Component R63 100k
Added Member To Class: ClassName=FAN_CTRL Member=Component VD4 1N4728A
Added Member To Class: ClassName=FAN_CTRL Member=Component VD5 1N4728A
Added Member To Class: ClassName=SEQ Member=Component VD6 1N4744A
Added Member To Class: ClassName=SEQ Member=Component VD7 1N4007
Added Member To Class: ClassName=SEQ Member=Component VD8 1N4007
Added Member To Class: ClassName=SEQ Member=Component VT1 2N3906
Added Member To Class: ClassName=SEQ Member=Component VT2 2SC1815
Added Member To Class: ClassName=DS18B20 Member=Component XS6 DS18B20
Added Member To Class: ClassName=FAN_CTRL Member=Component XS8 FAN
Added Member To Class: ClassName=FAN_CTRL Member=Component XS9 FAN
Added Member To Class: ClassName=JTAG_MCU Member=Component XS10 Text
Added Member To Class: ClassName=SEQ Member=Component XS11 KSD
Added Member To Class: ClassName=SEQ Member=Component XS12 SEQ
Added Member To Class: ClassName=MCU_CORE Member=Component XS13 BOOT
Added Member To Class: ClassName=USB Member=Component XS15 USB
Added Member To Class: ClassName=SEQ Member=Component XS16 SEQ
Added Member To Class: ClassName=SEQ Member=Component XS18 KSD
Added Member To Class: ClassName=SEQ Member=Component Z1 HCM1212X
Added Room: Name=CAN
Added Room: Name=DIRECTIONAL_COUPLER
Added Room: Name=DS18B20
Added Room: Name=EEPROM
Added Room: Name=FAN_CTRL
Added Room: Name=FLASH
Added Room: Name=MCU_CORE
Added Room: Name=POWER_SUPPLY
Added Room: Name=USB
