Added Component: Designator=C3(C0805C)
Add component (AddParameter): Name = "Published"; Value = "18.05.2010"; VariantName = "[No Variations]"
Add component (AddParameter): Name = "Publisher"; Value = "Andrew Danich"; VariantName = "[No Variations]"
Add component (AddParameter): Name = "Type"; Value = "Конденсатор"; VariantName = "[No Variations]"
Added Component: Designator=C4(TECAP_A)
Add component (AddParameter): Name = "Published"; Value = "20.08.2010"; VariantName = "[No Variations]"
Add component (AddParameter): Name = "Publisher"; Value = "Andrew Danich"; VariantName = "[No Variations]"
Add component (AddParameter): Name = "Type"; Value = "Конденсатор"; VariantName = "[No Variations]"
Added Component: Designator=C5(C0805C)
Add component (AddParameter): Name = "Published"; Value = "18.05.2010"; VariantName = "[No Variations]"
Add component (AddParameter): Name = "Publisher"; Value = "Andrew Danich"; VariantName = "[No Variations]"
Add component (AddParameter): Name = "Type"; Value = "Конденсатор"; VariantName = "[No Variations]"
Added Component: Designator=C6(C0805C)
Add component (AddParameter): Name = "Published"; Value = "18.05.2010"; VariantName = "[No Variations]"
Add component (AddParameter): Name = "Publisher"; Value = "Andrew Danich"; VariantName = "[No Variations]"
Add component (AddParameter): Name = "Type"; Value = "Конденсатор"; VariantName = "[No Variations]"
Added Component: Designator=C9(C0805C)
Add component (AddParameter): Name = "Published"; Value = "18.05.2010"; VariantName = "[No Variations]"
Add component (AddParameter): Name = "Publisher"; Value = "Andrew Danich"; VariantName = "[No Variations]"
Add component (AddParameter): Name = "Type"; Value = "Конденсатор"; VariantName = "[No Variations]"
Added Component: Designator=C11(C0805C)
Add component (AddParameter): Name = "Published"; Value = "18.05.2010"; VariantName = "[No Variations]"
Add component (AddParameter): Name = "Publisher"; Value = "Andrew Danich"; VariantName = "[No Variations]"
Add component (AddParameter): Name = "Type"; Value = "Конденсатор"; VariantName = "[No Variations]"
Added Component: Designator=C34(C0805C)
Add component (AddParameter): Name = "Published"; Value = "18.05.2010"; VariantName = "[No Variations]"
Add component (AddParameter): Name = "Publisher"; Value = "Andrew Danich"; VariantName = "[No Variations]"
Add component (AddParameter): Name = "Type"; Value = "Конденсатор"; VariantName = "[No Variations]"
Added Component: Designator=C35(C0805C)
Add component (AddParameter): Name = "Published"; Value = "18.05.2010"; VariantName = "[No Variations]"
Add component (AddParameter): Name = "Publisher"; Value = "Andrew Danich"; VariantName = "[No Variations]"
Add component (AddParameter): Name = "Type"; Value = "Конденсатор"; VariantName = "[No Variations]"
Added Component: Designator=C37(TECAP_D)
Add component (AddParameter): Name = "Published"; Value = "20.08.2010"; VariantName = "[No Variations]"
Add component (AddParameter): Name = "Publisher"; Value = "Andrew Danich"; VariantName = "[No Variations]"
Add component (AddParameter): Name = "Type"; Value = "Конденсатор"; VariantName = "[No Variations]"
Added Component: Designator=C38(C0805C)
Add component (AddParameter): Name = "Published"; Value = "18.05.2010"; VariantName = "[No Variations]"
Add component (AddParameter): Name = "Publisher"; Value = "Andrew Danich"; VariantName = "[No Variations]"
Add component (AddParameter): Name = "Type"; Value = "Конденсатор"; VariantName = "[No Variations]"
Added Component: Designator=C41(C0805C)
Add component (AddParameter): Name = "Published"; Value = "18.05.2010"; VariantName = "[No Variations]"
Add component (AddParameter): Name = "Publisher"; Value = "Andrew Danich"; VariantName = "[No Variations]"
Add component (AddParameter): Name = "Type"; Value = "Конденсатор"; VariantName = "[No Variations]"
Added Component: Designator=C42(C0805C)
Add component (AddParameter): Name = "Published"; Value = "18.05.2010"; VariantName = "[No Variations]"
Add component (AddParameter): Name = "Publisher"; Value = "Andrew Danich"; VariantName = "[No Variations]"
Add component (AddParameter): Name = "Type"; Value = "Конденсатор"; VariantName = "[No Variations]"
Added Component: Designator=C43(C0805C)
Add component (AddParameter): Name = "Published"; Value = "18.05.2010"; VariantName = "[No Variations]"
Add component (AddParameter): Name = "Publisher"; Value = "Andrew Danich"; VariantName = "[No Variations]"
Add component (AddParameter): Name = "Type"; Value = "Конденсатор"; VariantName = "[No Variations]"
Added Component: Designator=C44(C0805C)
Add component (AddParameter): Name = "Published"; Value = "18.05.2010"; VariantName = "[No Variations]"
Add component (AddParameter): Name = "Publisher"; Value = "Andrew Danich"; VariantName = "[No Variations]"
Add component (AddParameter): Name = "Type"; Value = "Конденсатор"; VariantName = "[No Variations]"
Added Component: Designator=C45(C0805C)
Add component (AddParameter): Name = "Published"; Value = "18.05.2010"; VariantName = "[No Variations]"
Add component (AddParameter): Name = "Publisher"; Value = "Andrew Danich"; VariantName = "[No Variations]"
Add component (AddParameter): Name = "Type"; Value = "Конденсатор"; VariantName = "[No Variations]"
Added Component: Designator=C52(C0805C)
Add component (AddParameter): Name = "Published"; Value = "18.05.2010"; VariantName = "[No Variations]"
Add component (AddParameter): Name = "Publisher"; Value = "Andrew Danich"; VariantName = "[No Variations]"
Add component (AddParameter): Name = "Type"; Value = "Конденсатор"; VariantName = "[No Variations]"
Added Component: Designator=DA1(LM1085ISX-3.3)
Add component (AddParameter): Name = "Published"; Value = "31.07.2015"; VariantName = "[No Variations]"
Add component (AddParameter): Name = "Publisher"; Value = "Andrew Danich"; VariantName = "[No Variations]"
Add component (AddParameter): Name = "RegType"; Value = ""; VariantName = "[No Variations]"
Add component (AddParameter): Name = "Type"; Value = "Микросхема"; VariantName = "[No Variations]"
Added Component: Designator=DD1(SOIC8 (SO-8))
Add component (AddParameter): Name = "Published"; Value = "26.02.2013"; VariantName = "[No Variations]"
Add component (AddParameter): Name = "Publisher"; Value = "Andrew Danich"; VariantName = "[No Variations]"
Add component (AddParameter): Name = "Type"; Value = "Микросхема"; VariantName = "[No Variations]"
Added Component: Designator=DD2(SOIC127P600X175-8N)
Add component (AddParameter): Name = "Availability"; Value = "Unavailable"; VariantName = "[No Variations]"
Add component (AddParameter): Name = "MF"; Value = "Microchip"; VariantName = "[No Variations]"
Add component (AddParameter): Name = "MP"; Value = "AT24C128C-SSHM-T"; VariantName = "[No Variations]"
Add component (AddParameter): Name = "Package"; Value = "SO-8 Microchip"; VariantName = "[No Variations]"
Add component (AddParameter): Name = "Price"; Value = "None"; VariantName = "[No Variations]"
Add component (AddParameter): Name = "SnapEDA_Link"; Value = "https://www.snapeda.com/parts/AT24C128C-SSHM-T/Microchip/view-part/1771999/?ref=snap"; VariantName = "[No Variations]"
Add component (AddParameter): Name = "Value"; Value = ""; VariantName = "[No Variations]"
Added Component: Designator=DD3(SOIC8 (SO-8))
Add component (AddParameter): Name = "Value"; Value = ""; VariantName = "[No Variations]"
Added Component: Designator=DD6(SOIC127P1030X265-16N)
Add component (AddParameter): Name = "Availability"; Value = "Warning"; VariantName = "[No Variations]"
Add component (AddParameter): Name = "DigiKey-Purchase-URL"; Value = "https://snapeda.com/shop?store=DigiKey&id=554599"; VariantName = "[No Variations]"
Add component (AddParameter): Name = "MF"; Value = "Texas Instruments"; VariantName = "[No Variations]"
Add component (AddParameter): Name = "Mouser-Purchase-URL"; Value = "https://snapeda.com/shop?store=Mouser&id=554599"; VariantName = "[No Variations]"
Add component (AddParameter): Name = "MP"; Value = "PCF8574ADW"; VariantName = "[No Variations]"
Add component (AddParameter): Name = "Package"; Value = "SOIC-16 Texas Instruments"; VariantName = "[No Variations]"
Add component (AddParameter): Name = "Price"; Value = "None"; VariantName = "[No Variations]"
Add component (AddParameter): Name = "SnapEDA_Link"; Value = "https://www.snapeda.com/parts/PCF8574ADW/Texas%20Instruments/view-part/554599/?ref=snap"; VariantName = "[No Variations]"
Add component (AddParameter): Name = "Texas_Instruments-Purchase-URL"; Value = "https://snapeda.com/shop?store=Texas+Instruments&id=554599"; VariantName = "[No Variations]"
Add component (AddParameter): Name = "Value"; Value = ""; VariantName = "[No Variations]"
Added Component: Designator=DD7(SOIC127P600X175-8N)
Add component (AddParameter): Name = "Availability"; Value = "Unavailable"; VariantName = "[No Variations]"
Add component (AddParameter): Name = "MF"; Value = "Microchip"; VariantName = "[No Variations]"
Add component (AddParameter): Name = "MP"; Value = "AT24C128C-SSHM-T"; VariantName = "[No Variations]"
Add component (AddParameter): Name = "Package"; Value = "SO-8 Microchip"; VariantName = "[No Variations]"
Add component (AddParameter): Name = "Price"; Value = "None"; VariantName = "[No Variations]"
Add component (AddParameter): Name = "SnapEDA_Link"; Value = "https://www.snapeda.com/parts/AT24C128C-SSHM-T/Microchip/view-part/1771999/?ref=snap"; VariantName = "[No Variations]"
Add component (AddParameter): Name = "Value"; Value = ""; VariantName = "[No Variations]"
Added Component: Designator=DD8(SOIC127P600X175-8N)
Add component (AddParameter): Name = "Availability"; Value = "Unavailable"; VariantName = "[No Variations]"
Add component (AddParameter): Name = "MF"; Value = "Microchip"; VariantName = "[No Variations]"
Add component (AddParameter): Name = "MP"; Value = "AT24C128C-SSHM-T"; VariantName = "[No Variations]"
Add component (AddParameter): Name = "Package"; Value = "SO-8 Microchip"; VariantName = "[No Variations]"
Add component (AddParameter): Name = "Price"; Value = "None"; VariantName = "[No Variations]"
Add component (AddParameter): Name = "SnapEDA_Link"; Value = "https://www.snapeda.com/parts/AT24C128C-SSHM-T/Microchip/view-part/1771999/?ref=snap"; VariantName = "[No Variations]"
Add component (AddParameter): Name = "Value"; Value = ""; VariantName = "[No Variations]"
Added Component: Designator=DD?(STM-LQFP48_L)
Add component (AddParameter): Name = "A/D Converter"; Value = "2x12-bit (10 Channel)"; VariantName = "[No Variations]"
Add component (AddParameter): Name = "ComponentLink1Description"; Value = "Manufacturer URL"; VariantName = "[No Variations]"
Add component (AddParameter): Name = "ComponentLink1URL"; Value = "http://www.st.com/web/en/home.html"; VariantName = "[No Variations]"
Add component (AddParameter): Name = "ComponentLink2Description"; Value = "Datasheet"; VariantName = "[No Variations]"
Add component (AddParameter): Name = "ComponentLink2URL"; Value = "http://www.st.com/st-web-ui/static/active/en/resource/technical/document/datasheet/CD00161566.pdf"; VariantName = "[No Variations]"
Add component (AddParameter): Name = "ComponentLink3Description"; Value = "Package Specification"; VariantName = "[No Variations]"
Add component (AddParameter): Name = "ComponentLink3URL"; Value = "http://www.st.com/st-web-ui/static/active/en/resource/technical/document/datasheet/DM00058181.pdf"; VariantName = "[No Variations]"
Add component (AddParameter): Name = "Core"; Value = "ARM Cortex-M3"; VariantName = "[No Variations]"
Add component (AddParameter): Name = "DatasheetVersion"; Value = "Rev. 16"; VariantName = "[No Variations]"
Add component (AddParameter): Name = "FLASH Size (Prog) (kB)"; Value = "64"; VariantName = "[No Variations]"
Add component (AddParameter): Name = "I/Os (High Current)"; Value = "37"; VariantName = "[No Variations]"
Add component (AddParameter): Name = "Internal RAM Size (kB)"; Value = "20"; VariantName = "[No Variations]"
Add component (AddParameter): Name = "Mounting Technology"; Value = "Surface Mount"; VariantName = "[No Variations]"
Add component (AddParameter): Name = "Operating Frequency(F) (Processor speed) (MHz)"; Value = "72"; VariantName = "[No Variations]"
Add component (AddParameter): Name = "PackageDescription"; Value = "48-Pin Low Profile Quad Flat Package, 7 x 7 mm Body, 0.5 mm Pitch"; VariantName = "[No Variations]"
Add component (AddParameter): Name = "PackageReference"; Value = "LQFP48"; VariantName = "[No Variations]"
Add component (AddParameter): Name = "PackageVersion"; Value = "Rev. 6, 06/2013"; VariantName = "[No Variations]"
Add component (AddParameter): Name = "Packing"; Value = "Tray"; VariantName = "[No Variations]"
Add component (AddParameter): Name = "PartNumber"; Value = "STM32F103C8T6"; VariantName = "[No Variations]"
Add component (AddParameter): Name = "Supplier 1"; Value = "Digi-Key"; VariantName = "[No Variations]"
Add component (AddParameter): Name = "Supplier 2"; Value = "Farnell"; VariantName = "[No Variations]"
Add component (AddParameter): Name = "Supplier 3"; Value = "Newark"; VariantName = "[No Variations]"
Add component (AddParameter): Name = "Supplier 4"; Value = "Newark"; VariantName = "[No Variations]"
Add component (AddParameter): Name = "Supplier 5"; Value = "Mouser"; VariantName = "[No Variations]"
Add component (AddParameter): Name = "Supplier Part Number 1"; Value = "497-6063-ND"; VariantName = "[No Variations]"
Add component (AddParameter): Name = "Supplier Part Number 2"; Value = "1447637"; VariantName = "[No Variations]"
Add component (AddParameter): Name = "Supplier Part Number 3"; Value = "59M2182"; VariantName = "[No Variations]"
Add component (AddParameter): Name = "Supplier Part Number 4"; Value = "57P1222"; VariantName = "[No Variations]"
Add component (AddParameter): Name = "Supplier Part Number 5"; Value = "511-STM32F103C8T6"; VariantName = "[No Variations]"
Add component (AddParameter): Name = "Supply Voltage(Vcc) min (V)"; Value = "2"; VariantName = "[No Variations]"
Added Component: Designator=R1(C0805R)
Add component (AddParameter): Name = "Published"; Value = "24.03.2010"; VariantName = "[No Variations]"
Add component (AddParameter): Name = "Publisher"; Value = "Andrew Danich"; VariantName = "[No Variations]"
Add component (AddParameter): Name = "Type"; Value = "Резистор"; VariantName = "[No Variations]"
Added Component: Designator=R2(C0805R)
Add component (AddParameter): Name = "Published"; Value = "24.03.2010"; VariantName = "[No Variations]"
Add component (AddParameter): Name = "Publisher"; Value = "Andrew Danich"; VariantName = "[No Variations]"
Add component (AddParameter): Name = "Type"; Value = "Резистор"; VariantName = "[No Variations]"
Added Component: Designator=R3(C0805R)
Add component (AddParameter): Name = "Published"; Value = "24.03.2010"; VariantName = "[No Variations]"
Add component (AddParameter): Name = "Publisher"; Value = "Andrew Danich"; VariantName = "[No Variations]"
Add component (AddParameter): Name = "Type"; Value = "Резистор"; VariantName = "[No Variations]"
Added Component: Designator=R4(C0805R)
Add component (AddParameter): Name = "Published"; Value = "24.03.2010"; VariantName = "[No Variations]"
Add component (AddParameter): Name = "Publisher"; Value = "Andrew Danich"; VariantName = "[No Variations]"
Add component (AddParameter): Name = "Type"; Value = "Резистор"; VariantName = "[No Variations]"
Added Component: Designator=R5(C0805R)
Add component (AddParameter): Name = "Published"; Value = "24.03.2010"; VariantName = "[No Variations]"
Add component (AddParameter): Name = "Publisher"; Value = "Andrew Danich"; VariantName = "[No Variations]"
Add component (AddParameter): Name = "Type"; Value = "Резистор"; VariantName = "[No Variations]"
Added Component: Designator=R6(C0805R)
Add component (AddParameter): Name = "Published"; Value = "24.03.2010"; VariantName = "[No Variations]"
Add component (AddParameter): Name = "Publisher"; Value = "Andrew Danich"; VariantName = "[No Variations]"
Add component (AddParameter): Name = "Type"; Value = "Резистор"; VariantName = "[No Variations]"
Added Component: Designator=R17(TRIM_3296W-1-254LF)
Add component (AddParameter): Name = "Published"; Value = "27.07.2015"; VariantName = "[No Variations]"
Add component (AddParameter): Name = "Publisher"; Value = "Andrew Danich"; VariantName = "[No Variations]"
Add component (AddParameter): Name = "Type"; Value = "Подстроечный резистор"; VariantName = "[No Variations]"
Added Component: Designator=R22(C0805R)
Add component (AddParameter): Name = "Published"; Value = "24.03.2010"; VariantName = "[No Variations]"
Add component (AddParameter): Name = "Publisher"; Value = "Andrew Danich"; VariantName = "[No Variations]"
Add component (AddParameter): Name = "Type"; Value = "Резистор"; VariantName = "[No Variations]"
Added Component: Designator=R23(C0805R)
Add component (AddParameter): Name = "Published"; Value = "24.03.2010"; VariantName = "[No Variations]"
Add component (AddParameter): Name = "Publisher"; Value = "Andrew Danich"; VariantName = "[No Variations]"
Add component (AddParameter): Name = "Type"; Value = "Резистор"; VariantName = "[No Variations]"
Added Component: Designator=R24(C0805R)
Add component (AddParameter): Name = "Published"; Value = "24.03.2010"; VariantName = "[No Variations]"
Add component (AddParameter): Name = "Publisher"; Value = "Andrew Danich"; VariantName = "[No Variations]"
Add component (AddParameter): Name = "Type"; Value = "Резистор"; VariantName = "[No Variations]"
Added Component: Designator=R25(C0805R)
Add component (AddParameter): Name = "Published"; Value = "24.03.2010"; VariantName = "[No Variations]"
Add component (AddParameter): Name = "Publisher"; Value = "Andrew Danich"; VariantName = "[No Variations]"
Add component (AddParameter): Name = "Type"; Value = "Резистор"; VariantName = "[No Variations]"
Added Component: Designator=R26(C0805R)
Add component (AddParameter): Name = "Published"; Value = "24.03.2010"; VariantName = "[No Variations]"
Add component (AddParameter): Name = "Publisher"; Value = "Andrew Danich"; VariantName = "[No Variations]"
Add component (AddParameter): Name = "Type"; Value = "Резистор"; VariantName = "[No Variations]"
Added Component: Designator=R27(C0805R)
Add component (AddParameter): Name = "Published"; Value = "24.03.2010"; VariantName = "[No Variations]"
Add component (AddParameter): Name = "Publisher"; Value = "Andrew Danich"; VariantName = "[No Variations]"
Add component (AddParameter): Name = "Type"; Value = "Резистор"; VariantName = "[No Variations]"
Added Component: Designator=R63(C0805R)
Add component (AddParameter): Name = "Published"; Value = "24.03.2010"; VariantName = "[No Variations]"
Add component (AddParameter): Name = "Publisher"; Value = "Andrew Danich"; VariantName = "[No Variations]"
Add component (AddParameter): Name = "Type"; Value = "Резистор"; VariantName = "[No Variations]"
Added Component: Designator=R64(C0805R)
Add component (AddParameter): Name = "Published"; Value = "24.03.2010"; VariantName = "[No Variations]"
Add component (AddParameter): Name = "Publisher"; Value = "Andrew Danich"; VariantName = "[No Variations]"
Add component (AddParameter): Name = "Type"; Value = "Резистор"; VariantName = "[No Variations]"
Added Component: Designator=R65(C0805R)
Add component (AddParameter): Name = "Published"; Value = "24.03.2010"; VariantName = "[No Variations]"
Add component (AddParameter): Name = "Publisher"; Value = "Andrew Danich"; VariantName = "[No Variations]"
Add component (AddParameter): Name = "Type"; Value = "Резистор"; VariantName = "[No Variations]"
Added Component: Designator=R67(C0805R)
Add component (AddParameter): Name = "Published"; Value = "24.03.2010"; VariantName = "[No Variations]"
Add component (AddParameter): Name = "Publisher"; Value = "Andrew Danich"; VariantName = "[No Variations]"
Add component (AddParameter): Name = "Type"; Value = "Резистор"; VariantName = "[No Variations]"
Added Component: Designator=R68(C0805R)
Add component (AddParameter): Name = "Published"; Value = "24.03.2010"; VariantName = "[No Variations]"
Add component (AddParameter): Name = "Publisher"; Value = "Andrew Danich"; VariantName = "[No Variations]"
Add component (AddParameter): Name = "Type"; Value = "Резистор"; VariantName = "[No Variations]"
Added Component: Designator=R69(C0805R)
Add component (AddParameter): Name = "Published"; Value = "24.03.2010"; VariantName = "[No Variations]"
Add component (AddParameter): Name = "Publisher"; Value = "Andrew Danich"; VariantName = "[No Variations]"
Add component (AddParameter): Name = "Type"; Value = "Резистор"; VariantName = "[No Variations]"
Added Component: Designator=R70(C0805R)
Add component (AddParameter): Name = "Published"; Value = "24.03.2010"; VariantName = "[No Variations]"
Add component (AddParameter): Name = "Publisher"; Value = "Andrew Danich"; VariantName = "[No Variations]"
Add component (AddParameter): Name = "Type"; Value = "Резистор"; VariantName = "[No Variations]"
Added Component: Designator=R71(C0805R)
Add component (AddParameter): Name = "Published"; Value = "24.03.2010"; VariantName = "[No Variations]"
Add component (AddParameter): Name = "Publisher"; Value = "Andrew Danich"; VariantName = "[No Variations]"
Add component (AddParameter): Name = "Type"; Value = "Резистор"; VariantName = "[No Variations]"
Added Component: Designator=R77(C0805R)
Add component (AddParameter): Name = "Published"; Value = "24.03.2010"; VariantName = "[No Variations]"
Add component (AddParameter): Name = "Publisher"; Value = "Andrew Danich"; VariantName = "[No Variations]"
Add component (AddParameter): Name = "Type"; Value = "Резистор"; VariantName = "[No Variations]"
Added Component: Designator=R78(C0805R)
Add component (AddParameter): Name = "Published"; Value = "24.03.2010"; VariantName = "[No Variations]"
Add component (AddParameter): Name = "Publisher"; Value = "Andrew Danich"; VariantName = "[No Variations]"
Add component (AddParameter): Name = "Type"; Value = "Резистор"; VariantName = "[No Variations]"
Added Component: Designator=R79(C0805R)
Add component (AddParameter): Name = "Published"; Value = "24.03.2010"; VariantName = "[No Variations]"
Add component (AddParameter): Name = "Publisher"; Value = "Andrew Danich"; VariantName = "[No Variations]"
Add component (AddParameter): Name = "Type"; Value = "Резистор"; VariantName = "[No Variations]"
Added Component: Designator=R80(C0805R)
Add component (AddParameter): Name = "Published"; Value = "24.03.2010"; VariantName = "[No Variations]"
Add component (AddParameter): Name = "Publisher"; Value = "Andrew Danich"; VariantName = "[No Variations]"
Add component (AddParameter): Name = "Type"; Value = "Резистор"; VariantName = "[No Variations]"
Added Component: Designator=R81(C0805R)
Add component (AddParameter): Name = "Published"; Value = "24.03.2010"; VariantName = "[No Variations]"
Add component (AddParameter): Name = "Publisher"; Value = "Andrew Danich"; VariantName = "[No Variations]"
Add component (AddParameter): Name = "Type"; Value = "Резистор"; VariantName = "[No Variations]"
Added Component: Designator=R82(C0805R)
Add component (AddParameter): Name = "Published"; Value = "24.03.2010"; VariantName = "[No Variations]"
Add component (AddParameter): Name = "Publisher"; Value = "Andrew Danich"; VariantName = "[No Variations]"
Add component (AddParameter): Name = "Type"; Value = "Резистор"; VariantName = "[No Variations]"
Added Component: Designator=R?(C0805R)
Add component (AddParameter): Name = "Published"; Value = "24.03.2010"; VariantName = "[No Variations]"
Add component (AddParameter): Name = "Publisher"; Value = "Andrew Danich"; VariantName = "[No Variations]"
Add component (AddParameter): Name = "Type"; Value = "Резистор"; VariantName = "[No Variations]"
Added Component: Designator=SB1(1437566-3)
Add component (AddParameter): Name = "Published"; Value = "17.04.2014"; VariantName = "[No Variations]"
Add component (AddParameter): Name = "Publisher"; Value = "Andrew Danich"; VariantName = "[No Variations]"
Add component (AddParameter): Name = "Type"; Value = "Переключатель"; VariantName = "[No Variations]"
Added Component: Designator=VT3(TO-92-A)
Add component (AddParameter): Name = "Published"; Value = "07.05.2013"; VariantName = "[No Variations]"
Add component (AddParameter): Name = "Publisher"; Value = "Andrew Danich"; VariantName = "[No Variations]"
Add component (AddParameter): Name = "Type"; Value = "Транзистор"; VariantName = "[No Variations]"
Added Component: Designator=XS2(YX-XH-3)
Add component (AddParameter): Name = "Published"; Value = "07.03.2013"; VariantName = "[No Variations]"
Add component (AddParameter): Name = "Publisher"; Value = "Andrew Danich"; VariantName = "[No Variations]"
Add component (AddParameter): Name = "Type"; Value = "Розетка"; VariantName = "[No Variations]"
Added Component: Designator=XS6(YX-XH-3)
Add component (AddParameter): Name = "Published"; Value = "07.03.2013"; VariantName = "[No Variations]"
Add component (AddParameter): Name = "Publisher"; Value = "Andrew Danich"; VariantName = "[No Variations]"
Add component (AddParameter): Name = "Type"; Value = "Розетка"; VariantName = "[No Variations]"
Added Component: Designator=XS7(YX-XH-3)
Add component (AddParameter): Name = "Published"; Value = "07.03.2013"; VariantName = "[No Variations]"
Add component (AddParameter): Name = "Publisher"; Value = "Andrew Danich"; VariantName = "[No Variations]"
Add component (AddParameter): Name = "Type"; Value = "Розетка"; VariantName = "[No Variations]"
Added Component: Designator=XS8(YX-XH-3)
Add component (AddParameter): Name = "Published"; Value = "07.03.2013"; VariantName = "[No Variations]"
Add component (AddParameter): Name = "Publisher"; Value = "Andrew Danich"; VariantName = "[No Variations]"
Add component (AddParameter): Name = "Type"; Value = "Розетка"; VariantName = "[No Variations]"
Added Component: Designator=XS9(YX-XH-3)
Add component (AddParameter): Name = "Published"; Value = "07.03.2013"; VariantName = "[No Variations]"
Add component (AddParameter): Name = "Publisher"; Value = "Andrew Danich"; VariantName = "[No Variations]"
Add component (AddParameter): Name = "Type"; Value = "Розетка"; VariantName = "[No Variations]"
Added Component: Designator=XS14(IDC-20)
Add component (AddParameter): Name = "Published"; Value = "07.03.2013"; VariantName = "[No Variations]"
Add component (AddParameter): Name = "Publisher"; Value = "Andrew Danich"; VariantName = "[No Variations]"
Add component (AddParameter): Name = "Specification"; Value = ""; VariantName = "[No Variations]"
Add component (AddParameter): Name = "Type"; Value = "Розетка"; VariantName = "[No Variations]"
Add component (AddParameter): Name = "Value"; Value = "Connector"; VariantName = "[No Variations]"
Added Component: Designator=XS15(IDC-20)
Add component (AddParameter): Name = "Published"; Value = "07.03.2013"; VariantName = "[No Variations]"
Add component (AddParameter): Name = "Publisher"; Value = "Andrew Danich"; VariantName = "[No Variations]"
Add component (AddParameter): Name = "Specification"; Value = ""; VariantName = "[No Variations]"
Add component (AddParameter): Name = "Type"; Value = "Розетка"; VariantName = "[No Variations]"
Add component (AddParameter): Name = "Value"; Value = "Connector"; VariantName = "[No Variations]"
Added Component: Designator=XS18(PLD2-3)
Add component (AddParameter): Name = "Published"; Value = "07.03.2013"; VariantName = "[No Variations]"
Add component (AddParameter): Name = "Publisher"; Value = "Andrew Danich"; VariantName = "[No Variations]"
Add component (AddParameter): Name = "Specification"; Value = ""; VariantName = "[No Variations]"
Add component (AddParameter): Name = "Type"; Value = "Розетка"; VariantName = "[No Variations]"
Add component (AddParameter): Name = "Value"; Value = "Connector"; VariantName = "[No Variations]"
Added Component: Designator=ZQ1(HC49SM)
Add component (AddParameter): Name = "Published"; Value = "08.03.2013"; VariantName = "[No Variations]"
Add component (AddParameter): Name = "Publisher"; Value = "Andrew Danich"; VariantName = "[No Variations]"
Add component (AddParameter): Name = "Type"; Value = "Резонатор"; VariantName = "[No Variations]"
Add Pin To Net: Unknown Pin: Pin C1-1
Add Pin To Net: Unknown Pin: Pin C1-2
Added Pin To Net: NetName=GND Pin=C3-1
Added Pin To Net: NetName=3V3 Pin=C3-2
Added Pin To Net: NetName=3V3 Pin=C4-1
Added Pin To Net: NetName=GND Pin=C4-2
Added Pin To Net: NetName=GND Pin=C5-1
Added Pin To Net: NetName=3V3 Pin=C5-2
Added Pin To Net: NetName=GND Pin=C6-1
Added Pin To Net: NetName=3V3 Pin=C6-2
Added Pin To Net: NetName=GND Pin=C9-1
Added Pin To Net: NetName=3V3 Pin=C9-2
Added Pin To Net: NetName=GND Pin=C11-1
Added Pin To Net: NetName=3V3 Pin=C11-2
Added Pin To Net: NetName=GND Pin=C34-1
Added Pin To Net: NetName=NetC34_2 Pin=C34-2
Added Pin To Net: NetName=GND Pin=C35-1
Added Pin To Net: NetName=NetC35_2 Pin=C35-2
Added Pin To Net: NetName=3V3 Pin=C37-1
Added Pin To Net: NetName=GND Pin=C37-2
Added Pin To Net: NetName=GND Pin=C38-1
Added Pin To Net: NetName=NRST Pin=C38-2
Added Pin To Net: NetName=GND Pin=C41-1
Added Pin To Net: NetName=3V3 Pin=C41-2
Added Pin To Net: NetName=GND Pin=C42-1
Added Pin To Net: NetName=3V3 Pin=C42-2
Added Pin To Net: NetName=GND Pin=C43-1
Added Pin To Net: NetName=3V3 Pin=C43-2
Added Pin To Net: NetName=GND Pin=C44-1
Added Pin To Net: NetName=3V3 Pin=C44-2
Added Pin To Net: NetName=GND Pin=C45-1
Added Pin To Net: NetName=3V3 Pin=C45-2
Added Pin To Net: NetName=GND Pin=C52-1
Added Pin To Net: NetName=3V3 Pin=C52-2
Added Pin To Net: NetName=GND Pin=DA1-1
Added Pin To Net: NetName=3V3 Pin=DA1-2
Added Pin To Net: NetName=+12V Pin=DA1-3
Added Pin To Net: NetName=3V3 Pin=DA1-4
Added Pin To Net: NetName=CAN1_TXD Pin=DD1-1
Added Pin To Net: NetName=GND Pin=DD1-2
Added Pin To Net: NetName=3V3 Pin=DD1-3
Added Pin To Net: NetName=CAN1_RXD Pin=DD1-4
Added Pin To Net: NetName=NetDD1_6 Pin=DD1-6
Added Pin To Net: NetName=NetDD1_7 Pin=DD1-7
Added Pin To Net: NetName=NetDD1_8 Pin=DD1-8
Added Pin To Net: NetName=NetDD2_1 Pin=DD2-1
Added Pin To Net: NetName=GND Pin=DD2-2
Added Pin To Net: NetName=GND Pin=DD2-3
Added Pin To Net: NetName=GND Pin=DD2-4
Added Pin To Net: NetName=I2C3_SDA Pin=DD2-5
Added Pin To Net: NetName=I2C3_SCL Pin=DD2-6
Added Pin To Net: NetName=GND Pin=DD2-7
Added Pin To Net: NetName=3V3 Pin=DD2-8
Added Pin To Net: NetName=NetDD3_1 Pin=DD3-1
Added Pin To Net: NetName=NetDD3_2 Pin=DD3-2
Added Pin To Net: NetName=3V3 Pin=DD3-3
Added Pin To Net: NetName=GND Pin=DD3-4
Added Pin To Net: NetName=NetDD3_5 Pin=DD3-5
Added Pin To Net: NetName=NetDD3_6 Pin=DD3-6
Added Pin To Net: NetName=3V3 Pin=DD3-7
Added Pin To Net: NetName=3V3 Pin=DD3-8
Added Pin To Net: NetName=A0 Pin=DD6-1
Added Pin To Net: NetName=A1 Pin=DD6-2
Added Pin To Net: NetName=A2 Pin=DD6-3
Added Pin To Net: NetName=P0 Pin=DD6-4
Added Pin To Net: NetName=P1 Pin=DD6-5
Added Pin To Net: NetName=P2 Pin=DD6-6
Added Pin To Net: NetName=P3 Pin=DD6-7
Added Pin To Net: NetName=GND Pin=DD6-8
Added Pin To Net: NetName=P4 Pin=DD6-9
Added Pin To Net: NetName=P5 Pin=DD6-10
Added Pin To Net: NetName=P6 Pin=DD6-11
Added Pin To Net: NetName=P7 Pin=DD6-12
Added Pin To Net: NetName=LCD_SCL Pin=DD6-14
Added Pin To Net: NetName=LCD_SDA Pin=DD6-15
Added Pin To Net: NetName=3V3 Pin=DD6-16
Added Pin To Net: NetName=NetDD7_1 Pin=DD7-1
Added Pin To Net: NetName=NetDD7_2 Pin=DD7-2
Added Pin To Net: NetName=NetDD7_3 Pin=DD7-3
Added Pin To Net: NetName=GND Pin=DD7-4
Added Pin To Net: NetName=I2C3_SDA Pin=DD7-5
Added Pin To Net: NetName=I2C3_SCL Pin=DD7-6
Added Pin To Net: NetName=GND Pin=DD7-7
Added Pin To Net: NetName=3V3 Pin=DD7-8
Added Pin To Net: NetName=NetDD8_1 Pin=DD8-1
Added Pin To Net: NetName=NetDD8_2 Pin=DD8-2
Added Pin To Net: NetName=GND Pin=DD8-3
Added Pin To Net: NetName=GND Pin=DD8-4
Added Pin To Net: NetName=I2C3_SDA Pin=DD8-5
Added Pin To Net: NetName=I2C3_SCL Pin=DD8-6
Added Pin To Net: NetName=GND Pin=DD8-7
Added Pin To Net: NetName=3V3 Pin=DD8-8
Added Pin To Net: NetName=3V3 Pin=DD?-1
Added Pin To Net: NetName=NetC35_2 Pin=DD?-5
Added Pin To Net: NetName=NetC34_2 Pin=DD?-6
Added Pin To Net: NetName=NRST Pin=DD?-7
Added Pin To Net: NetName=GND Pin=DD?-8
Added Pin To Net: NetName=3V3 Pin=DD?-9
Added Pin To Net: NetName=NetDD3_6 Pin=DD?-15
Added Pin To Net: NetName=NetDD3_2 Pin=DD?-16
Added Pin To Net: NetName=NetDD3_5 Pin=DD?-17
Added Pin To Net: NetName=I2C3_SCL Pin=DD?-21
Added Pin To Net: NetName=I2C3_SDA Pin=DD?-22
Added Pin To Net: NetName=GND Pin=DD?-23
Added Pin To Net: NetName=3V3 Pin=DD?-24
Added Pin To Net: NetName=DS18B20 Pin=DD?-30
Added Pin To Net: NetName=NetDD?_32 Pin=DD?-32
Added Pin To Net: NetName=NetDD?_33 Pin=DD?-33
Added Pin To Net: NetName=JTMS Pin=DD?-34
Added Pin To Net: NetName=GND Pin=DD?-35
Added Pin To Net: NetName=3V3 Pin=DD?-36
Added Pin To Net: NetName=JTCK Pin=DD?-37
Added Pin To Net: NetName=JTDI Pin=DD?-38
Added Pin To Net: NetName=JTDO Pin=DD?-39
Added Pin To Net: NetName=JNTRST Pin=DD?-40
Added Pin To Net: NetName=LCD_SCL Pin=DD?-42
Added Pin To Net: NetName=LCD_SDA Pin=DD?-43
Added Pin To Net: NetName=NetDD?_44 Pin=DD?-44
Added Pin To Net: NetName=CAN1_RXD Pin=DD?-45
Added Pin To Net: NetName=CAN1_TXD Pin=DD?-46
Added Pin To Net: NetName=GND Pin=DD?-47
Added Pin To Net: NetName=3V3 Pin=DD?-48
Added Pin To Net: NetName=NetDD1_8 Pin=R1-1
Added Pin To Net: NetName=GND Pin=R1-2
Added Pin To Net: NetName=NetDD1_7 Pin=R2-1
Added Pin To Net: NetName=NetDD1_6 Pin=R2-2
Added Pin To Net: NetName=NetDD2_1 Pin=R3-1
Added Pin To Net: NetName=3V3 Pin=R3-2
Added Pin To Net: NetName=I2C3_SDA Pin=R4-1
Added Pin To Net: NetName=3V3 Pin=R4-2
Added Pin To Net: NetName=NetDD3_1 Pin=R5-1
Added Pin To Net: NetName=3V3 Pin=R5-2
Added Pin To Net: NetName=3V3 Pin=R6-1
Added Pin To Net: NetName=DS18B20 Pin=R6-2
Added Pin To Net: NetName=3V3 Pin=R17-1
Added Pin To Net: NetName=NetR17_2 Pin=R17-2
Added Pin To Net: NetName=GND Pin=R17-3
Added Pin To Net: NetName=A2 Pin=R22-1
Added Pin To Net: NetName=3V3 Pin=R22-2
Added Pin To Net: NetName=JNTRST Pin=R23-1
Added Pin To Net: NetName=3V3 Pin=R23-2
Added Pin To Net: NetName=JTDI Pin=R24-1
Added Pin To Net: NetName=3V3 Pin=R24-2
Added Pin To Net: NetName=JTMS Pin=R25-1
Added Pin To Net: NetName=3V3 Pin=R25-2
Added Pin To Net: NetName=JTDO Pin=R26-1
Added Pin To Net: NetName=3V3 Pin=R26-2
Added Pin To Net: NetName=GND Pin=R27-1
Added Pin To Net: NetName=JTCK Pin=R27-2
Added Pin To Net: NetName=NetC34_2 Pin=R63-1
Added Pin To Net: NetName=NetC35_2 Pin=R63-2
Added Pin To Net: NetName=NetR64_1 Pin=R64-1
Added Pin To Net: NetName=NetDD?_44 Pin=R64-2
Added Pin To Net: NetName=3V3 Pin=R65-1
Added Pin To Net: NetName=NRST Pin=R65-2
Added Pin To Net: NetName=A1 Pin=R67-1
Added Pin To Net: NetName=3V3 Pin=R67-2
Added Pin To Net: NetName=A0 Pin=R68-1
Added Pin To Net: NetName=3V3 Pin=R68-2
Added Pin To Net: NetName=LCD_SDA Pin=R69-1
Added Pin To Net: NetName=3V3 Pin=R69-2
Added Pin To Net: NetName=LCD_SCL Pin=R70-1
Added Pin To Net: NetName=3V3 Pin=R70-2
Added Pin To Net: NetName=P3 Pin=R71-1
Added Pin To Net: NetName=3V3 Pin=R71-2
Added Pin To Net: NetName=I2C3_SCL Pin=R77-1
Added Pin To Net: NetName=3V3 Pin=R77-2
Added Pin To Net: NetName=NetDD7_1 Pin=R78-1
Added Pin To Net: NetName=3V3 Pin=R78-2
Added Pin To Net: NetName=NetDD7_2 Pin=R79-1
Added Pin To Net: NetName=3V3 Pin=R79-2
Added Pin To Net: NetName=NetDD7_3 Pin=R80-1
Added Pin To Net: NetName=3V3 Pin=R80-2
Added Pin To Net: NetName=NetDD8_1 Pin=R81-1
Added Pin To Net: NetName=3V3 Pin=R81-2
Added Pin To Net: NetName=NetDD8_2 Pin=R82-1
Added Pin To Net: NetName=3V3 Pin=R82-2
Added Pin To Net: NetName=NetR?_1 Pin=R?-1
Added Pin To Net: NetName=NRST Pin=SB1-1
Added Pin To Net: NetName=GND Pin=SB1-2
Added Pin To Net: NetName=P3 Pin=VT3-1
Added Pin To Net: NetName=NetVT3_2 Pin=VT3-2
Added Pin To Net: NetName=GND Pin=VT3-3
Added Pin To Net: NetName=NetDD1_7 Pin=XS2-1
Added Pin To Net: NetName=NetDD1_6 Pin=XS2-2
Added Pin To Net: NetName=GND Pin=XS2-3
Added Pin To Net: NetName=3V3 Pin=XS6-1
Added Pin To Net: NetName=DS18B20 Pin=XS6-2
Added Pin To Net: NetName=GND Pin=XS6-3
Added Pin To Net: NetName=3V3 Pin=XS7-1
Added Pin To Net: NetName=DS18B20 Pin=XS7-2
Added Pin To Net: NetName=GND Pin=XS7-3
Added Pin To Net: NetName=3V3 Pin=XS8-1
Added Pin To Net: NetName=DS18B20 Pin=XS8-2
Added Pin To Net: NetName=GND Pin=XS8-3
Added Pin To Net: NetName=3V3 Pin=XS9-1
Added Pin To Net: NetName=DS18B20 Pin=XS9-2
Added Pin To Net: NetName=GND Pin=XS9-3
Added Pin To Net: NetName=GND Pin=XS14-1
Added Pin To Net: NetName=3V3 Pin=XS14-2
Added Pin To Net: NetName=NetR17_2 Pin=XS14-3
Added Pin To Net: NetName=P0 Pin=XS14-4
Added Pin To Net: NetName=P1 Pin=XS14-5
Added Pin To Net: NetName=P2 Pin=XS14-6
Added Pin To Net: NetName=P4 Pin=XS14-11
Added Pin To Net: NetName=P5 Pin=XS14-12
Added Pin To Net: NetName=P6 Pin=XS14-13
Added Pin To Net: NetName=P7 Pin=XS14-14
Added Pin To Net: NetName=3V3 Pin=XS14-15
Added Pin To Net: NetName=NetVT3_2 Pin=XS14-16
Added Pin To Net: NetName=GND Pin=XS14-17
Added Pin To Net: NetName=GND Pin=XS14-18
Added Pin To Net: NetName=GND Pin=XS14-19
Added Pin To Net: NetName=GND Pin=XS14-20
Added Pin To Net: NetName=3V3 Pin=XS15-1
Added Pin To Net: NetName=3V3 Pin=XS15-2
Added Pin To Net: NetName=JNTRST Pin=XS15-3
Added Pin To Net: NetName=GND Pin=XS15-4
Added Pin To Net: NetName=JTDI Pin=XS15-5
Added Pin To Net: NetName=GND Pin=XS15-6
Added Pin To Net: NetName=JTMS Pin=XS15-7
Added Pin To Net: NetName=GND Pin=XS15-8
Added Pin To Net: NetName=JTCK Pin=XS15-9
Added Pin To Net: NetName=GND Pin=XS15-10
Added Pin To Net: NetName=GND Pin=XS15-12
Added Pin To Net: NetName=JTDO Pin=XS15-13
Added Pin To Net: NetName=GND Pin=XS15-14
Added Pin To Net: NetName=NRST Pin=XS15-15
Added Pin To Net: NetName=GND Pin=XS15-16
Added Pin To Net: NetName=GND Pin=XS15-18
Added Pin To Net: NetName=GND Pin=XS15-20
Added Pin To Net: NetName=3V3 Pin=XS18-1
Added Pin To Net: NetName=3V3 Pin=XS18-2
Added Pin To Net: NetName=NetR64_1 Pin=XS18-3
Added Pin To Net: NetName=NetR?_1 Pin=XS18-4
Added Pin To Net: NetName=GND Pin=XS18-5
Added Pin To Net: NetName=GND Pin=XS18-6
Added Pin To Net: NetName=NetC35_2 Pin=ZQ1-1
Added Pin To Net: NetName=NetC34_2 Pin=ZQ1-2
Add Class Member: Failed to add class member : Component C1 10uFx10V
Added Member To Class: ClassName=POWER_SUPPLY Member=Component C3 0.1 uF
Added Member To Class: ClassName=POWER_SUPPLY Member=Component C4 10uFx10V
Added Member To Class: ClassName=POWER_SUPPLY Member=Component C5 0.1 uF
Added Member To Class: ClassName=POWER_SUPPLY Member=Component C6 0.1 uF
Added Member To Class: ClassName=POWER_SUPPLY Member=Component C7 0.33 uF
Added Member To Class: ClassName=POWER_SUPPLY Member=Component C8 0.1 uF
Added Member To Class: ClassName=CAN Member=Component C9 0.1uF
Added Member To Class: ClassName=FLASH Member=Component C11 0.1uF
Added Member To Class: ClassName=DIRECTIONAL_COUPLER Member=Component C12 10n
Added Member To Class: ClassName=DIRECTIONAL_COUPLER Member=Component C13 1uF
Added Member To Class: ClassName=DIRECTIONAL_COUPLER Member=Component C14 10n
Added Member To Class: ClassName=DIRECTIONAL_COUPLER Member=Component C15 10n
Added Member To Class: ClassName=DIRECTIONAL_COUPLER Member=Component C16 1uF
Added Member To Class: ClassName=DIRECTIONAL_COUPLER Member=Component C17 10n
Added Member To Class: ClassName=SEQUENCER Member=Component C18 10uFx25V
Added Member To Class: ClassName=SEQUENCER Member=Component C19 0.1uF
Added Member To Class: ClassName=MCU_CORE Member=Component C34 22pF
Added Member To Class: ClassName=MCU_CORE Member=Component C35 22pF
Added Member To Class: ClassName=POWER_SUPPLY Member=Component C37 10uFx10V
Added Member To Class: ClassName=MCU_CORE Member=Component C38 0.1uF
Added Member To Class: ClassName=MCU_CORE Member=Component C41 0.1uF
Added Member To Class: ClassName=MCU_CORE Member=Component C42 0.1uF
Added Member To Class: ClassName=MCU_CORE Member=Component C43 0.1uF
Added Member To Class: ClassName=MCU_CORE Member=Component C44 0.1uF
Added Member To Class: ClassName=MCU_CORE Member=Component C45 0.1uF
Added Member To Class: ClassName=IIC_LCD Member=Component C52 0.1 uF
Added Member To Class: ClassName=POWER_SUPPLY Member=Component DA1 LM1085ISX-3.3
Added Member To Class: ClassName=POWER_SUPPLY Member=Component DA2 78M08CDT
Added Member To Class: ClassName=DIRECTIONAL_COUPLER Member=Component DA3 LM224
Added Member To Class: ClassName=SEQUENCER Member=Component DA4 TLP627
Added Member To Class: ClassName=SEQUENCER Member=Component DA6 TLP627
Added Member To Class: ClassName=SEQUENCER Member=Component DA7 TLP627
Added Member To Class: ClassName=CAN Member=Component DD1 SN65HVD230
Added Member To Class: ClassName=EEPROM Member=Component DD2 AT24C128C-SSHM-T
Added Member To Class: ClassName=FLASH Member=Component DD3 W25Q128
Added Member To Class: ClassName=IIC_LCD Member=Component DD6 PCF8574ADW
Added Member To Class: ClassName=EEPROM Member=Component DD7 AT24C128C-SSHM-T
Added Member To Class: ClassName=EEPROM Member=Component DD8 AT24C128C-SSHM-T
Added Member To Class: ClassName=MCU_CORE Member=Component DD? STM32F103C8T6
Added Member To Class: ClassName=SEQUENCER Member=Component L1 EC24-151K
Added Member To Class: ClassName=CAN Member=Component R1 R0805
Added Member To Class: ClassName=CAN Member=Component R2 120
Added Member To Class: ClassName=EEPROM Member=Component R3 10k
Added Member To Class: ClassName=EEPROM Member=Component R4 4k7
Added Member To Class: ClassName=FLASH Member=Component R5 10k
Added Member To Class: ClassName=DS18B20 Member=Component R6 4k7
Added Member To Class: ClassName=DIRECTIONAL_COUPLER Member=Component R7 10k
Added Member To Class: ClassName=DIRECTIONAL_COUPLER Member=Component R8 1k
Added Member To Class: ClassName=DIRECTIONAL_COUPLER Member=Component R9 20k
Added Member To Class: ClassName=DIRECTIONAL_COUPLER Member=Component R10 120k
Added Member To Class: ClassName=DIRECTIONAL_COUPLER Member=Component R11 4k7
Added Member To Class: ClassName=DIRECTIONAL_COUPLER Member=Component R12 10k
Added Member To Class: ClassName=DIRECTIONAL_COUPLER Member=Component R13 1k
Added Member To Class: ClassName=DIRECTIONAL_COUPLER Member=Component R14 20k
Added Member To Class: ClassName=DIRECTIONAL_COUPLER Member=Component R15 120k
Added Member To Class: ClassName=DIRECTIONAL_COUPLER Member=Component R16 4k7
Added Member To Class: ClassName=IIC_LCD Member=Component R17 RES_VAR
Added Member To Class: ClassName=IIC_LCD Member=Component R22 10k
Added Member To Class: ClassName=JTAG_MCU Member=Component R23 10k
Added Member To Class: ClassName=JTAG_MCU Member=Component R24 10k
Added Member To Class: ClassName=JTAG_MCU Member=Component R25 10k
Added Member To Class: ClassName=JTAG_MCU Member=Component R26 10k
Added Member To Class: ClassName=JTAG_MCU Member=Component R27 10k
Added Member To Class: ClassName=SEQUENCER Member=Component R28 100k
Added Member To Class: ClassName=SEQUENCER Member=Component R29 2k
Added Member To Class: ClassName=SEQUENCER Member=Component R30 2k
Added Member To Class: ClassName=SEQUENCER Member=Component R31 100k
Added Member To Class: ClassName=SEQUENCER Member=Component R34 2k
Added Member To Class: ClassName=SEQUENCER Member=Component R35 2k
Added Member To Class: ClassName=SEQUENCER Member=Component R36 2k
Added Member To Class: ClassName=SEQUENCER Member=Component R61 2k
Added Member To Class: ClassName=MCU_CORE Member=Component R63 1M
Added Member To Class: ClassName=MCU_CORE Member=Component R64 10k
Added Member To Class: ClassName=MCU_CORE Member=Component R65 100k
Added Member To Class: ClassName=IIC_LCD Member=Component R67 10k
Added Member To Class: ClassName=IIC_LCD Member=Component R68 10k
Added Member To Class: ClassName=IIC_LCD Member=Component R69 4k7
Added Member To Class: ClassName=IIC_LCD Member=Component R70 4k7
Added Member To Class: ClassName=IIC_LCD Member=Component R71 4k7
Added Member To Class: ClassName=EEPROM Member=Component R77 4k7
Added Member To Class: ClassName=EEPROM Member=Component R78 10k
Added Member To Class: ClassName=EEPROM Member=Component R79 10k
Added Member To Class: ClassName=EEPROM Member=Component R80 10k
Added Member To Class: ClassName=EEPROM Member=Component R81 10k
Added Member To Class: ClassName=EEPROM Member=Component R82 10k
Added Member To Class: ClassName=MCU_CORE Member=Component R? 10k
Added Member To Class: ClassName=MCU_CORE Member=Component SB1 1437566-3 (FSMSM)
Added Member To Class: ClassName=DIRECTIONAL_COUPLER Member=Component VD2 BAT54C
Added Member To Class: ClassName=DIRECTIONAL_COUPLER Member=Component VD6 LL4148
Added Member To Class: ClassName=SEQUENCER Member=Component VD7 1N4744A
Added Member To Class: ClassName=DIRECTIONAL_COUPLER Member=Component VD10 LL4148
Added Member To Class: ClassName=SEQUENCER Member=Component VT1 2N3906
Added Member To Class: ClassName=SEQUENCER Member=Component VT2 2SC1815
Added Member To Class: ClassName=IIC_LCD Member=Component VT3 SS8050CBU
Added Member To Class: ClassName=CAN Member=Component XS2 CAN
Added Member To Class: ClassName=DS18B20 Member=Component XS6 DS18B20
Added Member To Class: ClassName=DS18B20 Member=Component XS7 DS18B20
Added Member To Class: ClassName=DS18B20 Member=Component XS8 DS18B20
Added Member To Class: ClassName=DS18B20 Member=Component XS9 DS18B20
Added Member To Class: ClassName=DIRECTIONAL_COUPLER Member=Component XS10 SWR
Added Member To Class: ClassName=SEQUENCER Member=Component XS13 KSD
Added Member To Class: ClassName=IIC_LCD Member=Component XS14 Text
Added Member To Class: ClassName=JTAG_MCU Member=Component XS15 Text
Added Member To Class: ClassName=SEQUENCER Member=Component XS16 SEQ
Added Member To Class: ClassName=MCU_CORE Member=Component XS18 BOOT
Added Member To Class: ClassName=SEQUENCER Member=Component Z1 HCM1212X
Added Member To Class: ClassName=MCU_CORE Member=Component ZQ1 HC49SM
Added Room: Name=CAN
Added Room: Name=DIRECTIONAL_COUPLER
Added Room: Name=DS18B20
Added Room: Name=EEPROM
Added Room: Name=FAN_CTRL
Added Room: Name=FLASH
Added Room: Name=IIC_LCD
Added Room: Name=JTAG_MCU
Added Room: Name=MCU_CORE
Added Room: Name=POWER_SUPPLY
Added Room: Name=SEQUENCER
Added Room: Name=USB
