Removed Pin From Net: NetName=GND Pin=C10-1
Removed Pin From Net: NetName=GND Pin=C20-1
Removed Pin From Net: NetName=3V3 Pin=C20-2
Removed Pin From Net: NetName=GND Pin=C21-1
Removed Pin From Net: NetName=3V3 Pin=C21-2
Removed Pin From Net: NetName=GND Pin=C22-1
Removed Pin From Net: NetName=3V3 Pin=C22-2
Removed Pin From Net: NetName=GND Pin=C23-1
Removed Pin From Net: NetName=3V3 Pin=C23-2
Removed Pin From Net: NetName=GND Pin=C24-1
Removed Pin From Net: NetName=3V3 Pin=C24-2
Removed Pin From Net: NetName=GND Pin=C26-1
Removed Pin From Net: NetName=3V3 Pin=C26-2
Removed Pin From Net: NetName=GND Pin=C27-1
Removed Pin From Net: NetName=3V3 Pin=C27-2
Removed Pin From Net: NetName=GND Pin=C28-1
Removed Pin From Net: NetName=3V3 Pin=C28-2
Removed Pin From Net: NetName=GND Pin=C29-1
Removed Pin From Net: NetName=GND Pin=C30-2
Removed Pin From Net: NetName=GND Pin=C31-2
Removed Pin From Net: NetName=GND Pin=C32-2
Removed Pin From Net: NetName=GND Pin=C33-1
Removed Pin From Net: NetName=GND Pin=C36-1
Removed Pin From Net: NetName=GND Pin=C39-1
Removed Pin From Net: NetName=GND Pin=C40-1
Removed Pin From Net: NetName=GND Pin=C46-1
Removed Pin From Net: NetName=3V3 Pin=C46-2
Removed Pin From Net: NetName=GND Pin=C47-1
Removed Pin From Net: NetName=GND Pin=C48-2
Removed Pin From Net: NetName=GND Pin=C49-2
Removed Pin From Net: NetName=GND Pin=C50-2
Removed Pin From Net: NetName=GND Pin=C51-1
Removed Pin From Net: NetName=GND Pin=DA8-2
Removed Pin From Net: NetName=3V3 Pin=DA8-4
Removed Pin From Net: NetName=GND Pin=DD4-15
Removed Pin From Net: NetName=GND Pin=DD4-19
Removed Pin From Net: NetName=3V3 Pin=DD4-22
Removed Pin From Net: NetName=3V3 Pin=DD4-32
Removed Pin From Net: NetName=GND Pin=DD4-35
Removed Pin From Net: NetName=GND Pin=DD4-36
Removed Pin From Net: NetName=GND Pin=DD4-47
Removed Pin From Net: NetName=3V3 Pin=DD4-48
Removed Pin From Net: NetName=GND Pin=DD4-49
Removed Pin From Net: NetName=GND Pin=DD5-10
Removed Pin From Net: NetName=3V3 Pin=DD5-11
Removed Pin From Net: NetName=PH0 Pin=DD5-12
Removed Pin From Net: NetName=PH1 Pin=DD5-13
Removed Pin From Net: NetName=NRST Pin=DD5-14
Removed Pin From Net: NetName=3V3 Pin=DD5-19
Removed Pin From Net: NetName=GND Pin=DD5-20
Removed Pin From Net: NetName=GND Pin=DD5-27
Removed Pin From Net: NetName=3V3 Pin=DD5-28
Removed Pin From Net: NetName=NetDD3_1 Pin=DD5-29
Removed Pin From Net: NetName=3V3 Pin=DD5-50
Removed Pin From Net: NetName=I2C3_SDA Pin=DD5-66
Removed Pin From Net: NetName=I2C3_SCL Pin=DD5-67
Removed Pin From Net: NetName=DS18B20 Pin=DD5-68
Removed Pin From Net: NetName=JTMS Pin=DD5-72
Removed Pin From Net: NetName=GND Pin=DD5-74
Removed Pin From Net: NetName=3V3 Pin=DD5-75
Removed Pin From Net: NetName=JTCK Pin=DD5-76
Removed Pin From Net: NetName=JTDI Pin=DD5-77
Removed Pin From Net: NetName=NetDD3_6 Pin=DD5-78
Removed Pin From Net: NetName=NetDD3_2 Pin=DD5-79
Removed Pin From Net: NetName=NetDD3_5 Pin=DD5-80
Removed Pin From Net: NetName=JTDO Pin=DD5-89
Removed Pin From Net: NetName=JNTRST Pin=DD5-90
Removed Pin From Net: NetName=CAN1_RXD Pin=DD5-91
Removed Pin From Net: NetName=CAN1_TXD Pin=DD5-92
Removed Pin From Net: NetName=LCD_SCL Pin=DD5-95
Removed Pin From Net: NetName=LCD_SDA Pin=DD5-96
Removed Pin From Net: NetName=GND Pin=DD5-99
Removed Pin From Net: NetName=3V3 Pin=DD5-100
Removed Pin From Net: NetName=GND Pin=J1-2
Removed Pin From Net: NetName=3V3 Pin=L2-2
Removed Pin From Net: NetName=3V3 Pin=R37-2
Removed Pin From Net: NetName=3V3 Pin=R38-2
Removed Pin From Net: NetName=3V3 Pin=R39-2
Removed Pin From Net: NetName=3V3 Pin=R40-2
Removed Pin From Net: NetName=3V3 Pin=R41-2
Removed Pin From Net: NetName=3V3 Pin=R42-2
Removed Pin From Net: NetName=3V3 Pin=R43-2
Removed Pin From Net: NetName=3V3 Pin=R48-1
Removed Pin From Net: NetName=3V3 Pin=R50-1
Removed Pin From Net: NetName=GND Pin=R53-1
Removed Pin From Net: NetName=3V3 Pin=R54-2
Removed Pin From Net: NetName=3V3 Pin=R55-2
Removed Pin From Net: NetName=3V3 Pin=R56-2
Removed Pin From Net: NetName=3V3 Pin=R57-2
Removed Pin From Net: NetName=GND Pin=R58-1
Removed Pin From Net: NetName=3V3 Pin=R59-2
Removed Pin From Net: NetName=3V3 Pin=R60-2
Removed Pin From Net: NetName=3V3 Pin=R72-2
Removed Pin From Net: NetName=3V3 Pin=VD11-2
Removed Member From Class: ClassName=MCU_CORE Member=C10
Removed Member From Class: ClassName=MCU_CORE Member=C36
Removed Member From Class: ClassName=MCU_CORE Member=C39
Removed Member From Class: ClassName=MCU_CORE Member=C40
Removed Member From Class: ClassName=MCU_CORE Member=C46
Removed Member From Class: ClassName=MCU_CORE Member=C47
Removed Member From Class: ClassName=MCU_CORE Member=C48
Removed Member From Class: ClassName=MCU_CORE Member=C49
Removed Member From Class: ClassName=MCU_CORE Member=C50
Removed Member From Class: ClassName=MCU_CORE Member=C51
Removed Member From Class: ClassName=MCU_CORE Member=DD5
Removed Member From Class: ClassName=MCU_CORE Member=J1
Removed Member From Class: ClassName=MCU_CORE Member=L2
Removed Member From Class: ClassName=MCU_CORE Member=R62
Removed Member From Class: ClassName=MCU_CORE Member=R66
Removed Member From Class: ClassName=MCU_CORE Member=VD11
Removed Member From Class: ClassName=MCU_CORE Member=ZQ2
Added Component: Designator=DD?(STM-LQFP48_L)
Add component (AddParameter): Name = "A/D Converter"; Value = "2x12-bit (10 Channel)"; VariantName = "[No Variations]"
Add component (AddParameter): Name = "ComponentLink1Description"; Value = "Manufacturer URL"; VariantName = "[No Variations]"
Add component (AddParameter): Name = "ComponentLink1URL"; Value = "http://www.st.com/web/en/home.html"; VariantName = "[No Variations]"
Add component (AddParameter): Name = "ComponentLink2Description"; Value = "Datasheet"; VariantName = "[No Variations]"
Add component (AddParameter): Name = "ComponentLink2URL"; Value = "http://www.st.com/st-web-ui/static/active/en/resource/technical/document/datasheet/CD00161566.pdf"; VariantName = "[No Variations]"
Add component (AddParameter): Name = "ComponentLink3Description"; Value = "Package Specification"; VariantName = "[No Variations]"
Add component (AddParameter): Name = "ComponentLink3URL"; Value = "http://www.st.com/st-web-ui/static/active/en/resource/technical/document/datasheet/DM00058181.pdf"; VariantName = "[No Variations]"
Add component (AddParameter): Name = "Core"; Value = "ARM Cortex-M3"; VariantName = "[No Variations]"
Add component (AddParameter): Name = "DatasheetVersion"; Value = "Rev. 16"; VariantName = "[No Variations]"
Add component (AddParameter): Name = "FLASH Size (Prog) (kB)"; Value = "64"; VariantName = "[No Variations]"
Add component (AddParameter): Name = "I/Os (High Current)"; Value = "37"; VariantName = "[No Variations]"
Add component (AddParameter): Name = "Internal RAM Size (kB)"; Value = "20"; VariantName = "[No Variations]"
Add component (AddParameter): Name = "Mounting Technology"; Value = "Surface Mount"; VariantName = "[No Variations]"
Add component (AddParameter): Name = "Operating Frequency(F) (Processor speed) (MHz)"; Value = "72"; VariantName = "[No Variations]"
Add component (AddParameter): Name = "PackageDescription"; Value = "48-Pin Low Profile Quad Flat Package, 7 x 7 mm Body, 0.5 mm Pitch"; VariantName = "[No Variations]"
Add component (AddParameter): Name = "PackageReference"; Value = "LQFP48"; VariantName = "[No Variations]"
Add component (AddParameter): Name = "PackageVersion"; Value = "Rev. 6, 06/2013"; VariantName = "[No Variations]"
Add component (AddParameter): Name = "Packing"; Value = "Tray"; VariantName = "[No Variations]"
Add component (AddParameter): Name = "PartNumber"; Value = "STM32F103C8T6"; VariantName = "[No Variations]"
Add component (AddParameter): Name = "Supplier 1"; Value = "Digi-Key"; VariantName = "[No Variations]"
Add component (AddParameter): Name = "Supplier 2"; Value = "Farnell"; VariantName = "[No Variations]"
Add component (AddParameter): Name = "Supplier 3"; Value = "Newark"; VariantName = "[No Variations]"
Add component (AddParameter): Name = "Supplier 4"; Value = "Newark"; VariantName = "[No Variations]"
Add component (AddParameter): Name = "Supplier 5"; Value = "Mouser"; VariantName = "[No Variations]"
Add component (AddParameter): Name = "Supplier Part Number 1"; Value = "497-6063-ND"; VariantName = "[No Variations]"
Add component (AddParameter): Name = "Supplier Part Number 2"; Value = "1447637"; VariantName = "[No Variations]"
Add component (AddParameter): Name = "Supplier Part Number 3"; Value = "59M2182"; VariantName = "[No Variations]"
Add component (AddParameter): Name = "Supplier Part Number 4"; Value = "57P1222"; VariantName = "[No Variations]"
Add component (AddParameter): Name = "Supplier Part Number 5"; Value = "511-STM32F103C8T6"; VariantName = "[No Variations]"
Add component (AddParameter): Name = "Supply Voltage(Vcc) min (V)"; Value = "2"; VariantName = "[No Variations]"
Added Component: Designator=J?(SAMTEC_USB-B-S-X-X-TH)
Add component (AddParameter): Name = "Availability"; Value = "Unavailable"; VariantName = "[No Variations]"
Add component (AddParameter): Name = "MF"; Value = ""; VariantName = "[No Variations]"
Add component (AddParameter): Name = "MP"; Value = "USB-B-S-X-X-TH"; VariantName = "[No Variations]"
Add component (AddParameter): Name = "Package"; Value = "None"; VariantName = "[No Variations]"
Add component (AddParameter): Name = "Price"; Value = "None"; VariantName = "[No Variations]"
Add component (AddParameter): Name = "Value"; Value = ""; VariantName = "[No Variations]"
Added Component: Designator=R?(C0805R)
Add component (AddParameter): Name = "Published"; Value = "24.03.2010"; VariantName = "[No Variations]"
Add component (AddParameter): Name = "Publisher"; Value = "Andrew Danich"; VariantName = "[No Variations]"
Add component (AddParameter): Name = "Type"; Value = "Резистор"; VariantName = "[No Variations]"
Added Component: Designator=XS9(YX-XH-3)
Add component (AddParameter): Name = "Published"; Value = "07.03.2013"; VariantName = "[No Variations]"
Add component (AddParameter): Name = "Publisher"; Value = "Andrew Danich"; VariantName = "[No Variations]"
Add component (AddParameter): Name = "Type"; Value = "Розетка"; VariantName = "[No Variations]"
Add Pin To Net: Unknown Pin: Pin C1-1
Add Pin To Net: Unknown Pin: Pin C1-2
Added Pin To Net: NetName=3V3 Pin=DD?-1
Added Pin To Net: NetName=PH1 Pin=DD?-5
Added Pin To Net: NetName=PH0 Pin=DD?-6
Added Pin To Net: NetName=NRST Pin=DD?-7
Added Pin To Net: NetName=GND Pin=DD?-8
Added Pin To Net: NetName=3V3 Pin=DD?-9
Added Pin To Net: NetName=NetDD3_6 Pin=DD?-15
Added Pin To Net: NetName=NetDD3_2 Pin=DD?-16
Added Pin To Net: NetName=NetDD3_5 Pin=DD?-17
Added Pin To Net: NetName=I2C3_SCL Pin=DD?-21
Added Pin To Net: NetName=I2C3_SDA Pin=DD?-22
Added Pin To Net: NetName=GND Pin=DD?-23
Added Pin To Net: NetName=3V3 Pin=DD?-24
Added Pin To Net: NetName=DS18B20 Pin=DD?-30
Added Pin To Net: NetName=JTMS Pin=DD?-34
Added Pin To Net: NetName=GND Pin=DD?-35
Added Pin To Net: NetName=3V3 Pin=DD?-36
Added Pin To Net: NetName=JTCK Pin=DD?-37
Added Pin To Net: NetName=JTDI Pin=DD?-38
Added Pin To Net: NetName=JTDO Pin=DD?-39
Added Pin To Net: NetName=JNTRST Pin=DD?-40
Added Pin To Net: NetName=LCD_SCL Pin=DD?-42
Added Pin To Net: NetName=LCD_SDA Pin=DD?-43
Added Pin To Net: NetName=CAN1_RXD Pin=DD?-45
Added Pin To Net: NetName=CAN1_TXD Pin=DD?-46
Added Pin To Net: NetName=GND Pin=DD?-47
Added Pin To Net: NetName=3V3 Pin=DD?-48
Added Pin To Net: NetName=3V3 Pin=XS9-1
Added Pin To Net: NetName=DS18B20 Pin=XS9-2
Added Pin To Net: NetName=GND Pin=XS9-3
Change Net Name : Old Net Name=PH0 New Net Name=NetC34_2
Change Net Name : Old Net Name=PH1 New Net Name=NetC35_2
Added Pin To Net: NetName=NetDD?_32 Pin=DD?-32
Added Net: Name=NetDD?_32
Added Pin To Net: NetName=NetDD?_33 Pin=DD?-33
Added Net: Name=NetDD?_33
Added Pin To Net: NetName=NetDD?_44 Pin=DD?-44
Added Pin To Net: NetName=NetDD?_44 Pin=R64-2
Added Net: Name=NetDD?_44
Added Pin To Net: NetName=NetR8_1 Pin=R8-1
Added Pin To Net: NetName=NetR8_1 Pin=VD2-1
Added Net: Name=NetR8_1
Added Pin To Net: NetName=NetR13_1 Pin=R13-1
Added Pin To Net: NetName=NetR13_1 Pin=VD2-2
Added Net: Name=NetR13_1
Added Pin To Net: NetName=NetR?_1 Pin=R?-1
Added Pin To Net: NetName=NetR?_1 Pin=XS18-4
Added Net: Name=NetR?_1
Add Class Member: Failed to add class member : Component C1 10uFx10V
Added Member To Class: ClassName=MCU_CORE Member=Component DD? STM32F103C8T6
Added Member To Class: ClassName=USB Member=Component J? USB-B-S-X-X-TH
Added Member To Class: ClassName=MCU_CORE Member=Component R? 10k
Added Member To Class: ClassName=DS18B20 Member=Component XS9 DS18B20
Added Room: Name=CAN
Added Room: Name=DIRECTIONAL_COUPLER
Added Room: Name=DS18B20
Added Room: Name=EEPROM
Added Room: Name=FAN_CTRL
Added Room: Name=FLASH
Added Room: Name=IIC_LCD
Added Room: Name=JTAG_MCU
Added Room: Name=MCU_CORE
Added Room: Name=POWER_SUPPLY
Added Room: Name=SEQUENCER
Added Room: Name=USB
