Removed Pin From Net: NetName=GND Pin=DA3-2
Removed Pin From Net: NetName=GND Pin=DA4-2
Removed Pin From Net: NetName=GND Pin=DA6-2
Removed Pin From Net: NetName=GND Pin=DA7-2
Removed Pin From Net: NetName=BIAS Pin=R26-2
Removed Pin From Net: NetName=RELAY Pin=R30-2
Removed Pin From Net: NetName=PTT Pin=R57-2
Removed Pin From Net: NetName=LNA Pin=R60-2
Removed Pin From Net: NetName=NetVD9_1 Pin=XS12-3
Removed Pin From Net: NetName=GND Pin=XS12-5
Change Component Comment : Designator=XS18 Old Comment=KSD New Comment=LNA
Change Component Designator: OldDesignator=C16 NewDesignator=C17
Change Component Designator: OldDesignator=C17 NewDesignator=C18
Change Component Designator: OldDesignator=C19 NewDesignator=C20
Change Component Designator: OldDesignator=C20 NewDesignator=C21
Change Component Designator: OldDesignator=C21 NewDesignator=C33
Change Component Designator: OldDesignator=C22 NewDesignator=C34
Change Component Designator: OldDesignator=C23 NewDesignator=C22
Change Component Designator: OldDesignator=C24 NewDesignator=C23
Change Component Designator: OldDesignator=C25 NewDesignator=C24
Change Component Designator: OldDesignator=C26 NewDesignator=C25
Change Component Designator: OldDesignator=C27 NewDesignator=C26
Change Component Designator: OldDesignator=C28 NewDesignator=C27
Change Component Designator: OldDesignator=C29 NewDesignator=C28
Change Component Designator: OldDesignator=C30 NewDesignator=C29
Change Component Designator: OldDesignator=C31 NewDesignator=C30
Change Component Designator: OldDesignator=C32 NewDesignator=C31
Change Component Designator: OldDesignator=C33 NewDesignator=C32
Change Component Designator: OldDesignator=R24 NewDesignator=R47
Change Component Designator: OldDesignator=R25 NewDesignator=R48
Change Component Designator: OldDesignator=R26 NewDesignator=R45
Change Component Designator: OldDesignator=R27 NewDesignator=R51
Change Component Designator: OldDesignator=R28 NewDesignator=R52
Change Component Designator: OldDesignator=R29 NewDesignator=R46
Change Component Designator: OldDesignator=R30 NewDesignator=R49
Change Component Designator: OldDesignator=R31 NewDesignator=R50
Change Component Designator: OldDesignator=R32 NewDesignator=R57
Change Component Designator: OldDesignator=R33 NewDesignator=R58
Change Component Designator: OldDesignator=R34 NewDesignator=R24
Change Component Designator: OldDesignator=R35 NewDesignator=R25
Change Component Designator: OldDesignator=R36 NewDesignator=R26
Change Component Designator: OldDesignator=R37 NewDesignator=R27
Change Component Designator: OldDesignator=R38 NewDesignator=R28
Change Component Designator: OldDesignator=R39 NewDesignator=R29
Change Component Designator: OldDesignator=R40 NewDesignator=R30
Change Component Designator: OldDesignator=R41 NewDesignator=R31
Change Component Designator: OldDesignator=R42 NewDesignator=R32
Change Component Designator: OldDesignator=R43 NewDesignator=R33
Change Component Designator: OldDesignator=R44 NewDesignator=R34
Change Component Designator: OldDesignator=R45 NewDesignator=R35
Change Component Designator: OldDesignator=R46 NewDesignator=R36
Change Component Designator: OldDesignator=R47 NewDesignator=R37
Change Component Designator: OldDesignator=R48 NewDesignator=R38
Change Component Designator: OldDesignator=R49 NewDesignator=R39
Change Component Designator: OldDesignator=R50 NewDesignator=R40
Change Component Designator: OldDesignator=R51 NewDesignator=R41
Change Component Designator: OldDesignator=R52 NewDesignator=R42
Change Component Designator: OldDesignator=R53 NewDesignator=R43
Change Component Designator: OldDesignator=R54 NewDesignator=R44
Change Component Designator: OldDesignator=R55 NewDesignator=R59
Change Component Designator: OldDesignator=R56 NewDesignator=R62
Change Component Designator: OldDesignator=R57 NewDesignator=R60
Change Component Designator: OldDesignator=R58 NewDesignator=R61
Change Component Designator: OldDesignator=R59 NewDesignator=R65
Change Component Designator: OldDesignator=R60 NewDesignator=R66
Change Component Designator: OldDesignator=R61 NewDesignator=R67
Change Component Designator: OldDesignator=R62 NewDesignator=R68
Change Component Designator: OldDesignator=R63 NewDesignator=R71
Change Component Designator: OldDesignator=VD6 NewDesignator=VD7
Change Component Designator: OldDesignator=VD7 NewDesignator=VD6
Change Component Designator: OldDesignator=VT1 NewDesignator=VT2
Change Component Designator: OldDesignator=VT2 NewDesignator=VT4
Change Component Designator: OldDesignator=VT3 NewDesignator=VT1
Change Component Designator: OldDesignator=VT4 NewDesignator=VT3
Change Component Designator: OldDesignator=VT5 NewDesignator=VT8
Change Component Designator: OldDesignator=VT6 NewDesignator=VT7
Change Component Designator: OldDesignator=VT7 NewDesignator=VT10
Change Component Designator: OldDesignator=XS11 NewDesignator=XS15
Change Component Designator: OldDesignator=XS12 NewDesignator=XS14
Change Component Designator: OldDesignator=XS13 NewDesignator=XS11
Change Component Designator: OldDesignator=XS14 NewDesignator=XS12
Change Component Designator: OldDesignator=XS15 NewDesignator=XS13
Added Component: Designator=C11(C0805C)
Add component (AddParameter): Name = "Published"; Value = "18.05.2010"; VariantName = "[No Variations]"
Add component (AddParameter): Name = "Publisher"; Value = "Andrew Danich"; VariantName = "[No Variations]"
Add component (AddParameter): Name = "Type"; Value = "Конденсатор"; VariantName = "[No Variations]"
Added Component: Designator=C15(C0805C)
Add component (AddParameter): Name = "Published"; Value = "18.05.2010"; VariantName = "[No Variations]"
Add component (AddParameter): Name = "Publisher"; Value = "Andrew Danich"; VariantName = "[No Variations]"
Add component (AddParameter): Name = "Type"; Value = "Конденсатор"; VariantName = "[No Variations]"
Added Component: Designator=C16(C0805C)
Add component (AddParameter): Name = "Published"; Value = "18.05.2010"; VariantName = "[No Variations]"
Add component (AddParameter): Name = "Publisher"; Value = "Andrew Danich"; VariantName = "[No Variations]"
Add component (AddParameter): Name = "Type"; Value = "Конденсатор"; VariantName = "[No Variations]"
Added Component: Designator=C19(C0805C)
Add component (AddParameter): Name = "Published"; Value = "18.05.2010"; VariantName = "[No Variations]"
Add component (AddParameter): Name = "Publisher"; Value = "Andrew Danich"; VariantName = "[No Variations]"
Add component (AddParameter): Name = "Type"; Value = "Конденсатор"; VariantName = "[No Variations]"
Added Component: Designator=R4(C0805R)
Add component (AddParameter): Name = "Published"; Value = "24.03.2010"; VariantName = "[No Variations]"
Add component (AddParameter): Name = "Publisher"; Value = "Andrew Danich"; VariantName = "[No Variations]"
Add component (AddParameter): Name = "Type"; Value = "Резистор"; VariantName = "[No Variations]"
Added Component: Designator=R53(AXIAL-0.6)
Add component (AddParameter): Name = "Published"; Value = "24.03.2010"; VariantName = "[No Variations]"
Add component (AddParameter): Name = "Publisher"; Value = "Andrew Danich"; VariantName = "[No Variations]"
Add component (AddParameter): Name = "Type"; Value = "Резистор"; VariantName = "[No Variations]"
Added Component: Designator=R54(AXIAL-0.6)
Add component (AddParameter): Name = "Published"; Value = "24.03.2010"; VariantName = "[No Variations]"
Add component (AddParameter): Name = "Publisher"; Value = "Andrew Danich"; VariantName = "[No Variations]"
Add component (AddParameter): Name = "Type"; Value = "Резистор"; VariantName = "[No Variations]"
Added Component: Designator=R55(AXIAL-0.6)
Add component (AddParameter): Name = "Published"; Value = "24.03.2010"; VariantName = "[No Variations]"
Add component (AddParameter): Name = "Publisher"; Value = "Andrew Danich"; VariantName = "[No Variations]"
Add component (AddParameter): Name = "Type"; Value = "Резистор"; VariantName = "[No Variations]"
Added Component: Designator=R56(AXIAL-0.6)
Add component (AddParameter): Name = "Published"; Value = "24.03.2010"; VariantName = "[No Variations]"
Add component (AddParameter): Name = "Publisher"; Value = "Andrew Danich"; VariantName = "[No Variations]"
Add component (AddParameter): Name = "Type"; Value = "Резистор"; VariantName = "[No Variations]"
Added Component: Designator=R63(AXIAL-0.6)
Add component (AddParameter): Name = "Published"; Value = "24.03.2010"; VariantName = "[No Variations]"
Add component (AddParameter): Name = "Publisher"; Value = "Andrew Danich"; VariantName = "[No Variations]"
Add component (AddParameter): Name = "Type"; Value = "Резистор"; VariantName = "[No Variations]"
Added Component: Designator=R64(AXIAL-0.6)
Add component (AddParameter): Name = "Published"; Value = "24.03.2010"; VariantName = "[No Variations]"
Add component (AddParameter): Name = "Publisher"; Value = "Andrew Danich"; VariantName = "[No Variations]"
Add component (AddParameter): Name = "Type"; Value = "Резистор"; VariantName = "[No Variations]"
Added Component: Designator=R69(AXIAL-0.6)
Add component (AddParameter): Name = "Published"; Value = "24.03.2010"; VariantName = "[No Variations]"
Add component (AddParameter): Name = "Publisher"; Value = "Andrew Danich"; VariantName = "[No Variations]"
Add component (AddParameter): Name = "Type"; Value = "Резистор"; VariantName = "[No Variations]"
Added Component: Designator=R70(AXIAL-0.6)
Add component (AddParameter): Name = "Published"; Value = "24.03.2010"; VariantName = "[No Variations]"
Add component (AddParameter): Name = "Publisher"; Value = "Andrew Danich"; VariantName = "[No Variations]"
Add component (AddParameter): Name = "Type"; Value = "Резистор"; VariantName = "[No Variations]"
Added Component: Designator=VT5(TO-126)
Add component (AddParameter): Name = "Published"; Value = "07.05.2013"; VariantName = "[No Variations]"
Add component (AddParameter): Name = "Publisher"; Value = "Andrew Danich"; VariantName = "[No Variations]"
Add component (AddParameter): Name = "Type"; Value = "Транзистор"; VariantName = "[No Variations]"
Added Component: Designator=VT6(TO-126)
Add component (AddParameter): Name = "Published"; Value = "07.05.2013"; VariantName = "[No Variations]"
Add component (AddParameter): Name = "Publisher"; Value = "Andrew Danich"; VariantName = "[No Variations]"
Add component (AddParameter): Name = "Type"; Value = "Транзистор"; VariantName = "[No Variations]"
Added Component: Designator=VT9(TO-126)
Add component (AddParameter): Name = "Published"; Value = "07.05.2013"; VariantName = "[No Variations]"
Add component (AddParameter): Name = "Publisher"; Value = "Andrew Danich"; VariantName = "[No Variations]"
Add component (AddParameter): Name = "Type"; Value = "Транзистор"; VariantName = "[No Variations]"
Added Component: Designator=VT11(TO-126)
Add component (AddParameter): Name = "Published"; Value = "07.05.2013"; VariantName = "[No Variations]"
Add component (AddParameter): Name = "Publisher"; Value = "Andrew Danich"; VariantName = "[No Variations]"
Add component (AddParameter): Name = "Type"; Value = "Транзистор"; VariantName = "[No Variations]"
Added Component: Designator=XS3(YX-XH-3)
Add component (AddParameter): Name = "Published"; Value = "07.03.2013"; VariantName = "[No Variations]"
Add component (AddParameter): Name = "Publisher"; Value = "Andrew Danich"; VariantName = "[No Variations]"
Add component (AddParameter): Name = "Type"; Value = "Розетка"; VariantName = "[No Variations]"
Added Component: Designator=XS4(YX-XH-3)
Add component (AddParameter): Name = "Published"; Value = "07.03.2013"; VariantName = "[No Variations]"
Add component (AddParameter): Name = "Publisher"; Value = "Andrew Danich"; VariantName = "[No Variations]"
Add component (AddParameter): Name = "Type"; Value = "Розетка"; VariantName = "[No Variations]"
Added Component: Designator=XS5(YX-XH-3)
Add component (AddParameter): Name = "Published"; Value = "07.03.2013"; VariantName = "[No Variations]"
Add component (AddParameter): Name = "Publisher"; Value = "Andrew Danich"; VariantName = "[No Variations]"
Add component (AddParameter): Name = "Type"; Value = "Розетка"; VariantName = "[No Variations]"
Added Component: Designator=XS6(YX-XH-3)
Add component (AddParameter): Name = "Published"; Value = "07.03.2013"; VariantName = "[No Variations]"
Add component (AddParameter): Name = "Publisher"; Value = "Andrew Danich"; VariantName = "[No Variations]"
Add component (AddParameter): Name = "Type"; Value = "Розетка"; VariantName = "[No Variations]"
Add Pin To Net: Unknown Pin: Pin C1-1
Add Pin To Net: Unknown Pin: Pin C1-2
Add Pin To Net: Unknown Pin: Pin C6-1
Add Pin To Net: Unknown Pin: Pin C6-2
Added Pin To Net: NetName=GND Pin=C11-1
Added Pin To Net: NetName=GND Pin=C15-1
Added Pin To Net: NetName=+8V Pin=C15-2
Added Pin To Net: NetName=GND Pin=C16-1
Added Pin To Net: NetName=GND Pin=C19-1
Added Pin To Net: NetName=T_2 Pin=DD5-41
Added Pin To Net: NetName=3V3 Pin=R4-1
Added Pin To Net: NetName=DS18B20 Pin=R4-2
Added Pin To Net: NetName=+12V Pin=R45-2
Added Pin To Net: NetName=+18V Pin=R49-2
Added Pin To Net: NetName=RELAY Pin=R53-2
Added Pin To Net: NetName=BIAS Pin=R54-2
Added Pin To Net: NetName=GND Pin=R55-1
Added Pin To Net: NetName=GND Pin=R56-1
Added Pin To Net: NetName=+18V Pin=R60-2
Added Pin To Net: NetName=PTT Pin=R63-2
Added Pin To Net: NetName=GND Pin=R64-1
Added Pin To Net: NetName=+12V Pin=R66-2
Added Pin To Net: NetName=LNA Pin=R69-2
Added Pin To Net: NetName=GND Pin=R70-1
Added Pin To Net: NetName=GND Pin=VT5-3
Added Pin To Net: NetName=GND Pin=VT6-3
Added Pin To Net: NetName=GND Pin=VT9-3
Added Pin To Net: NetName=GND Pin=VT11-3
Added Pin To Net: NetName=3V3 Pin=XS3-1
Added Pin To Net: NetName=DS18B20 Pin=XS3-2
Added Pin To Net: NetName=GND Pin=XS3-3
Added Pin To Net: NetName=3V3 Pin=XS4-1
Added Pin To Net: NetName=DS18B20 Pin=XS4-2
Added Pin To Net: NetName=GND Pin=XS4-3
Added Pin To Net: NetName=3V3 Pin=XS5-1
Added Pin To Net: NetName=DS18B20 Pin=XS5-2
Added Pin To Net: NetName=GND Pin=XS5-3
Added Pin To Net: NetName=3V3 Pin=XS6-1
Added Pin To Net: NetName=DS18B20 Pin=XS6-2
Added Pin To Net: NetName=GND Pin=XS6-3
Added Pin To Net: NetName=GND Pin=XS14-3
Added Pin To Net: NetName=NetVD9_1 Pin=XS14-5
Change Net Name : Old Net Name=NetC16_2 New Net Name=NetC17_2
Change Net Name : Old Net Name=NetC17_2 New Net Name=NetC18_2
Change Net Name : Old Net Name=NetC19_2 New Net Name=NetC20_2
Change Net Name : Old Net Name=NetC20_2 New Net Name=NetC21_2
Change Net Name : Old Net Name=NetC22_1 New Net Name=NetC34_1
Change Net Name : Old Net Name=NetC23_2 New Net Name=NetC22_2
Change Net Name : Old Net Name=NetC24_2 New Net Name=NetC23_2
Change Net Name : Old Net Name=NetC33_2 New Net Name=NetC32_2
Change Net Name : Old Net Name=NetR24_2 New Net Name=NetR47_2
Change Net Name : Old Net Name=NetR25_1 New Net Name=NetR48_1
Change Net Name : Old Net Name=NetR28_2 New Net Name=NetR52_2
Change Net Name : Old Net Name=NetR29_2 New Net Name=NetR46_2
Change Net Name : Old Net Name=NetR32_1 New Net Name=NetR57_1
Change Net Name : Old Net Name=NetR34_1 New Net Name=NetR24_1
Change Net Name : Old Net Name=NetR36_1 New Net Name=NetR26_1
Change Net Name : Old Net Name=NetR38_2 New Net Name=NetR28_2
Change Net Name : Old Net Name=NetR55_2 New Net Name=NetR59_2
Change Net Name : Old Net Name=NetR56_1 New Net Name=NetR62_1
Change Net Name : Old Net Name=NetR59_2 New Net Name=NetR65_2
Change Net Name : Old Net Name=NetR62_1 New Net Name=NetR68_1
Change Net Name : Old Net Name=NetR62_2 New Net Name=NetR68_2
Change Net Name : Old Net Name=NetVD7_1 New Net Name=NetVD6_1
Change Net Name : Old Net Name=NetVT3_2 New Net Name=NetVT1_2
Added Pin To Net: NetName=NetC16_2 Pin=C16-2
Added Pin To Net: NetName=NetC16_2 Pin=R5-2
Added Pin To Net: NetName=NetC16_2 Pin=XS7-1
Added Net: Name=NetC16_2
Added Pin To Net: NetName=NetC19_2 Pin=C19-2
Added Pin To Net: NetName=NetC19_2 Pin=R10-2
Added Pin To Net: NetName=NetC19_2 Pin=XS7-3
Added Net: Name=NetC19_2
Added Pin To Net: NetName=NetDA3_2 Pin=DA3-2
Added Pin To Net: NetName=NetDA3_2 Pin=VT6-2
Added Net: Name=NetDA3_2
Added Pin To Net: NetName=NetDA4_2 Pin=DA4-2
Added Pin To Net: NetName=NetDA4_2 Pin=VT5-2
Added Net: Name=NetDA4_2
Added Pin To Net: NetName=NetDA6_2 Pin=DA6-2
Added Pin To Net: NetName=NetDA6_2 Pin=VT9-2
Added Net: Name=NetDA6_2
Added Pin To Net: NetName=NetDA7_2 Pin=DA7-2
Added Pin To Net: NetName=NetDA7_2 Pin=VT11-2
Added Net: Name=NetDA7_2
Added Pin To Net: NetName=NetR53_1 Pin=R53-1
Added Pin To Net: NetName=NetR53_1 Pin=R55-2
Added Pin To Net: NetName=NetR53_1 Pin=VT5-1
Added Net: Name=NetR53_1
Added Pin To Net: NetName=NetR54_1 Pin=R54-1
Added Pin To Net: NetName=NetR54_1 Pin=R56-2
Added Pin To Net: NetName=NetR54_1 Pin=VT6-1
Added Net: Name=NetR54_1
Added Pin To Net: NetName=NetR63_1 Pin=R63-1
Added Pin To Net: NetName=NetR63_1 Pin=R64-2
Added Pin To Net: NetName=NetR63_1 Pin=VT9-1
Added Net: Name=NetR63_1
Added Pin To Net: NetName=NetR69_1 Pin=R69-1
Added Pin To Net: NetName=NetR69_1 Pin=R70-2
Added Pin To Net: NetName=NetR69_1 Pin=VT11-1
Added Net: Name=NetR69_1
Add Class Member: Failed to add class member : Component C1 10uFx10V
Add Class Member: Failed to add class member : Component C6 10uFx10V
Added Member To Class: ClassName=POWER_SUPPLY Member=Component C11 0.33 uF
Added Member To Class: ClassName=DIRECTIONAL_COUPLER Member=Component C15 0.1uF
Added Member To Class: ClassName=DIRECTIONAL_COUPLER Member=Component C18 10n
Added Member To Class: ClassName=DIRECTIONAL_COUPLER Member=Component C21 10n
Added Member To Class: ClassName=DS18B20 Member=Component R4 4k7
Added Member To Class: ClassName=SEQ Member=Component R53 2k
Added Member To Class: ClassName=SEQ Member=Component R54 2k
Added Member To Class: ClassName=SEQ Member=Component R64 2k
Added Member To Class: ClassName=SEQ Member=Component R65 100k
Added Member To Class: ClassName=SEQ Member=Component R68 10k
Added Member To Class: ClassName=SEQ Member=Component R69 2k
Added Member To Class: ClassName=SEQ Member=Component R70 2k
Added Member To Class: ClassName=SEQ Member=Component R71 100k
Added Member To Class: ClassName=SEQ Member=Component VT8 2SC1815
Added Member To Class: ClassName=SEQ Member=Component VT9 BD139
Added Member To Class: ClassName=SEQ Member=Component VT10 2N3906
Added Member To Class: ClassName=SEQ Member=Component VT11 BD139
Added Member To Class: ClassName=DS18B20 Member=Component XS3 DS18B20
Added Member To Class: ClassName=DS18B20 Member=Component XS4 DS18B20
Added Member To Class: ClassName=DS18B20 Member=Component XS5 DS18B20
Added Member To Class: ClassName=DS18B20 Member=Component XS6 DS18B20
Added Room: Name=CAN
Added Room: Name=DIRECTIONAL_COUPLER
Added Room: Name=DS18B20
Added Room: Name=EEPROM
Added Room: Name=FAN_CTRL
Added Room: Name=FLASH
Added Room: Name=IIC_LCD
Added Room: Name=JTAG_MCU
Added Room: Name=MCU_CORE
Added Room: Name=POWER_SUPPLY
Added Room: Name=SEQ
Added Room: Name=USB
