Change Component Designator: Old Designator=C18 New Designator=C21
Change Component Designator: Old Designator=C19 New Designator=C22
Change Component Designator: Old Designator=DA4 New Designator=DA3
Change Component Designator: Old Designator=DA5 New Designator=DA4
Change Component Designator: Old Designator=DA6 New Designator=DA5
Change Component Designator: Old Designator=DA7 New Designator=DA6
Change Component Designator: Old Designator=R28 New Designator=R24
Change Component Designator: Old Designator=R29 New Designator=R25
Change Component Designator: Old Designator=R30 New Designator=R26
Change Component Designator: Old Designator=R31 New Designator=R27
Change Component Designator: Old Designator=R32 New Designator=R28
Change Component Designator: Old Designator=R33 New Designator=R29
Change Component Designator: Old Designator=R34 New Designator=R30
Change Component Designator: Old Designator=R35 New Designator=R32
Change Component Designator: Old Designator=R36 New Designator=R33
Change Component Designator: Old Designator=R61 New Designator=R31
Change Component Designator: Old Designator=VD7 New Designator=VD6
Change Component Designator: Old Designator=VD8 New Designator=VD7
Change Component Designator: Old Designator=XS13 New Designator=XS12
Change Component Designator: Old Designator=XS16 New Designator=XS11
